#
# A fatal error has been detected by the Java Runtime Environment:
#
#  EXCEPTION_ACCESS_VIOLATION (0xc0000005) at pc=0x00007fffa735e0a9, pid=14420, tid=11880
#
# JRE version: OpenJDK Runtime Environment Microsoft-8035246 (17.0.8+7) (build 17.0.8+7-LTS)
# Java VM: OpenJDK 64-Bit Server VM Microsoft-8035246 (17.0.8+7-LTS, mixed mode, sharing, tiered, compressed oops, compressed class ptrs, g1 gc, windows-amd64)
# Problematic frame:
# V  [jvm.dll+0x2be0a9]
#
# No core dump will be written. Minidumps are not enabled by default on client versions of Windows
#
# If you would like to submit a bug report, please visit:
#   https://github.com/microsoft/openjdk/issues
#

---------------  S U M M A R Y ------------

Command Line: -XX:MaxMetaspaceSize=512m --add-opens=java.base/java.util=ALL-UNNAMED --add-opens=java.base/java.lang=ALL-UNNAMED --add-opens=java.base/java.lang.invoke=ALL-UNNAMED --add-opens=java.prefs/java.util.prefs=ALL-UNNAMED --add-opens=java.base/java.nio.charset=ALL-UNNAMED --add-opens=java.base/java.net=ALL-UNNAMED --add-opens=java.base/java.util.concurrent.atomic=ALL-UNNAMED -Xmx4608m -Dfile.encoding=windows-1252 -Duser.country=IN -Duser.language=en -Duser.variant -javaagent:C:\Users\Lenovo\.gradle\wrapper\dists\gradle-8.3-all\6en3ugtfdg5xnpx44z4qbwgas\gradle-8.3\lib\agents\gradle-instrumentation-agent-8.3.jar org.gradle.launcher.daemon.bootstrap.GradleDaemon 8.3

Host: 11th Gen Intel(R) Core(TM) i3-1115G4 @ 3.00GHz, 4 cores, 7G,  Windows 11 , 64 bit Build 22621 (10.0.22621.3085)
Time: Fri Mar 15 21:23:45 2024 India Standard Time elapsed time: 26.364787 seconds (0d 0h 0m 26s)

---------------  T H R E A D  ---------------

Current thread (0x00000295b2f56ed0):  JavaThread "C2 CompilerThread0" daemon [_thread_in_native, id=11880, stack(0x000000fa64200000,0x000000fa64300000)]


Current CompileTask:
C2:  26364 15265   !   4       org.gradle.cache.internal.DefaultMultiProcessSafeIndexedCache::getIfPresent (25 bytes)

Stack: [0x000000fa64200000,0x000000fa64300000],  sp=0x000000fa642fb960,  free space=1006k
Native frames: (J=compiled Java code, j=interpreted, Vv=VM code, C=native code)
V  [jvm.dll+0x2be0a9]
V  [jvm.dll+0x21ba8b]
V  [jvm.dll+0x21944b]
V  [jvm.dll+0x1a56b6]
V  [jvm.dll+0x2291ea]
V  [jvm.dll+0x22724c]
V  [jvm.dll+0x7efd0c]
V  [jvm.dll+0x7ea13a]
V  [jvm.dll+0x67ad85]
C  [ucrtbase.dll+0x29363]
C  [KERNEL32.DLL+0x1257d]
C  [ntdll.dll+0x5aa58]


siginfo: EXCEPTION_ACCESS_VIOLATION (0xc0000005), reading address 0x0000000000000028


Register to memory mapping:

RIP=0x00007fffa735e0a9 jvm.dll
RAX=0x00000295d7dbc730 points into unknown readable memory: 0x0000000000000000 | 00 00 00 00 00 00 00 00
RBX=0x000000000000176d is an unknown value
RCX=0x0 is NULL
RDX=0x0 is NULL
RSP=0x000000fa642fb960 is pointing into the stack for thread: 0x00000295b2f56ed0
RBP=0x000000fa642fb9d0 is pointing into the stack for thread: 0x00000295b2f56ed0
RSI=0x0 is NULL
RDI=0x0000000000000048 is an unknown value
R8 =0x000000000000ffe0 is an unknown value
R9 =0x0 is NULL
R10=0x00007ff828e70000 VCRUNTIME140.dll
R11=0x00000295d7dbc750 points into unknown readable memory: 0x0000000000000000 | 00 00 00 00 00 00 00 00
R12=0x0000000000000050 is an unknown value
R13=0x0 is NULL
R14=0x0 is NULL
R15=0x000000fa642feb80 is pointing into the stack for thread: 0x00000295b2f56ed0


Registers:
RAX=0x00000295d7dbc730, RBX=0x000000000000176d, RCX=0x0000000000000000, RDX=0x0000000000000000
RSP=0x000000fa642fb960, RBP=0x000000fa642fb9d0, RSI=0x0000000000000000, RDI=0x0000000000000048
R8 =0x000000000000ffe0, R9 =0x0000000000000000, R10=0x00007ff828e70000, R11=0x00000295d7dbc750
R12=0x0000000000000050, R13=0x0000000000000000, R14=0x0000000000000000, R15=0x000000fa642feb80
RIP=0x00007fffa735e0a9, EFLAGS=0x0000000000010202

Top of Stack: (sp=0x000000fa642fb960)
0x000000fa642fb960:   000000000000176d 0000000000000000
0x000000fa642fb970:   000000fa642feb80 00007fffa72c38d1
0x000000fa642fb980:   00000295b2f3d3a0 00007fff00002000
0x000000fa642fb990:   00000295d7dbc730 0000029500000000
0x000000fa642fb9a0:   0000000000000002 00000295dea8c7b0
0x000000fa642fb9b0:   0000000000000002 00000295b2f3d3a0
0x000000fa642fb9c0:   0000000000000000 0000000000000000
0x000000fa642fb9d0:   00000295b2f41050 000002958f4b3fa0
0x000000fa642fb9e0:   0000000000000048 00007fffa79e4c08
0x000000fa642fb9f0:   000000fa642fbb00 00007fffa72bba8b
0x000000fa642fba00:   000000fa642feb80 00007fffa79e4c08
0x000000fa642fba10:   000000fa642feb80 000000fa642fbb00
0x000000fa642fba20:   0000029500000000 00007fffa76bb7fb
0x000000fa642fba30:   000000fa0000000f 000000fa642feb80
0x000000fa642fba40:   000000fa642fbbb0 0000000000000000
0x000000fa642fba50:   0000029500000100 00007fffa79e4c08 

Instructions: (pc=0x00007fffa735e0a9)
0x00007fffa735dfa9:   3b d0 75 0b ff c1 41 3b c9 7c dc 48 8b c2 c3 33
0x00007fffa735dfb9:   c0 c3 cc cc cc cc cc 48 89 5c 24 18 55 56 57 41
0x00007fffa735dfc9:   55 41 57 48 8b ec 48 83 ec 70 65 48 8b 04 25 58
0x00007fffa735dfd9:   00 00 00 48 8b f2 44 8b 05 d2 8b 90 00 4c 8b f9
0x00007fffa735dfe9:   4a 8b 1c c0 b8 50 00 00 00 80 3c 18 00 75 05 e8
0x00007fffa735dff9:   8b 6f 5d 00 b8 20 00 00 00 48 8b 04 18 48 8b 98
0x00007fffa735e009:   38 02 00 00 48 89 5d b0 c7 45 b8 04 00 00 00 48
0x00007fffa735e019:   8b 43 18 48 83 f8 df 76 18 4c 8d 05 37 a9 65 00
0x00007fffa735e029:   ba 20 00 00 00 48 8b cb e8 5a eb de ff 48 8b 43
0x00007fffa735e039:   18 48 8d 48 20 48 3b 4b 20 76 11 45 33 c0 48 8b
0x00007fffa735e049:   cb 41 8d 50 20 e8 fd e8 de ff eb 04 48 89 4b 18
0x00007fffa735e059:   44 8b 45 b8 33 d2 49 c1 e0 03 48 8b c8 48 89 45
0x00007fffa735e069:   c0 e8 e3 80 5d 00 45 33 ed 48 8d 4d d0 44 89 6d
0x00007fffa735e079:   c8 e8 01 59 56 00 41 8b 9f 40 02 00 00 41 2b 9f
0x00007fffa735e089:   68 02 00 00 44 89 6d f0 3b 5d b8 72 0b 8b d3 48
0x00007fffa735e099:   8d 4d b0 e8 6f b3 39 00 48 8b 45 c0 4c 89 2c d8
0x00007fffa735e0a9:   8b 7e 28 8b df c1 eb 05 3b 5d d0 72 0b 8b d3 48
0x00007fffa735e0b9:   8d 4d d0 e8 1f 59 56 00 48 8b 45 d8 83 e7 1f 48
0x00007fffa735e0c9:   8d 14 98 40 0f b6 cf 41 b8 01 00 00 00 41 d3 e0
0x00007fffa735e0d9:   8b 0a 8b c1 41 0b c0 89 02 41 85 c8 75 21 8b 5d
0x00007fffa735e0e9:   c8 8d 43 01 89 45 c8 3b 5d b8 72 0b 8b d3 48 8d
0x00007fffa735e0f9:   4d b0 e8 10 b3 39 00 48 8b 45 c0 48 89 34 d8 44
0x00007fffa735e109:   39 6d c8 0f 86 77 01 00 00 4c 89 a4 24 a0 00 00
0x00007fffa735e119:   00 4c 89 b4 24 a8 00 00 00 48 8b 45 c0 41 8b cd
0x00007fffa735e129:   48 8b 34 c8 8b 46 2c 25 ff 1f 00 00 3d 04 10 00
0x00007fffa735e139:   00 0f 85 a7 00 00 00 bb 01 00 00 00 39 5e 18 76
0x00007fffa735e149:   39 66 0f 1f 44 00 00 48 8b 46 08 8b cb 48 8b 14
0x00007fffa735e159:   c8 48 85 d2 74 1d 48 83 7a 10 00 74 16 80 7a 2c
0x00007fffa735e169:   84 74 10 e8 7f 7e ee ff 48 8b d0 49 8b cf e8 a4
0x00007fffa735e179:   61 f6 ff ff c3 3b 5e 18 72 cd 48 8b 5e 10 8b 46
0x00007fffa735e189:   20 4c 8d 34 c3 49 3b de 73 54 48 8b 3b 8b 47 2c
0x00007fffa735e199:   83 e0 03 3c 03 75 2e 48 8b 07 48 8b cf ff 90 88 


Stack slot to memory mapping:
stack at sp + 0 slots: 0x000000000000176d is an unknown value
stack at sp + 1 slots: 0x0 is NULL
stack at sp + 2 slots: 0x000000fa642feb80 is pointing into the stack for thread: 0x00000295b2f56ed0
stack at sp + 3 slots: 0x00007fffa72c38d1 jvm.dll
stack at sp + 4 slots: 0x00000295b2f3d3a0 points into unknown readable memory: 0x0000000000000006 | 06 00 00 00 00 00 00 00
stack at sp + 5 slots: 0x00007fff00002000 is an unknown value
stack at sp + 6 slots: 0x00000295d7dbc730 points into unknown readable memory: 0x0000000000000000 | 00 00 00 00 00 00 00 00
stack at sp + 7 slots: 0x0000029500000000 is an unknown value


---------------  P R O C E S S  ---------------

Threads class SMR info:
_java_thread_list=0x00000295dec99b90, length=92, elements={
0x000002958f49cbf0, 0x00000295b2f28800, 0x00000295b2f297d0, 0x00000295b2f41830,
0x00000295b2f44310, 0x00000295b2f44ed0, 0x00000295b2f48040, 0x00000295b2f56ed0,
0x00000295b2f79080, 0x00000295b2f79d40, 0x00000295b2f13180, 0x00000295d23056e0,
0x00000295d3cc2e10, 0x00000295d38252e0, 0x00000295d45726a0, 0x00000295d4b86480,
0x00000295d47c5f90, 0x00000295d3688d70, 0x00000295d368b0e0, 0x00000295d3689790,
0x00000295d368abd0, 0x00000295d368bb00, 0x00000295d368b5f0, 0x00000295d368a1b0,
0x00000295d3689ca0, 0x00000295d368c520, 0x00000295d368a6c0, 0x00000295d3689280,
0x00000295d46d6300, 0x00000295d46d53d0, 0x00000295d46d7740, 0x00000295d46d8160,
0x00000295d46d7c50, 0x00000295d46d2b50, 0x00000295d46d3060, 0x00000295d46d2640,
0x00000295d46d3570, 0x00000295d46d58e0, 0x00000295d46d44a0, 0x00000295d46d5df0,
0x00000295d46d4ec0, 0x00000295d46d3f90, 0x00000295d46d9090, 0x00000295d46d7230,
0x00000295d46d49b0, 0x00000295d46d6810, 0x00000295d46d2130, 0x00000295d46d9ab0,
0x00000295d6e807c0, 0x00000295d6e7ee70, 0x00000295d6e7d010, 0x00000295d6e7d520,
0x00000295d6e7da30, 0x00000295d6e7df40, 0x00000295d6e7e450, 0x00000295d6e7f380,
0x00000295d6e802b0, 0x00000295d6e7f890, 0x00000295d6e7fda0, 0x00000295d47f5160,
0x00000295d47f2df0, 0x00000295d47f3d20, 0x00000295d47f4230, 0x00000295d237f930,
0x00000295d47f3300, 0x00000295d47f3810, 0x00000295d47f5b80, 0x00000295d47f5670,
0x00000295d47f1ec0, 0x00000295d47f23d0, 0x00000295d47f65a0, 0x00000295d47f6ab0,
0x00000295d47f6fc0, 0x00000295d47f19b0, 0x00000295deca7d20, 0x00000295deca9b80,
0x00000295deca68e0, 0x00000295deca54a0, 0x00000295decaaab0, 0x00000295deca9670,
0x00000295decaa090, 0x00000295deca4a80, 0x00000295deca4060, 0x00000295deca4570,
0x00000295decab9e0, 0x00000295decaa5a0, 0x00000295deca6df0, 0x00000295deca4f90,
0x00000295deca59b0, 0x00000295deca8230, 0x00000295decaafc0, 0x00000295deca63d0
}

Java Threads: ( => current thread )
  0x000002958f49cbf0 JavaThread "main" [_thread_blocked, id=15784, stack(0x000000fa63500000,0x000000fa63600000)]
  0x00000295b2f28800 JavaThread "Reference Handler" daemon [_thread_blocked, id=6672, stack(0x000000fa63c00000,0x000000fa63d00000)]
  0x00000295b2f297d0 JavaThread "Finalizer" daemon [_thread_blocked, id=12816, stack(0x000000fa63d00000,0x000000fa63e00000)]
  0x00000295b2f41830 JavaThread "Signal Dispatcher" daemon [_thread_blocked, id=4088, stack(0x000000fa63e00000,0x000000fa63f00000)]
  0x00000295b2f44310 JavaThread "Attach Listener" daemon [_thread_blocked, id=1576, stack(0x000000fa63f00000,0x000000fa64000000)]
  0x00000295b2f44ed0 JavaThread "Service Thread" daemon [_thread_blocked, id=1608, stack(0x000000fa64000000,0x000000fa64100000)]
  0x00000295b2f48040 JavaThread "Monitor Deflation Thread" daemon [_thread_blocked, id=4496, stack(0x000000fa64100000,0x000000fa64200000)]
=>0x00000295b2f56ed0 JavaThread "C2 CompilerThread0" daemon [_thread_in_native, id=11880, stack(0x000000fa64200000,0x000000fa64300000)]
  0x00000295b2f79080 JavaThread "C1 CompilerThread0" daemon [_thread_blocked, id=10460, stack(0x000000fa64300000,0x000000fa64400000)]
  0x00000295b2f79d40 JavaThread "Sweeper thread" daemon [_thread_blocked, id=3176, stack(0x000000fa64400000,0x000000fa64500000)]
  0x00000295b2f13180 JavaThread "Common-Cleaner" daemon [_thread_blocked, id=3208, stack(0x000000fa64500000,0x000000fa64600000)]
  0x00000295d23056e0 JavaThread "Notification Thread" daemon [_thread_blocked, id=16424, stack(0x000000fa64600000,0x000000fa64700000)]
  0x00000295d3cc2e10 JavaThread "Daemon health stats" [_thread_blocked, id=16416, stack(0x000000fa64c00000,0x000000fa64d00000)]
  0x00000295d38252e0 JavaThread "Incoming local TCP Connector on port 50086" [_thread_in_native, id=14236, stack(0x000000fa64d00000,0x000000fa64e00000)]
  0x00000295d45726a0 JavaThread "Daemon periodic checks" [_thread_blocked, id=6392, stack(0x000000fa64e00000,0x000000fa64f00000)]
  0x00000295d4b86480 JavaThread "Daemon" [_thread_blocked, id=7504, stack(0x000000fa64f00000,0x000000fa65000000)]
  0x00000295d47c5f90 JavaThread "Handler for socket connection from /127.0.0.1:50086 to /127.0.0.1:50087" [_thread_in_native, id=2148, stack(0x000000fa65000000,0x000000fa65100000)]
  0x00000295d3688d70 JavaThread "Cancel handler" [_thread_blocked, id=6336, stack(0x000000fa65100000,0x000000fa65200000)]
  0x00000295d368b0e0 JavaThread "Daemon worker" [_thread_blocked, id=4116, stack(0x000000fa65200000,0x000000fa65300000)]
  0x00000295d3689790 JavaThread "Asynchronous log dispatcher for DefaultDaemonConnection: socket connection from /127.0.0.1:50086 to /127.0.0.1:50087" [_thread_blocked, id=1124, stack(0x000000fa65300000,0x000000fa65400000)]
  0x00000295d368abd0 JavaThread "Stdin handler" [_thread_blocked, id=4132, stack(0x000000fa65400000,0x000000fa65500000)]
  0x00000295d368bb00 JavaThread "Daemon client event forwarder" [_thread_blocked, id=15732, stack(0x000000fa65500000,0x000000fa65600000)]
  0x00000295d368b5f0 JavaThread "Cache worker for journal cache (C:\Users\Lenovo\.gradle\caches\journal-1)" [_thread_blocked, id=14896, stack(0x000000fa65600000,0x000000fa65700000)]
  0x00000295d368a1b0 JavaThread "File lock request listener" [_thread_in_native, id=3996, stack(0x000000fa65700000,0x000000fa65800000)]
  0x00000295d3689ca0 JavaThread "Cache worker for file hash cache (C:\Users\Lenovo\.gradle\caches\8.3\fileHashes)" [_thread_blocked, id=17832, stack(0x000000fa65800000,0x000000fa65900000)]
  0x00000295d368c520 JavaThread "File watcher server" daemon [_thread_in_native, id=6000, stack(0x000000fa65900000,0x000000fa65a00000)]
  0x00000295d368a6c0 JavaThread "File watcher consumer" daemon [_thread_blocked, id=6452, stack(0x000000fa65a00000,0x000000fa65b00000)]
  0x00000295d3689280 JavaThread "Cache worker for checksums cache (D:\all projects\Native cli\Myportfolio\PortfolioProject\android\.gradle\8.3\checksums)" [_thread_blocked, id=9048, stack(0x000000fa65b00000,0x000000fa65c00000)]
  0x00000295d46d6300 JavaThread "Cache worker for file hash cache (D:\all projects\Native cli\Myportfolio\PortfolioProject\android\.gradle\8.3\fileHashes)" [_thread_blocked, id=2536, stack(0x000000fa65c00000,0x000000fa65d00000)]
  0x00000295d46d53d0 JavaThread "Cache worker for cache directory md-supplier (C:\Users\Lenovo\.gradle\caches\8.3\md-supplier)" [_thread_blocked, id=4204, stack(0x000000fa65d00000,0x000000fa65e00000)]
  0x00000295d46d7740 JavaThread "Cache worker for file content cache (C:\Users\Lenovo\.gradle\caches\8.3\fileContent)" [_thread_blocked, id=6824, stack(0x000000fa65e00000,0x000000fa65f00000)]
  0x00000295d46d8160 JavaThread "Cache worker for cache directory md-rule (C:\Users\Lenovo\.gradle\caches\8.3\md-rule)" [_thread_blocked, id=16372, stack(0x000000fa65f00000,0x000000fa66000000)]
  0x00000295d46d7c50 JavaThread "Cache worker for execution history cache (C:\Users\Lenovo\.gradle\caches\8.3\executionHistory)" [_thread_blocked, id=17968, stack(0x000000fa66000000,0x000000fa66100000)]
  0x00000295d46d2b50 JavaThread "jar transforms" [_thread_blocked, id=10312, stack(0x000000fa66100000,0x000000fa66200000)]
  0x00000295d46d3060 JavaThread "jar transforms Thread 2" [_thread_blocked, id=816, stack(0x000000fa66200000,0x000000fa66300000)]
  0x00000295d46d2640 JavaThread "jar transforms Thread 3" [_thread_blocked, id=14904, stack(0x000000fa66300000,0x000000fa66400000)]
  0x00000295d46d3570 JavaThread "jar transforms Thread 4" [_thread_blocked, id=6324, stack(0x000000fa66400000,0x000000fa66500000)]
  0x00000295d46d58e0 JavaThread "Cache worker for kotlin-dsl (C:\Users\Lenovo\.gradle\caches\8.3\kotlin-dsl)" [_thread_blocked, id=4216, stack(0x000000fa66500000,0x000000fa66600000)]
  0x00000295d46d44a0 JavaThread "Unconstrained build operations" [_thread_blocked, id=16552, stack(0x000000fa66600000,0x000000fa66700000)]
  0x00000295d46d5df0 JavaThread "Unconstrained build operations Thread 2" [_thread_blocked, id=9348, stack(0x000000fa66700000,0x000000fa66800000)]
  0x00000295d46d4ec0 JavaThread "Cache worker for dependencies-accessors (D:\all projects\Native cli\Myportfolio\PortfolioProject\android\.gradle\8.3\dependencies-accessors)" [_thread_blocked, id=8124, stack(0x000000fa66800000,0x000000fa66900000)]
  0x00000295d46d3f90 JavaThread "Cache worker for Build Output Cleanup Cache (D:\all projects\Native cli\Myportfolio\PortfolioProject\node_modules\@react-native\gradle-plugin\.gradle\buildOutputCleanup)" [_thread_blocked, id=13624, stack(0x000000fa66900000,0x000000fa66a00000)]
  0x00000295d46d9090 JavaThread "Unconstrained build operations Thread 3" [_thread_blocked, id=8584, stack(0x000000fa66a00000,0x000000fa66b00000)]
  0x00000295d46d7230 JavaThread "Unconstrained build operations Thread 4" [_thread_blocked, id=9172, stack(0x000000fa66b00000,0x000000fa66c00000)]
  0x00000295d46d49b0 JavaThread "Unconstrained build operations Thread 5" [_thread_blocked, id=12916, stack(0x000000fa66c00000,0x000000fa66d00000)]
  0x00000295d46d6810 JavaThread "Memory manager" [_thread_blocked, id=1764, stack(0x000000fa66e00000,0x000000fa66f00000)]
  0x00000295d46d2130 JavaThread "Cache worker for Build Output Cleanup Cache (D:\all projects\Native cli\Myportfolio\PortfolioProject\android\.gradle\buildOutputCleanup)" [_thread_blocked, id=6512, stack(0x000000fa66f00000,0x000000fa67000000)]
  0x00000295d46d9ab0 JavaThread "ForkJoinPool.commonPool-worker-1" daemon [_thread_blocked, id=17652, stack(0x000000fa67000000,0x000000fa67100000)]
  0x00000295d6e807c0 JavaThread "ForkJoinPool.commonPool-worker-2" daemon [_thread_blocked, id=9868, stack(0x000000fa67100000,0x000000fa67200000)]
  0x00000295d6e7ee70 JavaThread "ForkJoinPool.commonPool-worker-3" daemon [_thread_blocked, id=15652, stack(0x000000fa67200000,0x000000fa67300000)]
  0x00000295d6e7d010 JavaThread "included builds" [_thread_blocked, id=6024, stack(0x000000fa67300000,0x000000fa67400000)]
  0x00000295d6e7d520 JavaThread "Execution worker" [_thread_blocked, id=16152, stack(0x000000fa67400000,0x000000fa67500000)]
  0x00000295d6e7da30 JavaThread "Execution worker Thread 2" [_thread_blocked, id=4720, stack(0x000000fa67500000,0x000000fa67600000)]
  0x00000295d6e7df40 JavaThread "Execution worker Thread 3" [_thread_blocked, id=8492, stack(0x000000fa67600000,0x000000fa67700000)]
  0x00000295d6e7e450 JavaThread "Cache worker for execution history cache (D:\all projects\Native cli\Myportfolio\PortfolioProject\node_modules\@react-native\gradle-plugin\.gradle\8.3\executionHistory)" [_thread_blocked, id=6416, stack(0x000000fa67700000,0x000000fa67800000)]
  0x00000295d6e7f380 JavaThread "Unconstrained build operations Thread 6" [_thread_blocked, id=1144, stack(0x000000fa67800000,0x000000fa67900000)]
  0x00000295d6e802b0 JavaThread "Unconstrained build operations Thread 7" [_thread_blocked, id=7452, stack(0x000000fa67900000,0x000000fa67a00000)]
  0x00000295d6e7f890 JavaThread "Unconstrained build operations Thread 8" [_thread_blocked, id=3432, stack(0x000000fa67a00000,0x000000fa67b00000)]
  0x00000295d6e7fda0 JavaThread "Unconstrained build operations Thread 9" [_thread_blocked, id=7904, stack(0x000000fa67b00000,0x000000fa67c00000)]
  0x00000295d47f5160 JavaThread "Unconstrained build operations Thread 10" [_thread_blocked, id=9252, stack(0x000000fa67c00000,0x000000fa67d00000)]
  0x00000295d47f2df0 JavaThread "Unconstrained build operations Thread 11" [_thread_blocked, id=9272, stack(0x000000fa67d00000,0x000000fa67e00000)]
  0x00000295d47f3d20 JavaThread "Unconstrained build operations Thread 12" [_thread_blocked, id=16616, stack(0x000000fa67e00000,0x000000fa67f00000)]
  0x00000295d47f4230 JavaThread "Unconstrained build operations Thread 13" [_thread_blocked, id=3240, stack(0x000000fa67f00000,0x000000fa68000000)]
  0x00000295d237f930 JavaThread "C2 CompilerThread1" daemon [_thread_in_native, id=8272, stack(0x000000fa64a00000,0x000000fa64b00000)]
  0x00000295d47f3300 JavaThread "Unconstrained build operations Thread 14" [_thread_blocked, id=17692, stack(0x000000fa68000000,0x000000fa68100000)]
  0x00000295d47f3810 JavaThread "Unconstrained build operations Thread 15" [_thread_blocked, id=2772, stack(0x000000fa68100000,0x000000fa68200000)]
  0x00000295d47f5b80 JavaThread "Unconstrained build operations Thread 16" [_thread_blocked, id=12796, stack(0x000000fa68200000,0x000000fa68300000)]
  0x00000295d47f5670 JavaThread "Unconstrained build operations Thread 17" [_thread_blocked, id=6020, stack(0x000000fa68300000,0x000000fa68400000)]
  0x00000295d47f1ec0 JavaThread "Unconstrained build operations Thread 18" [_thread_blocked, id=15644, stack(0x000000fa68400000,0x000000fa68500000)]
  0x00000295d47f23d0 JavaThread "Unconstrained build operations Thread 19" [_thread_blocked, id=2112, stack(0x000000fa68500000,0x000000fa68600000)]
  0x00000295d47f65a0 JavaThread "Unconstrained build operations Thread 20" [_thread_blocked, id=11024, stack(0x000000fa68600000,0x000000fa68700000)]
  0x00000295d47f6ab0 JavaThread "Unconstrained build operations Thread 21" [_thread_blocked, id=9740, stack(0x000000fa68700000,0x000000fa68800000)]
  0x00000295d47f6fc0 JavaThread "Unconstrained build operations Thread 22" [_thread_blocked, id=612, stack(0x000000fa68800000,0x000000fa68900000)]
  0x00000295d47f19b0 JavaThread "Unconstrained build operations Thread 23" [_thread_blocked, id=6556, stack(0x000000fa68900000,0x000000fa68a00000)]
  0x00000295deca7d20 JavaThread "Unconstrained build operations Thread 24" [_thread_blocked, id=4992, stack(0x000000fa68a00000,0x000000fa68b00000)]
  0x00000295deca9b80 JavaThread "Unconstrained build operations Thread 25" [_thread_blocked, id=3460, stack(0x000000fa68b00000,0x000000fa68c00000)]
  0x00000295deca68e0 JavaThread "Unconstrained build operations Thread 26" [_thread_blocked, id=7812, stack(0x000000fa68c00000,0x000000fa68d00000)]
  0x00000295deca54a0 JavaThread "Unconstrained build operations Thread 27" [_thread_blocked, id=8256, stack(0x000000fa68d00000,0x000000fa68e00000)]
  0x00000295decaaab0 JavaThread "Unconstrained build operations Thread 28" [_thread_blocked, id=15736, stack(0x000000fa68e00000,0x000000fa68f00000)]
  0x00000295deca9670 JavaThread "Unconstrained build operations Thread 29" [_thread_blocked, id=12480, stack(0x000000fa68f00000,0x000000fa69000000)]
  0x00000295decaa090 JavaThread "Cache worker for execution history cache (D:\all projects\Native cli\Myportfolio\PortfolioProject\android\.gradle\8.3\executionHistory)" [_thread_blocked, id=16808, stack(0x000000fa69000000,0x000000fa69100000)]
  0x00000295deca4a80 JavaThread "Unconstrained build operations Thread 30" [_thread_blocked, id=4448, stack(0x000000fa69100000,0x000000fa69200000)]
  0x00000295deca4060 JavaThread "Unconstrained build operations Thread 31" [_thread_blocked, id=11156, stack(0x000000fa69200000,0x000000fa69300000)]
  0x00000295deca4570 JavaThread "Unconstrained build operations Thread 32" [_thread_blocked, id=11124, stack(0x000000fa69300000,0x000000fa69400000)]
  0x00000295decab9e0 JavaThread "Unconstrained build operations Thread 33" [_thread_blocked, id=1904, stack(0x000000fa69400000,0x000000fa69500000)]
  0x00000295decaa5a0 JavaThread "Unconstrained build operations Thread 34" [_thread_blocked, id=17436, stack(0x000000fa69500000,0x000000fa69600000)]
  0x00000295deca6df0 JavaThread "Unconstrained build operations Thread 35" [_thread_blocked, id=9924, stack(0x000000fa69600000,0x000000fa69700000)]
  0x00000295deca4f90 JavaThread "Unconstrained build operations Thread 36" [_thread_blocked, id=11672, stack(0x000000fa69700000,0x000000fa69800000)]
  0x00000295deca59b0 JavaThread "Unconstrained build operations Thread 37" [_thread_blocked, id=4388, stack(0x000000fa69800000,0x000000fa69900000)]
  0x00000295deca8230 JavaThread "Unconstrained build operations Thread 38" [_thread_blocked, id=12428, stack(0x000000fa69900000,0x000000fa69a00000)]
  0x00000295decaafc0 JavaThread "Unconstrained build operations Thread 39" [_thread_blocked, id=8448, stack(0x000000fa69a00000,0x000000fa69b00000)]
  0x00000295deca63d0 JavaThread "Unconstrained build operations Thread 40" [_thread_blocked, id=2088, stack(0x000000fa69b00000,0x000000fa69c00000)]

Other Threads:
  0x00000295b2f259e0 VMThread "VM Thread" [stack: 0x000000fa63b00000,0x000000fa63c00000] [id=10632]
  0x000002958f51bfc0 WatcherThread [stack: 0x000000fa64700000,0x000000fa64800000] [id=15928]
  0x000002958f50ab10 GCTaskThread "GC Thread#0" [stack: 0x000000fa63600000,0x000000fa63700000] [id=18296]
  0x00000295d237f3b0 GCTaskThread "GC Thread#1" [stack: 0x000000fa64800000,0x000000fa64900000] [id=16368]
  0x00000295d237f670 GCTaskThread "GC Thread#2" [stack: 0x000000fa64900000,0x000000fa64a00000] [id=2664]
  0x00000295d23d1f90 GCTaskThread "GC Thread#3" [stack: 0x000000fa64b00000,0x000000fa64c00000] [id=17152]
  0x000002958f514a60 ConcurrentGCThread "G1 Main Marker" [stack: 0x000000fa63700000,0x000000fa63800000] [id=560]
  0x000002958f515470 ConcurrentGCThread "G1 Conc#0" [stack: 0x000000fa63800000,0x000000fa63900000] [id=1560]
  0x00000295b2df20b0 ConcurrentGCThread "G1 Refine#0" [stack: 0x000000fa63900000,0x000000fa63a00000] [id=9692]
  0x00000295d7445ad0 ConcurrentGCThread "G1 Refine#1" [stack: 0x000000fa66d00000,0x000000fa66e00000] [id=4744]
  0x00000295b2df2ae0 ConcurrentGCThread "G1 Service" [stack: 0x000000fa63a00000,0x000000fa63b00000] [id=10556]

Threads with active compile tasks:
C2 CompilerThread0    26410 15265   !   4       org.gradle.cache.internal.DefaultMultiProcessSafeIndexedCache::getIfPresent (25 bytes)
C2 CompilerThread1    26410 15288   !   4       java.util.concurrent.locks.AbstractQueuedSynchronizer::acquire (407 bytes)

VM state: at safepoint (normal execution)

VM Mutex/Monitor currently owned by a thread:  ([mutex/lock_event])
[0x000002958f4979a0] Threads_lock - owner thread: 0x00000295b2f259e0
[0x000002958f498570] Heap_lock - owner thread: 0x00000295d3689ca0

Heap address: 0x00000006e0000000, size: 4608 MB, Compressed Oops mode: Zero based, Oop shift amount: 3

CDS archive(s) mapped at: [0x00000295b3000000-0x00000295b3bd0000-0x00000295b3bd0000), size 12386304, SharedBaseAddress: 0x00000295b3000000, ArchiveRelocationMode: 1.
Compressed class space mapped at: 0x00000295b4000000-0x00000295ce000000, reserved size: 436207616
Narrow klass base: 0x00000295b3000000, Narrow klass shift: 0, Narrow klass range: 0x100000000

GC Precious Log:
 CPUs: 4 total, 4 available
 Memory: 7991M
 Large Page Support: Disabled
 NUMA Support: Disabled
 Compressed Oops: Enabled (Zero based)
 Heap Region Size: 4M
 Heap Min Capacity: 8M
 Heap Initial Capacity: 128M
 Heap Max Capacity: 4608M
 Pre-touch: Disabled
 Parallel Workers: 4
 Concurrent Workers: 1
 Concurrent Refinement Workers: 4
 Periodic GC: Disabled

Heap:
 garbage-first heap   total 319488K, used 246676K [0x00000006e0000000, 0x0000000800000000)
  region size 4096K, 24 young (98304K), 2 survivors (8192K)
 Metaspace       used 101626K, committed 102656K, reserved 557056K
  class space    used 14102K, committed 14592K, reserved 425984K

Heap Regions: E=young(eden), S=young(survivor), O=old, HS=humongous(starts), HC=humongous(continues), CS=collection set, F=free, OA=open archive, CA=closed archive, TAMS=top-at-mark-start (previous, next)
|   0|0x00000006e0000000, 0x00000006e0400000, 0x00000006e0400000|100%|HS|  |TAMS 0x00000006e0400000, 0x00000006e0000000| Complete 
|   1|0x00000006e0400000, 0x00000006e0800000, 0x00000006e0800000|100%| O|  |TAMS 0x00000006e0800000, 0x00000006e0400000| Untracked 
|   2|0x00000006e0800000, 0x00000006e0c00000, 0x00000006e0c00000|100%| O|  |TAMS 0x00000006e0c00000, 0x00000006e0800000| Untracked 
|   3|0x00000006e0c00000, 0x00000006e1000000, 0x00000006e1000000|100%| O|  |TAMS 0x00000006e1000000, 0x00000006e0c00000| Untracked 
|   4|0x00000006e1000000, 0x00000006e1400000, 0x00000006e1400000|100%| O|  |TAMS 0x00000006e1000000, 0x00000006e1000000| Untracked 
|   5|0x00000006e1400000, 0x00000006e1800000, 0x00000006e1800000|100%| O|  |TAMS 0x00000006e1800000, 0x00000006e1400000| Untracked 
|   6|0x00000006e1800000, 0x00000006e1c00000, 0x00000006e1c00000|100%| O|  |TAMS 0x00000006e1c00000, 0x00000006e1800000| Untracked 
|   7|0x00000006e1c00000, 0x00000006e2000000, 0x00000006e2000000|100%| O|  |TAMS 0x00000006e2000000, 0x00000006e1c00000| Untracked 
|   8|0x00000006e2000000, 0x00000006e2400000, 0x00000006e2400000|100%|HS|  |TAMS 0x00000006e2400000, 0x00000006e2000000| Complete 
|   9|0x00000006e2400000, 0x00000006e2800000, 0x00000006e2800000|100%| O|  |TAMS 0x00000006e2800000, 0x00000006e2400000| Untracked 
|  10|0x00000006e2800000, 0x00000006e2c00000, 0x00000006e2c00000|100%|HS|  |TAMS 0x00000006e2c00000, 0x00000006e2800000| Complete 
|  11|0x00000006e2c00000, 0x00000006e3000000, 0x00000006e3000000|100%| O|  |TAMS 0x00000006e3000000, 0x00000006e2c00000| Untracked 
|  12|0x00000006e3000000, 0x00000006e3400000, 0x00000006e3400000|100%| O|  |TAMS 0x00000006e3400000, 0x00000006e3000000| Untracked 
|  13|0x00000006e3400000, 0x00000006e3800000, 0x00000006e3800000|100%| O|  |TAMS 0x00000006e3800000, 0x00000006e3400000| Untracked 
|  14|0x00000006e3800000, 0x00000006e3c00000, 0x00000006e3c00000|100%| O|  |TAMS 0x00000006e3c00000, 0x00000006e3800000| Untracked 
|  15|0x00000006e3c00000, 0x00000006e4000000, 0x00000006e4000000|100%| O|  |TAMS 0x00000006e4000000, 0x00000006e3c00000| Untracked 
|  16|0x00000006e4000000, 0x00000006e4400000, 0x00000006e4400000|100%| O|  |TAMS 0x00000006e4400000, 0x00000006e4000000| Untracked 
|  17|0x00000006e4400000, 0x00000006e4800000, 0x00000006e4800000|100%| O|  |TAMS 0x00000006e4800000, 0x00000006e4400000| Untracked 
|  18|0x00000006e4800000, 0x00000006e4c00000, 0x00000006e4c00000|100%| O|  |TAMS 0x00000006e4ab9e00, 0x00000006e4800000| Untracked 
|  19|0x00000006e4c00000, 0x00000006e5000000, 0x00000006e5000000|100%| O|  |TAMS 0x00000006e4c00000, 0x00000006e4c00000| Untracked 
|  20|0x00000006e5000000, 0x00000006e5400000, 0x00000006e5400000|100%| O|  |TAMS 0x00000006e5000000, 0x00000006e5000000| Untracked 
|  21|0x00000006e5400000, 0x00000006e5800000, 0x00000006e5800000|100%| O|  |TAMS 0x00000006e5400000, 0x00000006e5400000| Untracked 
|  22|0x00000006e5800000, 0x00000006e5c00000, 0x00000006e5c00000|100%| O|  |TAMS 0x00000006e5800000, 0x00000006e5800000| Untracked 
|  23|0x00000006e5c00000, 0x00000006e6000000, 0x00000006e6000000|100%| O|  |TAMS 0x00000006e5c00000, 0x00000006e5c00000| Untracked 
|  24|0x00000006e6000000, 0x00000006e6400000, 0x00000006e6400000|100%| O|  |TAMS 0x00000006e6000000, 0x00000006e6000000| Untracked 
|  25|0x00000006e6400000, 0x00000006e6800000, 0x00000006e6800000|100%| O|  |TAMS 0x00000006e6400000, 0x00000006e6400000| Untracked 
|  26|0x00000006e6800000, 0x00000006e6c00000, 0x00000006e6c00000|100%| O|  |TAMS 0x00000006e6800000, 0x00000006e6800000| Untracked 
|  27|0x00000006e6c00000, 0x00000006e7000000, 0x00000006e7000000|100%| O|  |TAMS 0x00000006e6c00000, 0x00000006e6c00000| Untracked 
|  28|0x00000006e7000000, 0x00000006e7400000, 0x00000006e7400000|100%| O|  |TAMS 0x00000006e7000000, 0x00000006e7000000| Untracked 
|  29|0x00000006e7400000, 0x00000006e7800000, 0x00000006e7800000|100%| O|  |TAMS 0x00000006e7400000, 0x00000006e7400000| Untracked 
|  30|0x00000006e7800000, 0x00000006e7c00000, 0x00000006e7c00000|100%| O|  |TAMS 0x00000006e7800000, 0x00000006e7800000| Untracked 
|  31|0x00000006e7c00000, 0x00000006e8000000, 0x00000006e8000000|100%| O|  |TAMS 0x00000006e7c00000, 0x00000006e7c00000| Untracked 
|  32|0x00000006e8000000, 0x00000006e8400000, 0x00000006e8400000|100%| O|  |TAMS 0x00000006e8000000, 0x00000006e8000000| Untracked 
|  33|0x00000006e8400000, 0x00000006e8800000, 0x00000006e8800000|100%| O|  |TAMS 0x00000006e8400000, 0x00000006e8400000| Untracked 
|  34|0x00000006e8800000, 0x00000006e8b23ce0, 0x00000006e8c00000| 78%| O|  |TAMS 0x00000006e8800000, 0x00000006e8800000| Untracked 
|  35|0x00000006e8c00000, 0x00000006e8c00000, 0x00000006e9000000|  0%| F|  |TAMS 0x00000006e8c00000, 0x00000006e8c00000| Untracked 
|  36|0x00000006e9000000, 0x00000006e9000000, 0x00000006e9400000|  0%| F|  |TAMS 0x00000006e9000000, 0x00000006e9000000| Untracked 
|  37|0x00000006e9400000, 0x00000006e9400000, 0x00000006e9800000|  0%| F|  |TAMS 0x00000006e9400000, 0x00000006e9400000| Untracked 
|  38|0x00000006e9800000, 0x00000006e9800000, 0x00000006e9c00000|  0%| F|  |TAMS 0x00000006e9800000, 0x00000006e9800000| Untracked 
|  39|0x00000006e9c00000, 0x00000006e9c00000, 0x00000006ea000000|  0%| F|  |TAMS 0x00000006e9c00000, 0x00000006e9c00000| Untracked 
|  40|0x00000006ea000000, 0x00000006ea000000, 0x00000006ea400000|  0%| F|  |TAMS 0x00000006ea000000, 0x00000006ea000000| Untracked 
|  41|0x00000006ea400000, 0x00000006ea400000, 0x00000006ea800000|  0%| F|  |TAMS 0x00000006ea400000, 0x00000006ea400000| Untracked 
|  42|0x00000006ea800000, 0x00000006ea800000, 0x00000006eac00000|  0%| F|  |TAMS 0x00000006ea800000, 0x00000006ea800000| Untracked 
|  43|0x00000006eac00000, 0x00000006eac00000, 0x00000006eb000000|  0%| F|  |TAMS 0x00000006eac00000, 0x00000006eac00000| Untracked 
|  44|0x00000006eb000000, 0x00000006eb000000, 0x00000006eb400000|  0%| F|  |TAMS 0x00000006eb000000, 0x00000006eb000000| Untracked 
|  45|0x00000006eb400000, 0x00000006eb400000, 0x00000006eb800000|  0%| F|  |TAMS 0x00000006eb400000, 0x00000006eb400000| Untracked 
|  46|0x00000006eb800000, 0x00000006eb800000, 0x00000006ebc00000|  0%| F|  |TAMS 0x00000006eb800000, 0x00000006eb800000| Untracked 
|  47|0x00000006ebc00000, 0x00000006ebc00000, 0x00000006ec000000|  0%| F|  |TAMS 0x00000006ebc00000, 0x00000006ebc00000| Untracked 
|  48|0x00000006ec000000, 0x00000006ec400000, 0x00000006ec400000|100%| E|CS|TAMS 0x00000006ec000000, 0x00000006ec000000| Complete 
|  49|0x00000006ec400000, 0x00000006ec800000, 0x00000006ec800000|100%| E|CS|TAMS 0x00000006ec400000, 0x00000006ec400000| Complete 
|  50|0x00000006ec800000, 0x00000006ecc00000, 0x00000006ecc00000|100%| E|CS|TAMS 0x00000006ec800000, 0x00000006ec800000| Complete 
|  51|0x00000006ecc00000, 0x00000006ed000000, 0x00000006ed000000|100%| E|CS|TAMS 0x00000006ecc00000, 0x00000006ecc00000| Complete 
|  52|0x00000006ed000000, 0x00000006ed000000, 0x00000006ed400000|  0%| F|  |TAMS 0x00000006ed000000, 0x00000006ed000000| Untracked 
|  53|0x00000006ed400000, 0x00000006ed400000, 0x00000006ed800000|  0%| F|  |TAMS 0x00000006ed400000, 0x00000006ed400000| Untracked 
|  54|0x00000006ed800000, 0x00000006edab9e00, 0x00000006edc00000| 68%| S|  |TAMS 0x00000006ed800000, 0x00000006ed800000| Complete 
|  55|0x00000006edc00000, 0x00000006ee000000, 0x00000006ee000000|100%| S|  |TAMS 0x00000006edc00000, 0x00000006edc00000| Complete 
|  56|0x00000006ee000000, 0x00000006ee400000, 0x00000006ee400000|100%| E|CS|TAMS 0x00000006ee000000, 0x00000006ee000000| Complete 
|  57|0x00000006ee400000, 0x00000006ee800000, 0x00000006ee800000|100%| E|CS|TAMS 0x00000006ee400000, 0x00000006ee400000| Complete 
|  58|0x00000006ee800000, 0x00000006eec00000, 0x00000006eec00000|100%| E|CS|TAMS 0x00000006ee800000, 0x00000006ee800000| Complete 
|  59|0x00000006eec00000, 0x00000006ef000000, 0x00000006ef000000|100%| E|CS|TAMS 0x00000006eec00000, 0x00000006eec00000| Complete 
|  60|0x00000006ef000000, 0x00000006ef400000, 0x00000006ef400000|100%| E|CS|TAMS 0x00000006ef000000, 0x00000006ef000000| Complete 
|  61|0x00000006ef400000, 0x00000006ef800000, 0x00000006ef800000|100%| E|CS|TAMS 0x00000006ef400000, 0x00000006ef400000| Complete 
|  62|0x00000006ef800000, 0x00000006efc00000, 0x00000006efc00000|100%| E|CS|TAMS 0x00000006ef800000, 0x00000006ef800000| Complete 
|  63|0x00000006efc00000, 0x00000006f0000000, 0x00000006f0000000|100%| E|CS|TAMS 0x00000006efc00000, 0x00000006efc00000| Complete 
|  64|0x00000006f0000000, 0x00000006f0400000, 0x00000006f0400000|100%| E|CS|TAMS 0x00000006f0000000, 0x00000006f0000000| Complete 
|  65|0x00000006f0400000, 0x00000006f0800000, 0x00000006f0800000|100%| E|CS|TAMS 0x00000006f0400000, 0x00000006f0400000| Complete 
|  66|0x00000006f0800000, 0x00000006f0c00000, 0x00000006f0c00000|100%| E|CS|TAMS 0x00000006f0800000, 0x00000006f0800000| Complete 
|  67|0x00000006f0c00000, 0x00000006f1000000, 0x00000006f1000000|100%| E|CS|TAMS 0x00000006f0c00000, 0x00000006f0c00000| Complete 
|  68|0x00000006f1000000, 0x00000006f1400000, 0x00000006f1400000|100%| E|CS|TAMS 0x00000006f1000000, 0x00000006f1000000| Complete 
|  69|0x00000006f1400000, 0x00000006f1800000, 0x00000006f1800000|100%| E|CS|TAMS 0x00000006f1400000, 0x00000006f1400000| Complete 
|  70|0x00000006f1800000, 0x00000006f1c00000, 0x00000006f1c00000|100%| E|CS|TAMS 0x00000006f1800000, 0x00000006f1800000| Complete 
|  71|0x00000006f1c00000, 0x00000006f2000000, 0x00000006f2000000|100%| E|CS|TAMS 0x00000006f1c00000, 0x00000006f1c00000| Complete 
|  72|0x00000006f2000000, 0x00000006f2400000, 0x00000006f2400000|100%| E|CS|TAMS 0x00000006f2000000, 0x00000006f2000000| Complete 
|  73|0x00000006f2400000, 0x00000006f2800000, 0x00000006f2800000|100%| E|CS|TAMS 0x00000006f2400000, 0x00000006f2400000| Complete 
|  74|0x00000006f2800000, 0x00000006f2c00000, 0x00000006f2c00000|100%| E|CS|TAMS 0x00000006f2800000, 0x00000006f2800000| Complete 
|  75|0x00000006f2c00000, 0x00000006f3000000, 0x00000006f3000000|100%| E|CS|TAMS 0x00000006f2c00000, 0x00000006f2c00000| Complete 
|  76|0x00000006f3000000, 0x00000006f3400000, 0x00000006f3400000|100%| E|CS|TAMS 0x00000006f3000000, 0x00000006f3000000| Complete 
|  77|0x00000006f3400000, 0x00000006f3800000, 0x00000006f3800000|100%| E|CS|TAMS 0x00000006f3400000, 0x00000006f3400000| Complete 

Card table byte_map: [0x00000295a6890000,0x00000295a7190000] _byte_map_base: 0x00000295a3190000

Marking Bits (Prev, Next): (CMBitMap*) 0x000002958f50b170, (CMBitMap*) 0x000002958f50b130
 Prev Bits: [0x00000295ac290000, 0x00000295b0a90000)
 Next Bits: [0x00000295a7a90000, 0x00000295ac290000)

Polling page: 0x000002958d430000

Metaspace:

Usage:
  Non-class:     85.47 MB used.
      Class:     13.77 MB used.
       Both:     99.24 MB used.

Virtual space:
  Non-class space:      128.00 MB reserved,      86.00 MB ( 67%) committed,  2 nodes.
      Class space:      416.00 MB reserved,      14.25 MB (  3%) committed,  1 nodes.
             Both:      544.00 MB reserved,     100.25 MB ( 18%) committed. 

Chunk freelists:
   Non-Class:  9.43 MB
       Class:  1.73 MB
        Both:  11.17 MB

MaxMetaspaceSize: 512.00 MB
CompressedClassSpaceSize: 416.00 MB
Initial GC threshold: 21.00 MB
Current GC threshold: 116.25 MB
CDS: on
MetaspaceReclaimPolicy: balanced
 - commit_granule_bytes: 65536.
 - commit_granule_words: 8192.
 - virtual_space_node_default_size: 8388608.
 - enlarge_chunks_in_place: 1.
 - new_chunks_are_fully_committed: 0.
 - uncommit_free_chunks: 1.
 - use_allocation_guard: 0.
 - handle_deallocations: 1.


Internal statistics:

num_allocs_failed_limit: 9.
num_arena_births: 1266.
num_arena_deaths: 0.
num_vsnodes_births: 3.
num_vsnodes_deaths: 0.
num_space_committed: 1604.
num_space_uncommitted: 0.
num_chunks_returned_to_freelist: 9.
num_chunks_taken_from_freelist: 5664.
num_chunk_merges: 9.
num_chunk_splits: 3689.
num_chunks_enlarged: 2356.
num_inconsistent_stats: 0.

CodeHeap 'non-profiled nmethods': size=120000Kb used=8421Kb max_used=8794Kb free=111578Kb
 bounds [0x000002959ea60000, 0x000002959f300000, 0x00000295a5f90000]
CodeHeap 'profiled nmethods': size=120000Kb used=25772Kb max_used=27904Kb free=94227Kb
 bounds [0x0000029596f90000, 0x0000029598ad0000, 0x000002959e4c0000]
CodeHeap 'non-nmethods': size=5760Kb used=2409Kb max_used=2480Kb free=3350Kb
 bounds [0x000002959e4c0000, 0x000002959e730000, 0x000002959ea60000]
 total_blobs=13872 nmethods=12941 adapters=842
 compilation: enabled
              stopped_count=0, restarted_count=0
 full_count=0

Compilation events (20 events):
Event: 26.307 Thread 0x00000295d237f930 nmethod 15259 0x000002959f053710 code [0x000002959f053920, 0x000002959f054b18]
Event: 26.307 Thread 0x00000295d237f930 15275       4       com.esotericsoftware.kryo.io.Input::readLong (181 bytes)
Event: 26.309 Thread 0x00000295b2f79080 15276       3       com.google.common.cache.CacheBuilder$1::recordEviction (1 bytes)
Event: 26.309 Thread 0x00000295b2f79080 nmethod 15276 0x0000029597371610 code [0x00000295973717a0, 0x00000295973718b8]
Event: 26.309 Thread 0x00000295b2f79080 15277       3       com.google.common.cache.LocalCache$2::iterator (7 bytes)
Event: 26.309 Thread 0x00000295b2f79080 nmethod 15277 0x0000029596fc8c10 code [0x0000029596fc8dc0, 0x0000029596fc9048]
Event: 26.309 Thread 0x00000295b2f79080 15278       3       com.google.common.cache.LocalCache$AccessQueue::remove (44 bytes)
Event: 26.310 Thread 0x00000295b2f79080 nmethod 15278 0x00000295970a4f90 code [0x00000295970a51c0, 0x00000295970a5a38]
Event: 26.310 Thread 0x00000295b2f79080 15279       3       com.google.common.cache.LocalCache$Segment::removeEntryFromChain (73 bytes)
Event: 26.310 Thread 0x00000295b2f79080 nmethod 15279 0x00000295972bb790 code [0x00000295972bb980, 0x00000295972bbdf8]
Event: 26.311 Thread 0x00000295d237f930 nmethod 15275 0x000002959ed7d890 code [0x000002959ed7da20, 0x000002959ed7deb8]
Event: 26.311 Thread 0x00000295d237f930 15269       4       org.gradle.cache.internal.btree.FileBackedBlockStore$BlockImpl::<init> (8 bytes)
Event: 26.311 Thread 0x00000295b2f56ed0 nmethod 15274 0x000002959ecf7d10 code [0x000002959ecf7ec0, 0x000002959ecf8488]
Event: 26.311 Thread 0x00000295b2f56ed0 15270       4       org.gradle.cache.internal.btree.FileBackedBlockStore$BlockImpl::setPos (34 bytes)
Event: 26.312 Thread 0x00000295b2f56ed0 nmethod 15270 0x000002959ed51010 code [0x000002959ed51180, 0x000002959ed512b8]
Event: 26.312 Thread 0x00000295b2f56ed0 15265   !   4       org.gradle.cache.internal.DefaultMultiProcessSafeIndexedCache::getIfPresent (25 bytes)
Event: 26.314 Thread 0x00000295d237f930 nmethod 15269 0x000002959ee36510 code [0x000002959ee36680, 0x000002959ee36a98]
Event: 26.314 Thread 0x00000295d237f930 15282       4       com.google.common.cache.LocalCache$Segment::setValue (82 bytes)
Event: 26.334 Thread 0x00000295d237f930 nmethod 15282 0x000002959ef49790 code [0x000002959ef499c0, 0x000002959ef4aa58]
Event: 26.334 Thread 0x00000295d237f930 15284       4       com.google.common.cache.LocalCache$Segment::evictEntries (106 bytes)

GC Heap History (20 events):
Event: 13.812 GC heap before
{Heap before GC invocations=28 (full 0):
 garbage-first heap   total 163840K, used 108457K [0x00000006e0000000, 0x0000000800000000)
  region size 4096K, 7 young (28672K), 1 survivors (4096K)
 Metaspace       used 71656K, committed 72384K, reserved 491520K
  class space    used 10004K, committed 10304K, reserved 425984K
}
Event: 13.816 GC heap after
{Heap after GC invocations=29 (full 0):
 garbage-first heap   total 163840K, used 85609K [0x00000006e0000000, 0x0000000800000000)
  region size 4096K, 1 young (4096K), 1 survivors (4096K)
 Metaspace       used 71656K, committed 72384K, reserved 491520K
  class space    used 10004K, committed 10304K, reserved 425984K
}
Event: 13.862 GC heap before
{Heap before GC invocations=29 (full 0):
 garbage-first heap   total 163840K, used 89705K [0x00000006e0000000, 0x0000000800000000)
  region size 4096K, 2 young (8192K), 1 survivors (4096K)
 Metaspace       used 71916K, committed 72640K, reserved 491520K
  class space    used 10044K, committed 10368K, reserved 425984K
}
Event: 13.866 GC heap after
{Heap after GC invocations=30 (full 0):
 garbage-first heap   total 241664K, used 84923K [0x00000006e0000000, 0x0000000800000000)
  region size 4096K, 1 young (4096K), 1 survivors (4096K)
 Metaspace       used 71916K, committed 72640K, reserved 491520K
  class space    used 10044K, committed 10368K, reserved 425984K
}
Event: 15.100 GC heap before
{Heap before GC invocations=30 (full 0):
 garbage-first heap   total 241664K, used 187323K [0x00000006e0000000, 0x0000000800000000)
  region size 4096K, 26 young (106496K), 1 survivors (4096K)
 Metaspace       used 76889K, committed 77632K, reserved 557056K
  class space    used 10707K, committed 11072K, reserved 425984K
}
Event: 15.110 GC heap after
{Heap after GC invocations=31 (full 0):
 garbage-first heap   total 241664K, used 91171K [0x00000006e0000000, 0x0000000800000000)
  region size 4096K, 3 young (12288K), 3 survivors (12288K)
 Metaspace       used 76889K, committed 77632K, reserved 557056K
  class space    used 10707K, committed 11072K, reserved 425984K
}
Event: 18.510 GC heap before
{Heap before GC invocations=31 (full 0):
 garbage-first heap   total 241664K, used 181283K [0x00000006e0000000, 0x0000000800000000)
  region size 4096K, 26 young (106496K), 3 survivors (12288K)
 Metaspace       used 82663K, committed 83392K, reserved 557056K
  class space    used 11691K, committed 12032K, reserved 425984K
}
Event: 18.521 GC heap after
{Heap after GC invocations=32 (full 0):
 garbage-first heap   total 241664K, used 95199K [0x00000006e0000000, 0x0000000800000000)
  region size 4096K, 3 young (12288K), 3 survivors (12288K)
 Metaspace       used 82663K, committed 83392K, reserved 557056K
  class space    used 11691K, committed 12032K, reserved 425984K
}
Event: 19.871 GC heap before
{Heap before GC invocations=32 (full 0):
 garbage-first heap   total 241664K, used 189407K [0x00000006e0000000, 0x0000000800000000)
  region size 4096K, 27 young (110592K), 3 survivors (12288K)
 Metaspace       used 86673K, committed 87424K, reserved 557056K
  class space    used 12190K, committed 12544K, reserved 425984K
}
Event: 19.897 GC heap after
{Heap after GC invocations=33 (full 0):
 garbage-first heap   total 241664K, used 107208K [0x00000006e0000000, 0x0000000800000000)
  region size 4096K, 4 young (16384K), 4 survivors (16384K)
 Metaspace       used 86673K, committed 87424K, reserved 557056K
  class space    used 12190K, committed 12544K, reserved 425984K
}
Event: 21.008 GC heap before
{Heap before GC invocations=33 (full 0):
 garbage-first heap   total 241664K, used 185032K [0x00000006e0000000, 0x0000000800000000)
  region size 4096K, 24 young (98304K), 4 survivors (16384K)
 Metaspace       used 88244K, committed 89088K, reserved 557056K
  class space    used 12423K, committed 12800K, reserved 425984K
}
Event: 21.030 GC heap after
{Heap after GC invocations=34 (full 0):
 garbage-first heap   total 241664K, used 124795K [0x00000006e0000000, 0x0000000800000000)
  region size 4096K, 3 young (12288K), 3 survivors (12288K)
 Metaspace       used 88244K, committed 89088K, reserved 557056K
  class space    used 12423K, committed 12800K, reserved 425984K
}
Event: 21.994 GC heap before
{Heap before GC invocations=34 (full 0):
 garbage-first heap   total 241664K, used 186235K [0x00000006e0000000, 0x0000000800000000)
  region size 4096K, 18 young (73728K), 3 survivors (12288K)
 Metaspace       used 91103K, committed 92032K, reserved 557056K
  class space    used 12754K, committed 13184K, reserved 425984K
}
Event: 22.014 GC heap after
{Heap after GC invocations=35 (full 0):
 garbage-first heap   total 241664K, used 137323K [0x00000006e0000000, 0x0000000800000000)
  region size 4096K, 3 young (12288K), 3 survivors (12288K)
 Metaspace       used 91103K, committed 92032K, reserved 557056K
  class space    used 12754K, committed 13184K, reserved 425984K
}
Event: 22.594 GC heap before
{Heap before GC invocations=35 (full 0):
 garbage-first heap   total 241664K, used 186475K [0x00000006e0000000, 0x0000000800000000)
  region size 4096K, 15 young (61440K), 3 survivors (12288K)
 Metaspace       used 94627K, committed 95552K, reserved 557056K
  class space    used 13281K, committed 13696K, reserved 425984K
}
Event: 22.610 GC heap after
{Heap after GC invocations=36 (full 0):
 garbage-first heap   total 319488K, used 140707K [0x00000006e0000000, 0x0000000800000000)
  region size 4096K, 1 young (4096K), 1 survivors (4096K)
 Metaspace       used 94627K, committed 95552K, reserved 557056K
  class space    used 13281K, committed 13696K, reserved 425984K
}
Event: 23.936 GC heap before
{Heap before GC invocations=36 (full 0):
 garbage-first heap   total 319488K, used 234915K [0x00000006e0000000, 0x0000000800000000)
  region size 4096K, 24 young (98304K), 1 survivors (4096K)
 Metaspace       used 97722K, committed 98688K, reserved 557056K
  class space    used 13650K, committed 14080K, reserved 425984K
}
Event: 23.952 GC heap after
{Heap after GC invocations=37 (full 0):
 garbage-first heap   total 319488K, used 148702K [0x00000006e0000000, 0x0000000800000000)
  region size 4096K, 3 young (12288K), 3 survivors (12288K)
 Metaspace       used 97722K, committed 98688K, reserved 557056K
  class space    used 13650K, committed 14080K, reserved 425984K
}
Event: 25.203 GC heap before
{Heap before GC invocations=37 (full 0):
 garbage-first heap   total 319488K, used 242910K [0x00000006e0000000, 0x0000000800000000)
  region size 4096K, 26 young (106496K), 3 survivors (12288K)
 Metaspace       used 100441K, committed 101440K, reserved 557056K
  class space    used 13955K, committed 14400K, reserved 425984K
}
Event: 25.221 GC heap after
{Heap after GC invocations=38 (full 0):
 garbage-first heap   total 319488K, used 156564K [0x00000006e0000000, 0x0000000800000000)
  region size 4096K, 4 young (16384K), 4 survivors (16384K)
 Metaspace       used 100441K, committed 101440K, reserved 557056K
  class space    used 13955K, committed 14400K, reserved 425984K
}

Dll operation events (14 events):
Event: 0.007 Loaded shared library C:\Program Files\Microsoft\jdk-17.0.8.7-hotspot\bin\java.dll
Event: 0.020 Loaded shared library C:\Program Files\Microsoft\jdk-17.0.8.7-hotspot\bin\jsvml.dll
Event: 0.064 Loaded shared library C:\Program Files\Microsoft\jdk-17.0.8.7-hotspot\bin\zip.dll
Event: 0.066 Loaded shared library C:\Program Files\Microsoft\jdk-17.0.8.7-hotspot\bin\instrument.dll
Event: 0.071 Loaded shared library C:\Program Files\Microsoft\jdk-17.0.8.7-hotspot\bin\net.dll
Event: 0.072 Loaded shared library C:\Program Files\Microsoft\jdk-17.0.8.7-hotspot\bin\nio.dll
Event: 0.075 Loaded shared library C:\Program Files\Microsoft\jdk-17.0.8.7-hotspot\bin\zip.dll
Event: 0.225 Loaded shared library C:\Program Files\Microsoft\jdk-17.0.8.7-hotspot\bin\jimage.dll
Event: 0.281 Loaded shared library C:\Program Files\Microsoft\jdk-17.0.8.7-hotspot\bin\verify.dll
Event: 0.408 Loaded shared library C:\Users\Lenovo\.gradle\native\68d5fa5c4cc2d200863cafc0d521ce42e7d3e7ee720ec0a83991735586a16f82\windows-amd64\native-platform.dll
Event: 0.413 Loaded shared library C:\Users\Lenovo\.gradle\native\e376f236ea51e6404a007f0833ffe2c6e607c4080706a723a18a27aeea778392\windows-amd64\native-platform-file-events.dll
Event: 1.134 Loaded shared library C:\Program Files\Microsoft\jdk-17.0.8.7-hotspot\bin\management.dll
Event: 1.136 Loaded shared library C:\Program Files\Microsoft\jdk-17.0.8.7-hotspot\bin\management_ext.dll
Event: 1.458 Loaded shared library C:\Program Files\Microsoft\jdk-17.0.8.7-hotspot\bin\sunmscapi.dll

Deoptimization events (20 events):
Event: 25.976 Thread 0x00000295d6e7d520 Uncommon trap: trap_request=0xffffffc6 fr.pc=0x000002959ec0c870 relative=0x0000000000000410
Event: 25.976 Thread 0x00000295d6e7d520 Uncommon trap: reason=bimorphic_or_optimized_type_check action=maybe_recompile pc=0x000002959ec0c870 method=java.util.Spliterators$IteratorSpliterator.tryAdvance(Ljava/util/function/Consumer;)Z @ 50 c2
Event: 25.976 Thread 0x00000295d6e7d520 DEOPT PACKING pc=0x000002959ec0c870 sp=0x000000fa674fd990
Event: 25.976 Thread 0x00000295d6e7d520 DEOPT UNPACKING pc=0x000002959e51a1a3 sp=0x000000fa674fd930 mode 2
Event: 25.990 Thread 0x00000295d6e7d520 Uncommon trap: trap_request=0xffffffc6 fr.pc=0x000002959f13c25c relative=0x000000000000067c
Event: 25.990 Thread 0x00000295d6e7d520 Uncommon trap: reason=bimorphic_or_optimized_type_check action=maybe_recompile pc=0x000002959f13c25c method=java.util.regex.Matcher.search(I)Z @ 121 c2
Event: 25.990 Thread 0x00000295d6e7d520 DEOPT PACKING pc=0x000002959f13c25c sp=0x000000fa674f7430
Event: 25.990 Thread 0x00000295d6e7d520 DEOPT UNPACKING pc=0x000002959e51a1a3 sp=0x000000fa674f7388 mode 2
Event: 25.990 Thread 0x00000295d6e7d520 Uncommon trap: trap_request=0xffffffc6 fr.pc=0x000002959f13c25c relative=0x000000000000067c
Event: 25.990 Thread 0x00000295d6e7d520 Uncommon trap: reason=bimorphic_or_optimized_type_check action=maybe_recompile pc=0x000002959f13c25c method=java.util.regex.Matcher.search(I)Z @ 121 c2
Event: 25.990 Thread 0x00000295d6e7d520 DEOPT PACKING pc=0x000002959f13c25c sp=0x000000fa674f75f0
Event: 25.990 Thread 0x00000295d6e7d520 DEOPT UNPACKING pc=0x000002959e51a1a3 sp=0x000000fa674f7548 mode 2
Event: 25.990 Thread 0x00000295d6e7d520 Uncommon trap: trap_request=0xffffffc6 fr.pc=0x000002959f13c25c relative=0x000000000000067c
Event: 25.990 Thread 0x00000295d6e7d520 Uncommon trap: reason=bimorphic_or_optimized_type_check action=maybe_recompile pc=0x000002959f13c25c method=java.util.regex.Matcher.search(I)Z @ 121 c2
Event: 25.990 Thread 0x00000295d6e7d520 DEOPT PACKING pc=0x000002959f13c25c sp=0x000000fa674f75f0
Event: 25.990 Thread 0x00000295d6e7d520 DEOPT UNPACKING pc=0x000002959e51a1a3 sp=0x000000fa674f7548 mode 2
Event: 25.991 Thread 0x00000295d6e7d520 Uncommon trap: trap_request=0xffffffc6 fr.pc=0x000002959f13c25c relative=0x000000000000067c
Event: 25.991 Thread 0x00000295d6e7d520 Uncommon trap: reason=bimorphic_or_optimized_type_check action=maybe_recompile pc=0x000002959f13c25c method=java.util.regex.Matcher.search(I)Z @ 121 c2
Event: 25.991 Thread 0x00000295d6e7d520 DEOPT PACKING pc=0x000002959f13c25c sp=0x000000fa674f75f0
Event: 25.991 Thread 0x00000295d6e7d520 DEOPT UNPACKING pc=0x000002959e51a1a3 sp=0x000000fa674f7548 mode 2

Classes unloaded (0 events):
No events

Classes redefined (0 events):
No events

Internal exceptions (20 events):
Event: 25.752 Thread 0x00000295d6e7d520 Exception <a 'sun/nio/fs/WindowsException'{0x00000006f1c12b48}> (0x00000006f1c12b48) 
thrown [s\src\hotspot\share\prims\jni.cpp, line 516]
Event: 25.757 Thread 0x00000295d6e7d520 Exception <a 'sun/nio/fs/WindowsException'{0x00000006f1c4bcf8}> (0x00000006f1c4bcf8) 
thrown [s\src\hotspot\share\prims\jni.cpp, line 516]
Event: 25.759 Thread 0x00000295d6e7d520 Exception <a 'sun/nio/fs/WindowsException'{0x00000006f1c70de0}> (0x00000006f1c70de0) 
thrown [s\src\hotspot\share\prims\jni.cpp, line 516]
Event: 25.792 Thread 0x00000295d6e7df40 Exception <a 'sun/nio/fs/WindowsException'{0x00000006f1dbc4b0}> (0x00000006f1dbc4b0) 
thrown [s\src\hotspot\share\prims\jni.cpp, line 516]
Event: 25.796 Thread 0x00000295d6e7df40 Exception <a 'sun/nio/fs/WindowsException'{0x00000006f1dda4d8}> (0x00000006f1dda4d8) 
thrown [s\src\hotspot\share\prims\jni.cpp, line 516]
Event: 25.802 Thread 0x00000295d6e7df40 Exception <a 'sun/nio/fs/WindowsException'{0x00000006f1e6c478}> (0x00000006f1e6c478) 
thrown [s\src\hotspot\share\prims\jni.cpp, line 516]
Event: 25.808 Thread 0x00000295d6e7df40 Exception <a 'sun/nio/fs/WindowsException'{0x00000006f1e9fd78}> (0x00000006f1e9fd78) 
thrown [s\src\hotspot\share\prims\jni.cpp, line 516]
Event: 25.830 Thread 0x00000295d6e7df40 Exception <a 'sun/nio/fs/WindowsException'{0x00000006f1f69180}> (0x00000006f1f69180) 
thrown [s\src\hotspot\share\prims\jni.cpp, line 516]
Event: 25.868 Thread 0x00000295d6e7df40 Exception <a 'sun/nio/fs/WindowsException'{0x00000006f1a8e418}> (0x00000006f1a8e418) 
thrown [s\src\hotspot\share\prims\jni.cpp, line 516]
Event: 25.871 Thread 0x00000295d6e7df40 Exception <a 'sun/nio/fs/WindowsException'{0x00000006f1aa4428}> (0x00000006f1aa4428) 
thrown [s\src\hotspot\share\prims\jni.cpp, line 516]
Event: 25.876 Thread 0x00000295d6e7df40 Exception <a 'sun/nio/fs/WindowsException'{0x00000006f1ae1030}> (0x00000006f1ae1030) 
thrown [s\src\hotspot\share\prims\jni.cpp, line 516]
Event: 25.883 Thread 0x00000295d6e7df40 Exception <a 'sun/nio/fs/WindowsException'{0x00000006f1b04f60}> (0x00000006f1b04f60) 
thrown [s\src\hotspot\share\prims\jni.cpp, line 516]
Event: 25.886 Thread 0x00000295d6e7df40 Exception <a 'sun/nio/fs/WindowsException'{0x00000006f1b12048}> (0x00000006f1b12048) 
thrown [s\src\hotspot\share\prims\jni.cpp, line 516]
Event: 25.889 Thread 0x00000295d6e7df40 Exception <a 'sun/nio/fs/WindowsException'{0x00000006f1b21db0}> (0x00000006f1b21db0) 
thrown [s\src\hotspot\share\prims\jni.cpp, line 516]
Event: 26.006 Thread 0x00000295d6e7d520 Exception <a 'java/lang/ClassNotFoundException'{0x00000006f135dcb0}: groovy/util/FileTreeBuilderBeanInfo> (0x00000006f135dcb0) 
thrown [s\src\hotspot\share\classfile\systemDictionary.cpp, line 256]
Event: 26.007 Thread 0x00000295d6e7d520 Exception <a 'java/lang/ClassNotFoundException'{0x00000006f13be578}: groovy/util/FileTreeBuilderCustomizer> (0x00000006f13be578) 
thrown [s\src\hotspot\share\classfile\systemDictionary.cpp, line 256]
Event: 26.038 Thread 0x00000295d6e7d520 Exception <a 'java/lang/ClassNotFoundException'{0x00000006f0c11980}: java/io/BufferedWriterBeanInfo> (0x00000006f0c11980) 
thrown [s\src\hotspot\share\classfile\systemDictionary.cpp, line 256]
Event: 26.038 Thread 0x00000295d6e7d520 Exception <a 'java/lang/ClassNotFoundException'{0x00000006f0c16d68}: java/io/WriterBeanInfo> (0x00000006f0c16d68) 
thrown [s\src\hotspot\share\classfile\systemDictionary.cpp, line 256]
Event: 26.038 Thread 0x00000295d6e7d520 Exception <a 'java/lang/ClassNotFoundException'{0x00000006f0c1c118}: java/io/WriterCustomizer> (0x00000006f0c1c118) 
thrown [s\src\hotspot\share\classfile\systemDictionary.cpp, line 256]
Event: 26.038 Thread 0x00000295d6e7d520 Exception <a 'java/lang/ClassNotFoundException'{0x00000006f0c2a400}: java/io/BufferedWriterCustomizer> (0x00000006f0c2a400) 
thrown [s\src\hotspot\share\classfile\systemDictionary.cpp, line 256]

VM Operations (20 events):
Event: 25.068 Executing VM operation: ICBufferFull
Event: 25.068 Executing VM operation: ICBufferFull done
Event: 25.202 Executing VM operation: G1CollectForAllocation
Event: 25.221 Executing VM operation: G1CollectForAllocation done
Event: 25.465 Executing VM operation: ICBufferFull
Event: 25.466 Executing VM operation: ICBufferFull done
Event: 25.893 Executing VM operation: ICBufferFull
Event: 25.893 Executing VM operation: ICBufferFull done
Event: 25.991 Executing VM operation: HandshakeAllThreads
Event: 25.991 Executing VM operation: HandshakeAllThreads done
Event: 26.012 Executing VM operation: ICBufferFull
Event: 26.014 Executing VM operation: ICBufferFull done
Event: 26.018 Executing VM operation: HandshakeAllThreads
Event: 26.018 Executing VM operation: HandshakeAllThreads done
Event: 26.021 Executing VM operation: HandshakeAllThreads
Event: 26.021 Executing VM operation: HandshakeAllThreads done
Event: 26.021 Executing VM operation: HandshakeAllThreads
Event: 26.021 Executing VM operation: HandshakeAllThreads done
Event: 26.053 Executing VM operation: HandshakeAllThreads
Event: 26.053 Executing VM operation: HandshakeAllThreads done

Events (20 events):
Event: 26.073 Thread 0x00000295b2f79d40 flushing nmethod 0x00000295987e9e90
Event: 26.073 Thread 0x00000295b2f79d40 flushing nmethod 0x00000295987ebe90
Event: 26.073 Thread 0x00000295b2f79d40 flushing nmethod 0x00000295987f9090
Event: 26.073 Thread 0x00000295b2f79d40 flushing nmethod 0x00000295987fbe90
Event: 26.073 Thread 0x00000295b2f79d40 flushing nmethod 0x0000029598801a90
Event: 26.073 Thread 0x00000295b2f79d40 flushing nmethod 0x0000029598803110
Event: 26.073 Thread 0x00000295b2f79d40 flushing nmethod 0x0000029598803c90
Event: 26.073 Thread 0x00000295b2f79d40 flushing nmethod 0x0000029598805310
Event: 26.073 Thread 0x00000295b2f79d40 flushing nmethod 0x000002959880bf10
Event: 26.073 Thread 0x00000295b2f79d40 flushing nmethod 0x000002959880c390
Event: 26.073 Thread 0x00000295b2f79d40 flushing nmethod 0x0000029598874690
Event: 26.073 Thread 0x00000295b2f79d40 flushing nmethod 0x000002959887d410
Event: 26.073 Thread 0x00000295b2f79d40 flushing nmethod 0x000002959887ef90
Event: 26.073 Thread 0x00000295b2f79d40 flushing nmethod 0x0000029598890690
Event: 26.073 Thread 0x00000295b2f79d40 flushing nmethod 0x0000029598893310
Event: 26.073 Thread 0x00000295b2f79d40 flushing nmethod 0x0000029598905b10
Event: 26.073 Thread 0x00000295b2f79d40 flushing nmethod 0x000002959890d410
Event: 26.073 Thread 0x00000295b2f79d40 flushing nmethod 0x000002959891a910
Event: 26.073 Thread 0x00000295b2f79d40 flushing nmethod 0x000002959891dc10
Event: 26.074 Thread 0x00000295b2f79d40 flushing nmethod 0x00000295989f3f90


Dynamic libraries:
0x00007ff7ae9e0000 - 0x00007ff7ae9ee000 	C:\Program Files\Microsoft\jdk-17.0.8.7-hotspot\bin\java.exe
0x00007ff83f130000 - 0x00007ff83f347000 	C:\Windows\SYSTEM32\ntdll.dll
0x00007ff83da50000 - 0x00007ff83db14000 	C:\Windows\System32\KERNEL32.DLL
0x00007ff83c470000 - 0x00007ff83c816000 	C:\Windows\System32\KERNELBASE.dll
0x00007ff83c980000 - 0x00007ff83ca91000 	C:\Windows\System32\ucrtbase.dll
0x00007ff828e70000 - 0x00007ff828e8b000 	C:\Program Files\Microsoft\jdk-17.0.8.7-hotspot\bin\VCRUNTIME140.dll
0x00007ff82d6a0000 - 0x00007ff82d6b7000 	C:\Program Files\Microsoft\jdk-17.0.8.7-hotspot\bin\jli.dll
0x00007ff83dcc0000 - 0x00007ff83de6e000 	C:\Windows\System32\USER32.dll
0x00007ff83c950000 - 0x00007ff83c976000 	C:\Windows\System32\win32u.dll
0x00007ff828b10000 - 0x00007ff828da3000 	C:\Windows\WinSxS\amd64_microsoft.windows.common-controls_6595b64144ccf1df_6.0.22621.2506_none_270c5ae97388e100\COMCTL32.dll
0x00007ff83d520000 - 0x00007ff83d5c7000 	C:\Windows\System32\msvcrt.dll
0x00007ff83d5d0000 - 0x00007ff83d5f9000 	C:\Windows\System32\GDI32.dll
0x00007ff83ccb0000 - 0x00007ff83cdc8000 	C:\Windows\System32\gdi32full.dll
0x00007ff83caa0000 - 0x00007ff83cb3a000 	C:\Windows\System32\msvcp_win.dll
0x00007ff83efb0000 - 0x00007ff83efe1000 	C:\Windows\System32\IMM32.DLL
0x00007ff837580000 - 0x00007ff83758c000 	C:\Program Files\Microsoft\jdk-17.0.8.7-hotspot\bin\vcruntime140_1.dll
0x00007fffabdf0000 - 0x00007fffabe7d000 	C:\Program Files\Microsoft\jdk-17.0.8.7-hotspot\bin\msvcp140.dll
0x00007fffa70a0000 - 0x00007fffa7d05000 	C:\Program Files\Microsoft\jdk-17.0.8.7-hotspot\bin\server\jvm.dll
0x00007ff83ce80000 - 0x00007ff83cf33000 	C:\Windows\System32\ADVAPI32.dll
0x00007ff83de70000 - 0x00007ff83df18000 	C:\Windows\System32\sechost.dll
0x00007ff83cdd0000 - 0x00007ff83cdf8000 	C:\Windows\System32\bcrypt.dll
0x00007ff83e7c0000 - 0x00007ff83e8d7000 	C:\Windows\System32\RPCRT4.dll
0x00007ff833f60000 - 0x00007ff833f69000 	C:\Windows\SYSTEM32\WSOCK32.dll
0x00007ff83bac0000 - 0x00007ff83bb0d000 	C:\Windows\SYSTEM32\POWRPROF.dll
0x00007ff8336d0000 - 0x00007ff833704000 	C:\Windows\SYSTEM32\WINMM.dll
0x00007ff83d600000 - 0x00007ff83d671000 	C:\Windows\System32\WS2_32.dll
0x00007ff82b510000 - 0x00007ff82b51a000 	C:\Windows\SYSTEM32\VERSION.dll
0x00007ff83ba70000 - 0x00007ff83ba83000 	C:\Windows\SYSTEM32\UMPDC.dll
0x00007ff83b480000 - 0x00007ff83b498000 	C:\Windows\SYSTEM32\kernel.appcore.dll
0x00007ff827890000 - 0x00007ff82789a000 	C:\Program Files\Microsoft\jdk-17.0.8.7-hotspot\bin\jimage.dll
0x00007ff839c90000 - 0x00007ff839ec3000 	C:\Windows\SYSTEM32\DBGHELP.DLL
0x00007ff83d190000 - 0x00007ff83d519000 	C:\Windows\System32\combase.dll
0x00007ff83eed0000 - 0x00007ff83efa7000 	C:\Windows\System32\OLEAUT32.dll
0x00007ff81e390000 - 0x00007ff81e3c2000 	C:\Windows\SYSTEM32\dbgcore.DLL
0x00007ff83ce00000 - 0x00007ff83ce7a000 	C:\Windows\System32\bcryptPrimitives.dll
0x00007ff8278c0000 - 0x00007ff8278ce000 	C:\Program Files\Microsoft\jdk-17.0.8.7-hotspot\bin\instrument.dll
0x00007ff81e2d0000 - 0x00007ff81e2f5000 	C:\Program Files\Microsoft\jdk-17.0.8.7-hotspot\bin\java.dll
0x00007fffabd10000 - 0x00007fffabde7000 	C:\Program Files\Microsoft\jdk-17.0.8.7-hotspot\bin\jsvml.dll
0x00007ff83df20000 - 0x00007ff83e77b000 	C:\Windows\System32\SHELL32.dll
0x00007ff83a380000 - 0x00007ff83ac76000 	C:\Windows\SYSTEM32\windows.storage.dll
0x00007ff83a240000 - 0x00007ff83a37e000 	C:\Windows\SYSTEM32\wintypes.dll
0x00007ff83eff0000 - 0x00007ff83f0e3000 	C:\Windows\System32\SHCORE.dll
0x00007ff83d770000 - 0x00007ff83d7ce000 	C:\Windows\System32\shlwapi.dll
0x00007ff83c3a0000 - 0x00007ff83c3c6000 	C:\Windows\SYSTEM32\profapi.dll
0x00007ffff7ce0000 - 0x00007ffff7cf8000 	C:\Program Files\Microsoft\jdk-17.0.8.7-hotspot\bin\zip.dll
0x00007ff826f30000 - 0x00007ff826f49000 	C:\Program Files\Microsoft\jdk-17.0.8.7-hotspot\bin\net.dll
0x00007ff835330000 - 0x00007ff835467000 	C:\Windows\SYSTEM32\WINHTTP.dll
0x00007ff83b980000 - 0x00007ff83b9e9000 	C:\Windows\system32\mswsock.dll
0x00007ff81e2b0000 - 0x00007ff81e2c6000 	C:\Program Files\Microsoft\jdk-17.0.8.7-hotspot\bin\nio.dll
0x00007ff826a80000 - 0x00007ff826a90000 	C:\Program Files\Microsoft\jdk-17.0.8.7-hotspot\bin\verify.dll
0x00007ff82d1f0000 - 0x00007ff82d217000 	C:\Users\Lenovo\.gradle\native\68d5fa5c4cc2d200863cafc0d521ce42e7d3e7ee720ec0a83991735586a16f82\windows-amd64\native-platform.dll
0x00007ff80a860000 - 0x00007ff80a9a4000 	C:\Users\Lenovo\.gradle\native\e376f236ea51e6404a007f0833ffe2c6e607c4080706a723a18a27aeea778392\windows-amd64\native-platform-file-events.dll
0x00007ff827ab0000 - 0x00007ff827ab9000 	C:\Program Files\Microsoft\jdk-17.0.8.7-hotspot\bin\management.dll
0x00007ff81a740000 - 0x00007ff81a74b000 	C:\Program Files\Microsoft\jdk-17.0.8.7-hotspot\bin\management_ext.dll
0x00007ff83d7d0000 - 0x00007ff83d7d8000 	C:\Windows\System32\PSAPI.DLL
0x00007ff83bc70000 - 0x00007ff83bc8b000 	C:\Windows\SYSTEM32\CRYPTSP.dll
0x00007ff83b3e0000 - 0x00007ff83b415000 	C:\Windows\system32\rsaenh.dll
0x00007ff83bb10000 - 0x00007ff83bb3c000 	C:\Windows\SYSTEM32\USERENV.dll
0x00007ff83bc90000 - 0x00007ff83bc9c000 	C:\Windows\SYSTEM32\CRYPTBASE.dll
0x00007ff83af20000 - 0x00007ff83af4d000 	C:\Windows\SYSTEM32\IPHLPAPI.DLL
0x00007ff83d680000 - 0x00007ff83d689000 	C:\Windows\System32\NSI.dll
0x00007ff835690000 - 0x00007ff8356a9000 	C:\Windows\SYSTEM32\dhcpcsvc6.DLL
0x00007ff8346b0000 - 0x00007ff8346cf000 	C:\Windows\SYSTEM32\dhcpcsvc.DLL
0x00007ff83af50000 - 0x00007ff83b049000 	C:\Windows\SYSTEM32\DNSAPI.dll
0x00007ff804800000 - 0x00007ff80480e000 	C:\Program Files\Microsoft\jdk-17.0.8.7-hotspot\bin\sunmscapi.dll
0x00007ff83cb40000 - 0x00007ff83cca6000 	C:\Windows\System32\CRYPT32.dll
0x00007ff83be30000 - 0x00007ff83be5e000 	C:\Windows\SYSTEM32\ncrypt.dll
0x00007ff83bdf0000 - 0x00007ff83be27000 	C:\Windows\SYSTEM32\NTASN1.dll
0x00007ff814420000 - 0x00007ff814428000 	C:\Windows\system32\wshunix.dll
0x00007ff81dc30000 - 0x00007ff81dc47000 	C:\Windows\system32\napinsp.dll
0x00007ff81dc10000 - 0x00007ff81dc2b000 	C:\Windows\system32\pnrpnsp.dll
0x00007ff81dbf0000 - 0x00007ff81dc01000 	C:\Windows\System32\winrnr.dll
0x00007ff81dbd0000 - 0x00007ff81dbe5000 	C:\Windows\system32\wshbth.dll
0x00007ff81dba0000 - 0x00007ff81dbc1000 	C:\Windows\system32\nlansp_c.dll
0x00007ff82e250000 - 0x00007ff82e25a000 	C:\Windows\System32\rasadhlp.dll
0x00007ff8319a0000 - 0x00007ff831a23000 	C:\Windows\System32\fwpuclnt.dll

dbghelp: loaded successfully - version: 4.0.5 - missing functions: none
symbol engine: initialized successfully - sym options: 0x614 - pdb path: .;C:\Program Files\Microsoft\jdk-17.0.8.7-hotspot\bin;C:\Windows\SYSTEM32;C:\Windows\WinSxS\amd64_microsoft.windows.common-controls_6595b64144ccf1df_6.0.22621.2506_none_270c5ae97388e100;C:\Program Files\Microsoft\jdk-17.0.8.7-hotspot\bin\server;C:\Users\Lenovo\.gradle\native\68d5fa5c4cc2d200863cafc0d521ce42e7d3e7ee720ec0a83991735586a16f82\windows-amd64;C:\Users\Lenovo\.gradle\native\e376f236ea51e6404a007f0833ffe2c6e607c4080706a723a18a27aeea778392\windows-amd64

VM Arguments:
jvm_args: -XX:MaxMetaspaceSize=512m --add-opens=java.base/java.util=ALL-UNNAMED --add-opens=java.base/java.lang=ALL-UNNAMED --add-opens=java.base/java.lang.invoke=ALL-UNNAMED --add-opens=java.prefs/java.util.prefs=ALL-UNNAMED --add-opens=java.base/java.nio.charset=ALL-UNNAMED --add-opens=java.base/java.net=ALL-UNNAMED --add-opens=java.base/java.util.concurrent.atomic=ALL-UNNAMED -Xmx4608m -Dfile.encoding=windows-1252 -Duser.country=IN -Duser.language=en -Duser.variant -javaagent:C:\Users\Lenovo\.gradle\wrapper\dists\gradle-8.3-all\6en3ugtfdg5xnpx44z4qbwgas\gradle-8.3\lib\agents\gradle-instrumentation-agent-8.3.jar 
java_command: org.gradle.launcher.daemon.bootstrap.GradleDaemon 8.3
java_class_path (initial): C:\Users\Lenovo\.gradle\wrapper\dists\gradle-8.3-all\6en3ugtfdg5xnpx44z4qbwgas\gradle-8.3\lib\gradle-launcher-8.3.jar
Launcher Type: SUN_STANDARD

[Global flags]
     intx CICompilerCount                          = 3                                         {product} {ergonomic}
   size_t CompressedClassSpaceSize                 = 436207616                                 {product} {ergonomic}
     uint ConcGCThreads                            = 1                                         {product} {ergonomic}
     uint G1ConcRefinementThreads                  = 4                                         {product} {ergonomic}
   size_t G1HeapRegionSize                         = 4194304                                   {product} {ergonomic}
    uintx GCDrainStackTargetSize                   = 64                                        {product} {ergonomic}
   size_t InitialHeapSize                          = 134217728                                 {product} {ergonomic}
   size_t MarkStackSize                            = 4194304                                   {product} {ergonomic}
   size_t MaxHeapSize                              = 4831838208                                {product} {command line}
   size_t MaxMetaspaceSize                         = 536870912                                 {product} {command line}
   size_t MaxNewSize                               = 2898264064                                {product} {ergonomic}
   size_t MinHeapDeltaBytes                        = 4194304                                   {product} {ergonomic}
   size_t MinHeapSize                              = 8388608                                   {product} {ergonomic}
    uintx NonNMethodCodeHeapSize                   = 5832780                                {pd product} {ergonomic}
    uintx NonProfiledCodeHeapSize                  = 122912730                              {pd product} {ergonomic}
    uintx ProfiledCodeHeapSize                     = 122912730                              {pd product} {ergonomic}
    uintx ReservedCodeCacheSize                    = 251658240                              {pd product} {ergonomic}
     bool SegmentedCodeCache                       = true                                      {product} {ergonomic}
   size_t SoftMaxHeapSize                          = 4831838208                             {manageable} {ergonomic}
     bool UseCompressedClassPointers               = true                           {product lp64_product} {ergonomic}
     bool UseCompressedOops                        = true                           {product lp64_product} {ergonomic}
     bool UseG1GC                                  = true                                      {product} {ergonomic}
     bool UseLargePagesIndividualAllocation        = false                                  {pd product} {ergonomic}

Logging:
Log output configuration:
 #0: stdout all=warning uptime,level,tags
 #1: stderr all=off uptime,level,tags

Environment Variables:
JAVA_HOME=C:\Program Files\Microsoft\jdk-17.0.8.7-hotspot
CLASSPATH=D:\all projects\Native cli\Myportfolio\PortfolioProject\android\\gradle\wrapper\gradle-wrapper.jar
PATH=C:\Program Files\Microsoft\jdk-17.0.8.7-hotspot\bin;C:\Windows\system32;C:\Windows;C:\Windows\System32\Wbem;C:\Windows\System32\WindowsPowerShell\v1.0\;C:\Windows\System32\OpenSSH\;C:\Program Files\Git\cmd;C:\ProgramData\chocolatey\bin;C:\Program Files\nodejs\;C:\Users\Lenovo\AppData\Local\Microsoft\WindowsApps;C:\Users\Lenovo\AppData\Local\Programs\Microsoft VS Code\bin;C:\Users\Lenovo\AppData\Roaming\npm;C:\Users\Lenovo\AppData\Local\Android\Sdk\platform-tools;
USERNAME=Lenovo
LANG=en_US.UTF-8
OS=Windows_NT
PROCESSOR_IDENTIFIER=Intel64 Family 6 Model 140 Stepping 1, GenuineIntel
TMP=C:\Users\Lenovo\AppData\Local\Temp
TEMP=C:\Users\Lenovo\AppData\Local\Temp



---------------  S Y S T E M  ---------------

OS:
 Windows 11 , 64 bit Build 22621 (10.0.22621.3085)
OS uptime: 0 days 0:14 hours
Hyper-V role detected

CPU: total 4 (initial active 4) (2 cores per cpu, 2 threads per core) family 6 model 140 stepping 1 microcode 0xa6, cx8, cmov, fxsr, ht, mmx, 3dnowpref, sse, sse2, sse3, ssse3, sse4.1, sse4.2, popcnt, lzcnt, tsc, tscinvbit, avx, avx2, aes, erms, clmul, bmi1, bmi2, adx, avx512f, avx512dq, avx512cd, avx512bw, avx512vl, sha, fma, vzeroupper, avx512_vpopcntdq, avx512_vpclmulqdq, avx512_vaes, avx512_vnni, clflush, clflushopt, clwb, avx512_vbmi2, avx512_vbmi, hv
Processor Information for all 4 processors :
  Max Mhz: 2995, Current Mhz: 2995, Mhz Limit: 2995

Memory: 4k page, system-wide physical 7991M (654M free)
TotalPageFile size 15927M (AvailPageFile size 5670M)
current process WorkingSet (physical memory assigned to process): 612M, peak: 614M
current process commit charge ("private bytes"): 651M, peak: 654M

vm_info: OpenJDK 64-Bit Server VM (17.0.8+7-LTS) for windows-amd64 JRE (17.0.8+7-LTS), built on Jul  7 2023 17:21:55 by "MicrosoftCorporation" with MS VC++ 16.10 / 16.11 (VS2019)

END.
