#
# A fatal error has been detected by the Java Runtime Environment:
#
#  EXCEPTION_ACCESS_VIOLATION (0xc0000005) at pc=0x00007ffd6de2e0a9, pid=9892, tid=22516
#
# JRE version: OpenJDK Runtime Environment Microsoft-8035246 (17.0.8+7) (build 17.0.8+7-LTS)
# Java VM: OpenJDK 64-Bit Server VM Microsoft-8035246 (17.0.8+7-LTS, mixed mode, sharing, tiered, compressed oops, compressed class ptrs, g1 gc, windows-amd64)
# Problematic frame:
# V  [jvm.dll+0x2be0a9]
#
# No core dump will be written. Minidumps are not enabled by default on client versions of Windows
#
# If you would like to submit a bug report, please visit:
#   https://github.com/microsoft/openjdk/issues
#

---------------  S U M M A R Y ------------

Command Line: -XX:MaxMetaspaceSize=512m --add-opens=java.base/java.util=ALL-UNNAMED --add-opens=java.base/java.lang=ALL-UNNAMED --add-opens=java.base/java.lang.invoke=ALL-UNNAMED --add-opens=java.prefs/java.util.prefs=ALL-UNNAMED --add-opens=java.base/java.nio.charset=ALL-UNNAMED --add-opens=java.base/java.net=ALL-UNNAMED --add-opens=java.base/java.util.concurrent.atomic=ALL-UNNAMED -Xmx2048m -Dfile.encoding=windows-1252 -Duser.country=IN -Duser.language=en -Duser.variant -javaagent:C:\Users\Lenovo\.gradle\wrapper\dists\gradle-8.3-all\6en3ugtfdg5xnpx44z4qbwgas\gradle-8.3\lib\agents\gradle-instrumentation-agent-8.3.jar org.gradle.launcher.daemon.bootstrap.GradleDaemon 8.3

Host: 11th Gen Intel(R) Core(TM) i3-1115G4 @ 3.00GHz, 4 cores, 7G,  Windows 11 , 64 bit Build 22621 (10.0.22621.2506)
Time: Mon Jan 22 21:02:10 2024 India Standard Time elapsed time: 27.657606 seconds (0d 0h 0m 27s)

---------------  T H R E A D  ---------------

Current thread (0x000002275e4b3f90):  JavaThread "C2 CompilerThread1" daemon [_thread_in_native, id=22516, stack(0x0000007199800000,0x0000007199900000)]


Current CompileTask:
C2:  27657 14563   !   4       org.gradle.cache.internal.DefaultMultiProcessSafeIndexedCache::getIfPresent (25 bytes)

Stack: [0x0000007199800000,0x0000007199900000],  sp=0x00000071998fb2a0,  free space=1004k
Native frames: (J=compiled Java code, j=interpreted, Vv=VM code, C=native code)
V  [jvm.dll+0x2be0a9]
V  [jvm.dll+0x21ba8b]
V  [jvm.dll+0x21944b]
V  [jvm.dll+0x1a56b6]
V  [jvm.dll+0x2291ea]
V  [jvm.dll+0x22724c]
V  [jvm.dll+0x7efd0c]
V  [jvm.dll+0x7ea13a]
V  [jvm.dll+0x67ad85]
C  [ucrtbase.dll+0x29363]
C  [KERNEL32.DLL+0x1257d]
C  [ntdll.dll+0x5aa58]


siginfo: EXCEPTION_ACCESS_VIOLATION (0xc0000005), reading address 0x0000000000000028


Register to memory mapping:

RIP=0x00007ffd6de2e0a9 jvm.dll
RAX=0x0000022766344320 points into unknown readable memory: 0x0000000000000000 | 00 00 00 00 00 00 00 00
RBX=0x0000000000001925 is an unknown value
RCX=0x0 is NULL
RDX=0x0 is NULL
RSP=0x00000071998fb2a0 is pointing into the stack for thread: 0x000002275e4b3f90
RBP=0x00000071998fb310 is pointing into the stack for thread: 0x000002275e4b3f90
RSI=0x0 is NULL
RDI=0x0000000000000051 is an unknown value
R8 =0x000000000000ffe0 is an unknown value
R9 =0x0 is NULL
R10=0x00007ffd9f5f0000 VCRUNTIME140.dll
R11=0x0000022766344340 points into unknown readable memory: 0x0000000000000000 | 00 00 00 00 00 00 00 00
R12=0x0000000000000050 is an unknown value
R13=0x0 is NULL
R14=0x0 is NULL
R15=0x00000071998fe4c0 is pointing into the stack for thread: 0x000002275e4b3f90


Registers:
RAX=0x0000022766344320, RBX=0x0000000000001925, RCX=0x0000000000000000, RDX=0x0000000000000000
RSP=0x00000071998fb2a0, RBP=0x00000071998fb310, RSI=0x0000000000000000, RDI=0x0000000000000051
R8 =0x000000000000ffe0, R9 =0x0000000000000000, R10=0x00007ffd9f5f0000, R11=0x0000022766344340
R12=0x0000000000000050, R13=0x0000000000000000, R14=0x0000000000000000, R15=0x00000071998fe4c0
RIP=0x00007ffd6de2e0a9, EFLAGS=0x0000000000010202

Top of Stack: (sp=0x00000071998fb2a0)
0x00000071998fb2a0:   0000000000001925 0000000000000000
0x00000071998fb2b0:   00000071998fe4c0 00007ffd6dd938d1
0x00000071998fb2c0:   0000022760ec0b40 00007ffd00002000
0x00000071998fb2d0:   0000022766344320 0000000000000000
0x00000071998fb2e0:   0000000000000002 00000227673a7d80
0x00000071998fb2f0:   0000000000000002 0000022760ec0b40
0x00000071998fb300:   0000000000000000 0000000000000000
0x00000071998fb310:   000002275fe74e10 000002271da6a410
0x00000071998fb320:   0000000000000051 00007ffd6e4b4c08
0x00000071998fb330:   00000071998fb440 00007ffd6dd8ba8b
0x00000071998fb340:   00000071998fe4c0 00007ffd6e4b4c08
0x00000071998fb350:   00000071998fe4c0 00000071998fb440
0x00000071998fb360:   0000022700000000 00007ffd6e18b7fb
0x00000071998fb370:   000000710000000f 00000071998fe4c0
0x00000071998fb380:   00000071998fb4f0 0000000000000000
0x00000071998fb390:   0000022700000100 00007ffd6e4b4c08 

Instructions: (pc=0x00007ffd6de2e0a9)
0x00007ffd6de2dfa9:   3b d0 75 0b ff c1 41 3b c9 7c dc 48 8b c2 c3 33
0x00007ffd6de2dfb9:   c0 c3 cc cc cc cc cc 48 89 5c 24 18 55 56 57 41
0x00007ffd6de2dfc9:   55 41 57 48 8b ec 48 83 ec 70 65 48 8b 04 25 58
0x00007ffd6de2dfd9:   00 00 00 48 8b f2 44 8b 05 d2 8b 90 00 4c 8b f9
0x00007ffd6de2dfe9:   4a 8b 1c c0 b8 50 00 00 00 80 3c 18 00 75 05 e8
0x00007ffd6de2dff9:   8b 6f 5d 00 b8 20 00 00 00 48 8b 04 18 48 8b 98
0x00007ffd6de2e009:   38 02 00 00 48 89 5d b0 c7 45 b8 04 00 00 00 48
0x00007ffd6de2e019:   8b 43 18 48 83 f8 df 76 18 4c 8d 05 37 a9 65 00
0x00007ffd6de2e029:   ba 20 00 00 00 48 8b cb e8 5a eb de ff 48 8b 43
0x00007ffd6de2e039:   18 48 8d 48 20 48 3b 4b 20 76 11 45 33 c0 48 8b
0x00007ffd6de2e049:   cb 41 8d 50 20 e8 fd e8 de ff eb 04 48 89 4b 18
0x00007ffd6de2e059:   44 8b 45 b8 33 d2 49 c1 e0 03 48 8b c8 48 89 45
0x00007ffd6de2e069:   c0 e8 e3 80 5d 00 45 33 ed 48 8d 4d d0 44 89 6d
0x00007ffd6de2e079:   c8 e8 01 59 56 00 41 8b 9f 40 02 00 00 41 2b 9f
0x00007ffd6de2e089:   68 02 00 00 44 89 6d f0 3b 5d b8 72 0b 8b d3 48
0x00007ffd6de2e099:   8d 4d b0 e8 6f b3 39 00 48 8b 45 c0 4c 89 2c d8
0x00007ffd6de2e0a9:   8b 7e 28 8b df c1 eb 05 3b 5d d0 72 0b 8b d3 48
0x00007ffd6de2e0b9:   8d 4d d0 e8 1f 59 56 00 48 8b 45 d8 83 e7 1f 48
0x00007ffd6de2e0c9:   8d 14 98 40 0f b6 cf 41 b8 01 00 00 00 41 d3 e0
0x00007ffd6de2e0d9:   8b 0a 8b c1 41 0b c0 89 02 41 85 c8 75 21 8b 5d
0x00007ffd6de2e0e9:   c8 8d 43 01 89 45 c8 3b 5d b8 72 0b 8b d3 48 8d
0x00007ffd6de2e0f9:   4d b0 e8 10 b3 39 00 48 8b 45 c0 48 89 34 d8 44
0x00007ffd6de2e109:   39 6d c8 0f 86 77 01 00 00 4c 89 a4 24 a0 00 00
0x00007ffd6de2e119:   00 4c 89 b4 24 a8 00 00 00 48 8b 45 c0 41 8b cd
0x00007ffd6de2e129:   48 8b 34 c8 8b 46 2c 25 ff 1f 00 00 3d 04 10 00
0x00007ffd6de2e139:   00 0f 85 a7 00 00 00 bb 01 00 00 00 39 5e 18 76
0x00007ffd6de2e149:   39 66 0f 1f 44 00 00 48 8b 46 08 8b cb 48 8b 14
0x00007ffd6de2e159:   c8 48 85 d2 74 1d 48 83 7a 10 00 74 16 80 7a 2c
0x00007ffd6de2e169:   84 74 10 e8 7f 7e ee ff 48 8b d0 49 8b cf e8 a4
0x00007ffd6de2e179:   61 f6 ff ff c3 3b 5e 18 72 cd 48 8b 5e 10 8b 46
0x00007ffd6de2e189:   20 4c 8d 34 c3 49 3b de 73 54 48 8b 3b 8b 47 2c
0x00007ffd6de2e199:   83 e0 03 3c 03 75 2e 48 8b 07 48 8b cf ff 90 88 


Stack slot to memory mapping:
stack at sp + 0 slots: 0x0000000000001925 is an unknown value
stack at sp + 1 slots: 0x0 is NULL
stack at sp + 2 slots: 0x00000071998fe4c0 is pointing into the stack for thread: 0x000002275e4b3f90
stack at sp + 3 slots: 0x00007ffd6dd938d1 jvm.dll
stack at sp + 4 slots: 0x0000022760ec0b40 points into unknown readable memory: 0x0000000000000006 | 06 00 00 00 00 00 00 00
stack at sp + 5 slots: 0x00007ffd00002000 is an unknown value
stack at sp + 6 slots: 0x0000022766344320 points into unknown readable memory: 0x0000000000000000 | 00 00 00 00 00 00 00 00
stack at sp + 7 slots: 0x0 is NULL


---------------  P R O C E S S  ---------------

Threads class SMR info:
_java_thread_list=0x0000022766569760, length=92, elements={
0x000002271da534d0, 0x000002273b638670, 0x000002273b639230, 0x000002273b64e7c0,
0x000002273b64f290, 0x000002273b651d60, 0x000002273b654730, 0x000002273b6584f0,
0x000002273b6664c0, 0x000002273b780060, 0x000002273b82fd70, 0x000002273b8f75e0,
0x000002275bc872a0, 0x000002275d1ad740, 0x000002275c622590, 0x000002275bd03de0,
0x000002275bd042c0, 0x000002275bf077f0, 0x000002275bf09b60, 0x000002275bf0a070,
0x000002275bf08210, 0x000002275bf068c0, 0x000002275bf072e0, 0x000002275bf06dd0,
0x000002275bf08720, 0x000002275bf07d00, 0x000002275bf09140, 0x000002275bf08c30,
0x000002275cdbca50, 0x000002275cdb92a0, 0x000002275cdb8370, 0x000002275cdb97b0,
0x000002275cdb8d90, 0x000002275cdb8880, 0x000002275cdb9cc0, 0x000002275cdbabf0,
0x000002275cdbb100, 0x000002275cdbc030, 0x000002275cdba1d0, 0x000002275cdbe3a0,
0x000002275cdbcf60, 0x000002275cdb7e60, 0x000002275cdba6e0, 0x000002275cdbe8b0,
0x000002275cdbb610, 0x000002275cdb7440, 0x000002275cdbd470, 0x000002275df36590,
0x000002275df36aa0, 0x000002275df36fb0, 0x000002275df383f0, 0x000002275df39830,
0x000002275df39320, 0x000002275df38900, 0x000002275df374c0, 0x000002275df379d0,
0x000002275df37ee0, 0x000002275fe33ac0, 0x000002275fe2d580, 0x000002275fe2f3e0,
0x000002275fe31750, 0x000002275fe2e4b0, 0x000002275fe344e0, 0x000002275fe2da90,
0x000002275fe33fd0, 0x000002275fe2e9c0, 0x000002275e4b3f90, 0x000002275fe2eed0,
0x000002275fe349f0, 0x000002275fe30820, 0x000002275fe32680, 0x000002275fe30d30,
0x000002275fe32b90, 0x00000227664b0880, 0x00000227664b3610, 0x00000227664b1cc0,
0x00000227664b0370, 0x00000227664aef30, 0x00000227664afe60, 0x00000227664b0d90,
0x00000227664b5980, 0x00000227664b3100, 0x00000227664b5e90, 0x00000227664b12a0,
0x00000227664b17b0, 0x00000227664b21d0, 0x00000227664b3b20, 0x00000227664b4030,
0x00000227664b26e0, 0x00000227664b4540, 0x00000227664b2bf0, 0x00000227664b5470
}

Java Threads: ( => current thread )
  0x000002271da534d0 JavaThread "main" [_thread_blocked, id=14616, stack(0x0000007196400000,0x0000007196500000)]
  0x000002273b638670 JavaThread "Reference Handler" daemon [_thread_blocked, id=14548, stack(0x0000007196b00000,0x0000007196c00000)]
  0x000002273b639230 JavaThread "Finalizer" daemon [_thread_blocked, id=21840, stack(0x0000007196c00000,0x0000007196d00000)]
  0x000002273b64e7c0 JavaThread "Signal Dispatcher" daemon [_thread_blocked, id=15716, stack(0x0000007196d00000,0x0000007196e00000)]
  0x000002273b64f290 JavaThread "Attach Listener" daemon [_thread_blocked, id=8036, stack(0x0000007196e00000,0x0000007196f00000)]
  0x000002273b651d60 JavaThread "Service Thread" daemon [_thread_blocked, id=7728, stack(0x0000007196f00000,0x0000007197000000)]
  0x000002273b654730 JavaThread "Monitor Deflation Thread" daemon [_thread_blocked, id=25424, stack(0x0000007197000000,0x0000007197100000)]
  0x000002273b6584f0 JavaThread "C2 CompilerThread0" daemon [_thread_in_native, id=14028, stack(0x0000007197100000,0x0000007197200000)]
  0x000002273b6664c0 JavaThread "C1 CompilerThread0" daemon [_thread_blocked, id=12312, stack(0x0000007197200000,0x0000007197300000)]
  0x000002273b780060 JavaThread "Sweeper thread" daemon [_thread_blocked, id=20176, stack(0x0000007197300000,0x0000007197400000)]
  0x000002273b82fd70 JavaThread "Common-Cleaner" daemon [_thread_blocked, id=4092, stack(0x0000007197400000,0x0000007197500000)]
  0x000002273b8f75e0 JavaThread "Notification Thread" daemon [_thread_blocked, id=10432, stack(0x0000007197500000,0x0000007197600000)]
  0x000002275bc872a0 JavaThread "Daemon health stats" [_thread_blocked, id=18100, stack(0x0000007197b00000,0x0000007197c00000)]
  0x000002275d1ad740 JavaThread "Incoming local TCP Connector on port 61337" [_thread_in_native, id=17624, stack(0x0000007197c00000,0x0000007197d00000)]
  0x000002275c622590 JavaThread "Daemon periodic checks" [_thread_blocked, id=24304, stack(0x0000007197d00000,0x0000007197e00000)]
  0x000002275bd03de0 JavaThread "Daemon" [_thread_blocked, id=13004, stack(0x0000007197e00000,0x0000007197f00000)]
  0x000002275bd042c0 JavaThread "Handler for socket connection from /127.0.0.1:61337 to /127.0.0.1:61338" [_thread_in_native, id=6152, stack(0x0000007197f00000,0x0000007198000000)]
  0x000002275bf077f0 JavaThread "Cancel handler" [_thread_blocked, id=18192, stack(0x0000007198000000,0x0000007198100000)]
  0x000002275bf09b60 JavaThread "Daemon worker" [_thread_blocked, id=26532, stack(0x0000007198100000,0x0000007198200000)]
  0x000002275bf0a070 JavaThread "Asynchronous log dispatcher for DefaultDaemonConnection: socket connection from /127.0.0.1:61337 to /127.0.0.1:61338" [_thread_blocked, id=15320, stack(0x0000007198200000,0x0000007198300000)]
  0x000002275bf08210 JavaThread "Stdin handler" [_thread_blocked, id=11860, stack(0x0000007198300000,0x0000007198400000)]
  0x000002275bf068c0 JavaThread "Daemon client event forwarder" [_thread_blocked, id=22960, stack(0x0000007198400000,0x0000007198500000)]
  0x000002275bf072e0 JavaThread "Cache worker for journal cache (C:\Users\Lenovo\.gradle\caches\journal-1)" [_thread_blocked, id=16948, stack(0x0000007198500000,0x0000007198600000)]
  0x000002275bf06dd0 JavaThread "File lock request listener" [_thread_in_native, id=25828, stack(0x0000007198600000,0x0000007198700000)]
  0x000002275bf08720 JavaThread "Cache worker for file hash cache (C:\Users\Lenovo\.gradle\caches\8.3\fileHashes)" [_thread_blocked, id=1492, stack(0x0000007198700000,0x0000007198800000)]
  0x000002275bf07d00 JavaThread "File watcher server" daemon [_thread_in_native, id=22352, stack(0x0000007198800000,0x0000007198900000)]
  0x000002275bf09140 JavaThread "File watcher consumer" daemon [_thread_blocked, id=18396, stack(0x0000007198900000,0x0000007198a00000)]
  0x000002275bf08c30 JavaThread "Cache worker for checksums cache (D:\all projects\Native cli\Myportfolio\PortfolioProject\android\.gradle\8.3\checksums)" [_thread_blocked, id=22992, stack(0x0000007198a00000,0x0000007198b00000)]
  0x000002275cdbca50 JavaThread "Cache worker for file hash cache (D:\all projects\Native cli\Myportfolio\PortfolioProject\android\.gradle\8.3\fileHashes)" [_thread_blocked, id=7184, stack(0x0000007198b00000,0x0000007198c00000)]
  0x000002275cdb92a0 JavaThread "Cache worker for cache directory md-supplier (C:\Users\Lenovo\.gradle\caches\8.3\md-supplier)" [_thread_blocked, id=1972, stack(0x0000007198c00000,0x0000007198d00000)]
  0x000002275cdb8370 JavaThread "Cache worker for file content cache (C:\Users\Lenovo\.gradle\caches\8.3\fileContent)" [_thread_blocked, id=25708, stack(0x0000007198d00000,0x0000007198e00000)]
  0x000002275cdb97b0 JavaThread "Cache worker for cache directory md-rule (C:\Users\Lenovo\.gradle\caches\8.3\md-rule)" [_thread_blocked, id=16980, stack(0x0000007198f00000,0x0000007199000000)]
  0x000002275cdb8d90 JavaThread "Cache worker for execution history cache (C:\Users\Lenovo\.gradle\caches\8.3\executionHistory)" [_thread_blocked, id=4064, stack(0x0000007199000000,0x0000007199100000)]
  0x000002275cdb8880 JavaThread "jar transforms" [_thread_blocked, id=1260, stack(0x0000007199100000,0x0000007199200000)]
  0x000002275cdb9cc0 JavaThread "jar transforms Thread 2" [_thread_blocked, id=2452, stack(0x0000007199200000,0x0000007199300000)]
  0x000002275cdbabf0 JavaThread "jar transforms Thread 3" [_thread_blocked, id=26108, stack(0x0000007199300000,0x0000007199400000)]
  0x000002275cdbb100 JavaThread "jar transforms Thread 4" [_thread_blocked, id=8180, stack(0x0000007199400000,0x0000007199500000)]
  0x000002275cdbc030 JavaThread "Cache worker for kotlin-dsl (C:\Users\Lenovo\.gradle\caches\8.3\kotlin-dsl)" [_thread_blocked, id=2196, stack(0x0000007199500000,0x0000007199600000)]
  0x000002275cdba1d0 JavaThread "Unconstrained build operations" [_thread_blocked, id=26412, stack(0x0000007197700000,0x0000007197800000)]
  0x000002275cdbe3a0 JavaThread "Unconstrained build operations Thread 2" [_thread_blocked, id=1692, stack(0x0000007199700000,0x0000007199800000)]
  0x000002275cdbcf60 JavaThread "Cache worker for dependencies-accessors (D:\all projects\Native cli\Myportfolio\PortfolioProject\android\.gradle\8.3\dependencies-accessors)" [_thread_blocked, id=4956, stack(0x0000007199900000,0x0000007199a00000)]
  0x000002275cdb7e60 JavaThread "Cache worker for Build Output Cleanup Cache (D:\all projects\Native cli\Myportfolio\PortfolioProject\node_modules\@react-native\gradle-plugin\.gradle\buildOutputCleanup)" [_thread_blocked, id=21620, stack(0x0000007199a00000,0x0000007199b00000)]
  0x000002275cdba6e0 JavaThread "Unconstrained build operations Thread 3" [_thread_blocked, id=24772, stack(0x0000007199b00000,0x0000007199c00000)]
  0x000002275cdbe8b0 JavaThread "Unconstrained build operations Thread 4" [_thread_blocked, id=7856, stack(0x0000007199c00000,0x0000007199d00000)]
  0x000002275cdbb610 JavaThread "Unconstrained build operations Thread 5" [_thread_blocked, id=24376, stack(0x0000007199d00000,0x0000007199e00000)]
  0x000002275cdb7440 JavaThread "Memory manager" [_thread_blocked, id=22476, stack(0x0000007199e00000,0x0000007199f00000)]
  0x000002275cdbd470 JavaThread "Cache worker for Build Output Cleanup Cache (D:\all projects\Native cli\Myportfolio\PortfolioProject\android\.gradle\buildOutputCleanup)" [_thread_blocked, id=12368, stack(0x0000007199f00000,0x000000719a000000)]
  0x000002275df36590 JavaThread "ForkJoinPool.commonPool-worker-1" daemon [_thread_blocked, id=3864, stack(0x000000719a000000,0x000000719a100000)]
  0x000002275df36aa0 JavaThread "ForkJoinPool.commonPool-worker-2" daemon [_thread_blocked, id=14948, stack(0x000000719a100000,0x000000719a200000)]
  0x000002275df36fb0 JavaThread "ForkJoinPool.commonPool-worker-3" daemon [_thread_blocked, id=18872, stack(0x000000719a200000,0x000000719a300000)]
  0x000002275df383f0 JavaThread "included builds" [_thread_blocked, id=12220, stack(0x000000719a300000,0x000000719a400000)]
  0x000002275df39830 JavaThread "Execution worker" [_thread_blocked, id=9588, stack(0x000000719a400000,0x000000719a500000)]
  0x000002275df39320 JavaThread "Execution worker Thread 2" [_thread_in_native, id=15072, stack(0x000000719a500000,0x000000719a600000)]
  0x000002275df38900 JavaThread "Execution worker Thread 3" [_thread_blocked, id=19016, stack(0x000000719a600000,0x000000719a700000)]
  0x000002275df374c0 JavaThread "Cache worker for execution history cache (D:\all projects\Native cli\Myportfolio\PortfolioProject\node_modules\@react-native\gradle-plugin\.gradle\8.3\executionHistory)" [_thread_blocked, id=21188, stack(0x000000719a700000,0x000000719a800000)]
  0x000002275df379d0 JavaThread "Unconstrained build operations Thread 6" [_thread_blocked, id=2192, stack(0x000000719a800000,0x000000719a900000)]
  0x000002275df37ee0 JavaThread "Unconstrained build operations Thread 7" [_thread_blocked, id=19656, stack(0x000000719a900000,0x000000719aa00000)]
  0x000002275fe33ac0 JavaThread "Unconstrained build operations Thread 8" [_thread_blocked, id=10844, stack(0x000000719aa00000,0x000000719ab00000)]
  0x000002275fe2d580 JavaThread "Unconstrained build operations Thread 9" [_thread_blocked, id=9608, stack(0x000000719ab00000,0x000000719ac00000)]
  0x000002275fe2f3e0 JavaThread "Unconstrained build operations Thread 10" [_thread_blocked, id=19876, stack(0x000000719ac00000,0x000000719ad00000)]
  0x000002275fe31750 JavaThread "Unconstrained build operations Thread 11" [_thread_blocked, id=19888, stack(0x000000719ad00000,0x000000719ae00000)]
  0x000002275fe2e4b0 JavaThread "Unconstrained build operations Thread 12" [_thread_blocked, id=24412, stack(0x000000719ae00000,0x000000719af00000)]
  0x000002275fe344e0 JavaThread "Unconstrained build operations Thread 13" [_thread_blocked, id=14520, stack(0x000000719af00000,0x000000719b000000)]
  0x000002275fe2da90 JavaThread "Unconstrained build operations Thread 14" [_thread_blocked, id=8148, stack(0x000000719b000000,0x000000719b100000)]
  0x000002275fe33fd0 JavaThread "Unconstrained build operations Thread 15" [_thread_blocked, id=20032, stack(0x000000719b100000,0x000000719b200000)]
  0x000002275fe2e9c0 JavaThread "Unconstrained build operations Thread 16" [_thread_blocked, id=2824, stack(0x000000719b200000,0x000000719b300000)]
=>0x000002275e4b3f90 JavaThread "C2 CompilerThread1" daemon [_thread_in_native, id=22516, stack(0x0000007199800000,0x0000007199900000)]
  0x000002275fe2eed0 JavaThread "Unconstrained build operations Thread 17" [_thread_blocked, id=18144, stack(0x000000719b300000,0x000000719b400000)]
  0x000002275fe349f0 JavaThread "Unconstrained build operations Thread 18" [_thread_blocked, id=20028, stack(0x000000719b400000,0x000000719b500000)]
  0x000002275fe30820 JavaThread "Unconstrained build operations Thread 19" [_thread_blocked, id=24044, stack(0x000000719b500000,0x000000719b600000)]
  0x000002275fe32680 JavaThread "Unconstrained build operations Thread 20" [_thread_blocked, id=13328, stack(0x000000719b600000,0x000000719b700000)]
  0x000002275fe30d30 JavaThread "Unconstrained build operations Thread 21" [_thread_blocked, id=19884, stack(0x000000719b700000,0x000000719b800000)]
  0x000002275fe32b90 JavaThread "Unconstrained build operations Thread 22" [_thread_blocked, id=20232, stack(0x000000719b800000,0x000000719b900000)]
  0x00000227664b0880 JavaThread "Unconstrained build operations Thread 23" [_thread_blocked, id=15432, stack(0x000000719b900000,0x000000719ba00000)]
  0x00000227664b3610 JavaThread "Unconstrained build operations Thread 24" [_thread_blocked, id=15992, stack(0x000000719ba00000,0x000000719bb00000)]
  0x00000227664b1cc0 JavaThread "Unconstrained build operations Thread 25" [_thread_blocked, id=9960, stack(0x000000719bb00000,0x000000719bc00000)]
  0x00000227664b0370 JavaThread "Unconstrained build operations Thread 26" [_thread_blocked, id=16656, stack(0x000000719bc00000,0x000000719bd00000)]
  0x00000227664aef30 JavaThread "Unconstrained build operations Thread 27" [_thread_blocked, id=21412, stack(0x000000719bd00000,0x000000719be00000)]
  0x00000227664afe60 JavaThread "Unconstrained build operations Thread 28" [_thread_blocked, id=23932, stack(0x000000719be00000,0x000000719bf00000)]
  0x00000227664b0d90 JavaThread "Unconstrained build operations Thread 29" [_thread_blocked, id=23636, stack(0x000000719bf00000,0x000000719c000000)]
  0x00000227664b5980 JavaThread "Unconstrained build operations Thread 30" [_thread_blocked, id=19140, stack(0x000000719c000000,0x000000719c100000)]
  0x00000227664b3100 JavaThread "Unconstrained build operations Thread 31" [_thread_blocked, id=9492, stack(0x000000719c100000,0x000000719c200000)]
  0x00000227664b5e90 JavaThread "Unconstrained build operations Thread 32" [_thread_blocked, id=19508, stack(0x000000719c200000,0x000000719c300000)]
  0x00000227664b12a0 JavaThread "Unconstrained build operations Thread 33" [_thread_blocked, id=1940, stack(0x000000719c300000,0x000000719c400000)]
  0x00000227664b17b0 JavaThread "Unconstrained build operations Thread 34" [_thread_blocked, id=404, stack(0x000000719c400000,0x000000719c500000)]
  0x00000227664b21d0 JavaThread "Unconstrained build operations Thread 35" [_thread_blocked, id=11028, stack(0x000000719c500000,0x000000719c600000)]
  0x00000227664b3b20 JavaThread "Unconstrained build operations Thread 36" [_thread_blocked, id=11724, stack(0x000000719c600000,0x000000719c700000)]
  0x00000227664b4030 JavaThread "Unconstrained build operations Thread 37" [_thread_blocked, id=18984, stack(0x000000719c700000,0x000000719c800000)]
  0x00000227664b26e0 JavaThread "Unconstrained build operations Thread 38" [_thread_blocked, id=22764, stack(0x000000719c800000,0x000000719c900000)]
  0x00000227664b4540 JavaThread "Unconstrained build operations Thread 39" [_thread_blocked, id=8380, stack(0x000000719c900000,0x000000719ca00000)]
  0x00000227664b2bf0 JavaThread "Unconstrained build operations Thread 40" [_thread_blocked, id=20948, stack(0x000000719ca00000,0x000000719cb00000)]
  0x00000227664b5470 JavaThread "Cache worker for execution history cache (D:\all projects\Native cli\Myportfolio\PortfolioProject\android\.gradle\8.3\executionHistory)" [_thread_blocked, id=26464, stack(0x000000719cb00000,0x000000719cc00000)]

Other Threads:
  0x000002273b635010 VMThread "VM Thread" [stack: 0x0000007196a00000,0x0000007196b00000] [id=20840]
  0x000002271dac6ad0 WatcherThread [stack: 0x0000007197600000,0x0000007197700000] [id=7488]
  0x000002271daad390 GCTaskThread "GC Thread#0" [stack: 0x0000007196500000,0x0000007196600000] [id=17320]
  0x000002273ba02780 GCTaskThread "GC Thread#1" [stack: 0x0000007197800000,0x0000007197900000] [id=25336]
  0x000002273ba024c0 GCTaskThread "GC Thread#2" [stack: 0x0000007197900000,0x0000007197a00000] [id=7048]
  0x000002273ba03280 GCTaskThread "GC Thread#3" [stack: 0x0000007197a00000,0x0000007197b00000] [id=9056]
  0x000002271dabe2e0 ConcurrentGCThread "G1 Main Marker" [stack: 0x0000007196600000,0x0000007196700000] [id=25852]
  0x000002271dabf490 ConcurrentGCThread "G1 Conc#0" [stack: 0x0000007196700000,0x0000007196800000] [id=12392]
  0x000002273b4b20d0 ConcurrentGCThread "G1 Refine#0" [stack: 0x0000007196800000,0x0000007196900000] [id=23016]
  0x000002275f06b4c0 ConcurrentGCThread "G1 Refine#1" [stack: 0x0000007198e00000,0x0000007198f00000] [id=18232]
  0x000002273b4b2b00 ConcurrentGCThread "G1 Service" [stack: 0x0000007196900000,0x0000007196a00000] [id=5960]

Threads with active compile tasks:
C2 CompilerThread0    27704 14556   !   4       java.nio.file.FileTreeWalker::next (144 bytes)
C2 CompilerThread1    27704 14563   !   4       org.gradle.cache.internal.DefaultMultiProcessSafeIndexedCache::getIfPresent (25 bytes)

VM state: not at safepoint (normal execution)

VM Mutex/Monitor currently owned by a thread: None

Heap address: 0x0000000080000000, size: 2048 MB, Compressed Oops mode: 32-bit

CDS archive(s) mapped at: [0x000002273c000000-0x000002273cbd0000-0x000002273cbd0000), size 12386304, SharedBaseAddress: 0x000002273c000000, ArchiveRelocationMode: 1.
Compressed class space mapped at: 0x000002273d000000-0x0000022757000000, reserved size: 436207616
Narrow klass base: 0x000002273c000000, Narrow klass shift: 0, Narrow klass range: 0x100000000

GC Precious Log:
 CPUs: 4 total, 4 available
 Memory: 7991M
 Large Page Support: Disabled
 NUMA Support: Disabled
 Compressed Oops: Enabled (32-bit)
 Heap Region Size: 1M
 Heap Min Capacity: 8M
 Heap Initial Capacity: 126M
 Heap Max Capacity: 2G
 Pre-touch: Disabled
 Parallel Workers: 4
 Concurrent Workers: 1
 Concurrent Refinement Workers: 4
 Periodic GC: Disabled

Heap:
 garbage-first heap   total 254976K, used 199495K [0x0000000080000000, 0x0000000100000000)
  region size 1024K, 55 young (56320K), 5 survivors (5120K)
 Metaspace       used 102622K, committed 103552K, reserved 557056K
  class space    used 14297K, committed 14720K, reserved 425984K

Heap Regions: E=young(eden), S=young(survivor), O=old, HS=humongous(starts), HC=humongous(continues), CS=collection set, F=free, OA=open archive, CA=closed archive, TAMS=top-at-mark-start (previous, next)
|   0|0x0000000080000000, 0x0000000080100000, 0x0000000080100000|100%| O|  |TAMS 0x0000000080100000, 0x0000000080000000| Untracked 
|   1|0x0000000080100000, 0x0000000080200000, 0x0000000080200000|100%| O|  |TAMS 0x0000000080200000, 0x0000000080100000| Untracked 
|   2|0x0000000080200000, 0x0000000080300000, 0x0000000080300000|100%|HS|  |TAMS 0x0000000080300000, 0x0000000080200000| Complete 
|   3|0x0000000080300000, 0x0000000080400000, 0x0000000080400000|100%|HC|  |TAMS 0x0000000080400000, 0x0000000080300000| Complete 
|   4|0x0000000080400000, 0x0000000080500000, 0x0000000080500000|100%|HC|  |TAMS 0x0000000080500000, 0x0000000080400000| Complete 
|   5|0x0000000080500000, 0x0000000080600000, 0x0000000080600000|100%|HC|  |TAMS 0x0000000080600000, 0x0000000080500000| Complete 
|   6|0x0000000080600000, 0x0000000080700000, 0x0000000080700000|100%| O|  |TAMS 0x0000000080700000, 0x0000000080600000| Untracked 
|   7|0x0000000080700000, 0x0000000080800000, 0x0000000080800000|100%| O|  |TAMS 0x0000000080800000, 0x0000000080700000| Untracked 
|   8|0x0000000080800000, 0x0000000080900000, 0x0000000080900000|100%| O|  |TAMS 0x0000000080900000, 0x0000000080800000| Untracked 
|   9|0x0000000080900000, 0x0000000080a00000, 0x0000000080a00000|100%| O|  |TAMS 0x0000000080a00000, 0x0000000080900000| Untracked 
|  10|0x0000000080a00000, 0x0000000080b00000, 0x0000000080b00000|100%| O|  |TAMS 0x0000000080b00000, 0x0000000080a00000| Untracked 
|  11|0x0000000080b00000, 0x0000000080c00000, 0x0000000080c00000|100%| O|  |TAMS 0x0000000080c00000, 0x0000000080b00000| Untracked 
|  12|0x0000000080c00000, 0x0000000080d00000, 0x0000000080d00000|100%| O|  |TAMS 0x0000000080d00000, 0x0000000080c00000| Untracked 
|  13|0x0000000080d00000, 0x0000000080e00000, 0x0000000080e00000|100%| O|  |TAMS 0x0000000080e00000, 0x0000000080d00000| Untracked 
|  14|0x0000000080e00000, 0x0000000080f00000, 0x0000000080f00000|100%| O|  |TAMS 0x0000000080f00000, 0x0000000080e00000| Untracked 
|  15|0x0000000080f00000, 0x0000000081000000, 0x0000000081000000|100%| O|  |TAMS 0x0000000081000000, 0x0000000080f00000| Untracked 
|  16|0x0000000081000000, 0x0000000081100000, 0x0000000081100000|100%| O|  |TAMS 0x0000000081100000, 0x0000000081000000| Untracked 
|  17|0x0000000081100000, 0x0000000081200000, 0x0000000081200000|100%| O|  |TAMS 0x0000000081200000, 0x0000000081100000| Untracked 
|  18|0x0000000081200000, 0x0000000081300000, 0x0000000081300000|100%| O|  |TAMS 0x0000000081300000, 0x0000000081200000| Untracked 
|  19|0x0000000081300000, 0x0000000081400000, 0x0000000081400000|100%| O|  |TAMS 0x0000000081400000, 0x0000000081300000| Untracked 
|  20|0x0000000081400000, 0x0000000081500000, 0x0000000081500000|100%| O|  |TAMS 0x0000000081500000, 0x0000000081400000| Untracked 
|  21|0x0000000081500000, 0x0000000081600000, 0x0000000081600000|100%| O|  |TAMS 0x0000000081600000, 0x0000000081500000| Untracked 
|  22|0x0000000081600000, 0x0000000081700000, 0x0000000081700000|100%| O|  |TAMS 0x0000000081700000, 0x0000000081600000| Untracked 
|  23|0x0000000081700000, 0x0000000081800000, 0x0000000081800000|100%| O|  |TAMS 0x0000000081800000, 0x0000000081700000| Untracked 
|  24|0x0000000081800000, 0x0000000081900000, 0x0000000081900000|100%| O|  |TAMS 0x0000000081900000, 0x0000000081800000| Untracked 
|  25|0x0000000081900000, 0x0000000081a00000, 0x0000000081a00000|100%| O|  |TAMS 0x0000000081a00000, 0x0000000081900000| Untracked 
|  26|0x0000000081a00000, 0x0000000081b00000, 0x0000000081b00000|100%| O|  |TAMS 0x0000000081b00000, 0x0000000081a00000| Untracked 
|  27|0x0000000081b00000, 0x0000000081c00000, 0x0000000081c00000|100%| O|  |TAMS 0x0000000081c00000, 0x0000000081b00000| Untracked 
|  28|0x0000000081c00000, 0x0000000081d00000, 0x0000000081d00000|100%| O|  |TAMS 0x0000000081d00000, 0x0000000081c00000| Untracked 
|  29|0x0000000081d00000, 0x0000000081e00000, 0x0000000081e00000|100%| O|  |TAMS 0x0000000081e00000, 0x0000000081d00000| Untracked 
|  30|0x0000000081e00000, 0x0000000081f00000, 0x0000000081f00000|100%| O|  |TAMS 0x0000000081f00000, 0x0000000081e00000| Untracked 
|  31|0x0000000081f00000, 0x0000000082000000, 0x0000000082000000|100%| O|  |TAMS 0x0000000082000000, 0x0000000081f00000| Untracked 
|  32|0x0000000082000000, 0x0000000082100000, 0x0000000082100000|100%| O|  |TAMS 0x0000000082100000, 0x0000000082000000| Untracked 
|  33|0x0000000082100000, 0x0000000082200000, 0x0000000082200000|100%| O|  |TAMS 0x0000000082200000, 0x0000000082100000| Untracked 
|  34|0x0000000082200000, 0x0000000082300000, 0x0000000082300000|100%| O|  |TAMS 0x0000000082300000, 0x0000000082200000| Untracked 
|  35|0x0000000082300000, 0x0000000082400000, 0x0000000082400000|100%| O|  |TAMS 0x0000000082400000, 0x0000000082300000| Untracked 
|  36|0x0000000082400000, 0x0000000082500000, 0x0000000082500000|100%| O|  |TAMS 0x0000000082500000, 0x0000000082400000| Untracked 
|  37|0x0000000082500000, 0x0000000082600000, 0x0000000082600000|100%| O|  |TAMS 0x0000000082600000, 0x0000000082500000| Untracked 
|  38|0x0000000082600000, 0x0000000082700000, 0x0000000082700000|100%| O|  |TAMS 0x0000000082700000, 0x0000000082600000| Untracked 
|  39|0x0000000082700000, 0x0000000082800000, 0x0000000082800000|100%|HS|  |TAMS 0x0000000082800000, 0x0000000082700000| Complete 
|  40|0x0000000082800000, 0x0000000082900000, 0x0000000082900000|100%|HC|  |TAMS 0x0000000082900000, 0x0000000082800000| Complete 
|  41|0x0000000082900000, 0x0000000082a00000, 0x0000000082a00000|100%|HS|  |TAMS 0x0000000082a00000, 0x0000000082900000| Complete 
|  42|0x0000000082a00000, 0x0000000082b00000, 0x0000000082b00000|100%|HC|  |TAMS 0x0000000082b00000, 0x0000000082a00000| Complete 
|  43|0x0000000082b00000, 0x0000000082c00000, 0x0000000082c00000|100%|HS|  |TAMS 0x0000000082c00000, 0x0000000082b00000| Complete 
|  44|0x0000000082c00000, 0x0000000082d00000, 0x0000000082d00000|100%|HC|  |TAMS 0x0000000082d00000, 0x0000000082c00000| Complete 
|  45|0x0000000082d00000, 0x0000000082e00000, 0x0000000082e00000|100%|HC|  |TAMS 0x0000000082e00000, 0x0000000082d00000| Complete 
|  46|0x0000000082e00000, 0x0000000082f00000, 0x0000000082f00000|100%|HC|  |TAMS 0x0000000082f00000, 0x0000000082e00000| Complete 
|  47|0x0000000082f00000, 0x0000000083000000, 0x0000000083000000|100%| O|  |TAMS 0x0000000083000000, 0x0000000082f00000| Untracked 
|  48|0x0000000083000000, 0x0000000083100000, 0x0000000083100000|100%| O|  |TAMS 0x0000000083100000, 0x0000000083000000| Untracked 
|  49|0x0000000083100000, 0x0000000083200000, 0x0000000083200000|100%| O|  |TAMS 0x0000000083200000, 0x0000000083100000| Untracked 
|  50|0x0000000083200000, 0x0000000083300000, 0x0000000083300000|100%| O|  |TAMS 0x0000000083300000, 0x0000000083200000| Untracked 
|  51|0x0000000083300000, 0x0000000083400000, 0x0000000083400000|100%| O|  |TAMS 0x0000000083400000, 0x0000000083300000| Untracked 
|  52|0x0000000083400000, 0x0000000083500000, 0x0000000083500000|100%|HS|  |TAMS 0x0000000083500000, 0x0000000083400000| Complete 
|  53|0x0000000083500000, 0x0000000083600000, 0x0000000083600000|100%|HC|  |TAMS 0x0000000083600000, 0x0000000083500000| Complete 
|  54|0x0000000083600000, 0x0000000083700000, 0x0000000083700000|100%|HC|  |TAMS 0x0000000083700000, 0x0000000083600000| Complete 
|  55|0x0000000083700000, 0x0000000083800000, 0x0000000083800000|100%|HC|  |TAMS 0x0000000083800000, 0x0000000083700000| Complete 
|  56|0x0000000083800000, 0x0000000083900000, 0x0000000083900000|100%| O|  |TAMS 0x0000000083900000, 0x0000000083800000| Untracked 
|  57|0x0000000083900000, 0x0000000083a00000, 0x0000000083a00000|100%| O|  |TAMS 0x0000000083a00000, 0x0000000083900000| Untracked 
|  58|0x0000000083a00000, 0x0000000083b00000, 0x0000000083b00000|100%| O|  |TAMS 0x0000000083b00000, 0x0000000083a00000| Untracked 
|  59|0x0000000083b00000, 0x0000000083c00000, 0x0000000083c00000|100%| O|  |TAMS 0x0000000083c00000, 0x0000000083b00000| Untracked 
|  60|0x0000000083c00000, 0x0000000083d00000, 0x0000000083d00000|100%| O|  |TAMS 0x0000000083d00000, 0x0000000083c00000| Untracked 
|  61|0x0000000083d00000, 0x0000000083e00000, 0x0000000083e00000|100%| O|  |TAMS 0x0000000083e00000, 0x0000000083d00000| Untracked 
|  62|0x0000000083e00000, 0x0000000083f00000, 0x0000000083f00000|100%| O|  |TAMS 0x0000000083f00000, 0x0000000083e00000| Untracked 
|  63|0x0000000083f00000, 0x0000000084000000, 0x0000000084000000|100%| O|  |TAMS 0x0000000084000000, 0x0000000083f00000| Untracked 
|  64|0x0000000084000000, 0x0000000084100000, 0x0000000084100000|100%|HS|  |TAMS 0x0000000084100000, 0x0000000084000000| Complete 
|  65|0x0000000084100000, 0x0000000084200000, 0x0000000084200000|100%|HS|  |TAMS 0x0000000084200000, 0x0000000084100000| Complete 
|  66|0x0000000084200000, 0x0000000084300000, 0x0000000084300000|100%|HS|  |TAMS 0x0000000084300000, 0x0000000084200000| Complete 
|  67|0x0000000084300000, 0x0000000084400000, 0x0000000084400000|100%| O|  |TAMS 0x0000000084400000, 0x0000000084300000| Untracked 
|  68|0x0000000084400000, 0x0000000084500000, 0x0000000084500000|100%|HS|  |TAMS 0x0000000084500000, 0x0000000084400000| Complete 
|  69|0x0000000084500000, 0x0000000084600000, 0x0000000084600000|100%| O|  |TAMS 0x0000000084600000, 0x0000000084500000| Untracked 
|  70|0x0000000084600000, 0x0000000084700000, 0x0000000084700000|100%| O|  |TAMS 0x0000000084700000, 0x0000000084600000| Untracked 
|  71|0x0000000084700000, 0x0000000084800000, 0x0000000084800000|100%| O|  |TAMS 0x0000000084800000, 0x0000000084700000| Untracked 
|  72|0x0000000084800000, 0x0000000084900000, 0x0000000084900000|100%| O|  |TAMS 0x0000000084900000, 0x0000000084800000| Untracked 
|  73|0x0000000084900000, 0x0000000084a00000, 0x0000000084a00000|100%| O|  |TAMS 0x0000000084a00000, 0x0000000084900000| Untracked 
|  74|0x0000000084a00000, 0x0000000084b00000, 0x0000000084b00000|100%|HS|  |TAMS 0x0000000084b00000, 0x0000000084a00000| Complete 
|  75|0x0000000084b00000, 0x0000000084c00000, 0x0000000084c00000|100%| O|  |TAMS 0x0000000084c00000, 0x0000000084b00000| Untracked 
|  76|0x0000000084c00000, 0x0000000084d00000, 0x0000000084d00000|100%| O|  |TAMS 0x0000000084d00000, 0x0000000084c00000| Untracked 
|  77|0x0000000084d00000, 0x0000000084e00000, 0x0000000084e00000|100%| O|  |TAMS 0x0000000084e00000, 0x0000000084d00000| Untracked 
|  78|0x0000000084e00000, 0x0000000084f00000, 0x0000000084f00000|100%| O|  |TAMS 0x0000000084f00000, 0x0000000084e00000| Untracked 
|  79|0x0000000084f00000, 0x0000000085000000, 0x0000000085000000|100%| O|  |TAMS 0x0000000085000000, 0x0000000084f00000| Untracked 
|  80|0x0000000085000000, 0x0000000085100000, 0x0000000085100000|100%| O|  |TAMS 0x0000000085100000, 0x0000000085000000| Untracked 
|  81|0x0000000085100000, 0x0000000085200000, 0x0000000085200000|100%| O|  |TAMS 0x0000000085200000, 0x0000000085100000| Untracked 
|  82|0x0000000085200000, 0x0000000085300000, 0x0000000085300000|100%| O|  |TAMS 0x0000000085300000, 0x0000000085200000| Untracked 
|  83|0x0000000085300000, 0x0000000085400000, 0x0000000085400000|100%| O|  |TAMS 0x0000000085400000, 0x0000000085300000| Untracked 
|  84|0x0000000085400000, 0x0000000085500000, 0x0000000085500000|100%| O|  |TAMS 0x0000000085500000, 0x0000000085400000| Untracked 
|  85|0x0000000085500000, 0x0000000085600000, 0x0000000085600000|100%| O|  |TAMS 0x0000000085600000, 0x0000000085500000| Untracked 
|  86|0x0000000085600000, 0x0000000085700000, 0x0000000085700000|100%| O|  |TAMS 0x0000000085700000, 0x0000000085600000| Untracked 
|  87|0x0000000085700000, 0x0000000085800000, 0x0000000085800000|100%| O|  |TAMS 0x0000000085800000, 0x0000000085700000| Untracked 
|  88|0x0000000085800000, 0x0000000085900000, 0x0000000085900000|100%| O|  |TAMS 0x0000000085900000, 0x0000000085800000| Untracked 
|  89|0x0000000085900000, 0x00000000859ffff8, 0x0000000085a00000| 99%| O|  |TAMS 0x00000000859ffff8, 0x0000000085900000| Untracked 
|  90|0x0000000085a00000, 0x0000000085b00000, 0x0000000085b00000|100%| O|  |TAMS 0x0000000085b00000, 0x0000000085a00000| Untracked 
|  91|0x0000000085b00000, 0x0000000085c00000, 0x0000000085c00000|100%| O|  |TAMS 0x0000000085c00000, 0x0000000085b00000| Untracked 
|  92|0x0000000085c00000, 0x0000000085d00000, 0x0000000085d00000|100%| O|  |TAMS 0x0000000085d00000, 0x0000000085c00000| Untracked 
|  93|0x0000000085d00000, 0x0000000085e00000, 0x0000000085e00000|100%| O|  |TAMS 0x0000000085e00000, 0x0000000085d00000| Untracked 
|  94|0x0000000085e00000, 0x0000000085f00000, 0x0000000085f00000|100%| O|  |TAMS 0x0000000085f00000, 0x0000000085e00000| Untracked 
|  95|0x0000000085f00000, 0x0000000086000000, 0x0000000086000000|100%|HS|  |TAMS 0x0000000086000000, 0x0000000085f00000| Complete 
|  96|0x0000000086000000, 0x0000000086100000, 0x0000000086100000|100%|HS|  |TAMS 0x0000000086100000, 0x0000000086000000| Complete 
|  97|0x0000000086100000, 0x0000000086200000, 0x0000000086200000|100%|HS|  |TAMS 0x0000000086200000, 0x0000000086100000| Complete 
|  98|0x0000000086200000, 0x0000000086300000, 0x0000000086300000|100%|HC|  |TAMS 0x0000000086300000, 0x0000000086200000| Complete 
|  99|0x0000000086300000, 0x0000000086400000, 0x0000000086400000|100%| O|  |TAMS 0x0000000086400000, 0x0000000086300000| Untracked 
| 100|0x0000000086400000, 0x0000000086500000, 0x0000000086500000|100%| O|  |TAMS 0x0000000086500000, 0x0000000086400000| Untracked 
| 101|0x0000000086500000, 0x0000000086600000, 0x0000000086600000|100%| O|  |TAMS 0x0000000086600000, 0x0000000086500000| Untracked 
| 102|0x0000000086600000, 0x0000000086700000, 0x0000000086700000|100%| O|  |TAMS 0x0000000086700000, 0x0000000086600000| Untracked 
| 103|0x0000000086700000, 0x0000000086800000, 0x0000000086800000|100%| O|  |TAMS 0x0000000086800000, 0x0000000086700000| Untracked 
| 104|0x0000000086800000, 0x0000000086900000, 0x0000000086900000|100%| O|  |TAMS 0x0000000086900000, 0x0000000086800000| Untracked 
| 105|0x0000000086900000, 0x0000000086a00000, 0x0000000086a00000|100%| O|  |TAMS 0x0000000086a00000, 0x0000000086900000| Untracked 
| 106|0x0000000086a00000, 0x0000000086b00000, 0x0000000086b00000|100%|HS|  |TAMS 0x0000000086b00000, 0x0000000086a00000| Complete 
| 107|0x0000000086b00000, 0x0000000086c00000, 0x0000000086c00000|100%|HS|  |TAMS 0x0000000086c00000, 0x0000000086b00000| Complete 
| 108|0x0000000086c00000, 0x0000000086d00000, 0x0000000086d00000|100%| O|  |TAMS 0x0000000086d00000, 0x0000000086c00000| Untracked 
| 109|0x0000000086d00000, 0x0000000086e00000, 0x0000000086e00000|100%| O|  |TAMS 0x0000000086e00000, 0x0000000086d00000| Untracked 
| 110|0x0000000086e00000, 0x0000000086f00000, 0x0000000086f00000|100%| O|  |TAMS 0x0000000086f00000, 0x0000000086e00000| Untracked 
| 111|0x0000000086f00000, 0x0000000087000000, 0x0000000087000000|100%| O|  |TAMS 0x0000000087000000, 0x0000000086f00000| Untracked 
| 112|0x0000000087000000, 0x0000000087100000, 0x0000000087100000|100%| O|  |TAMS 0x0000000087100000, 0x0000000087000000| Untracked 
| 113|0x0000000087100000, 0x0000000087200000, 0x0000000087200000|100%| O|  |TAMS 0x0000000087200000, 0x0000000087100000| Untracked 
| 114|0x0000000087200000, 0x0000000087300000, 0x0000000087300000|100%| O|  |TAMS 0x0000000087300000, 0x0000000087200000| Untracked 
| 115|0x0000000087300000, 0x0000000087400000, 0x0000000087400000|100%| O|  |TAMS 0x0000000087400000, 0x0000000087300000| Untracked 
| 116|0x0000000087400000, 0x0000000087500000, 0x0000000087500000|100%| O|  |TAMS 0x0000000087500000, 0x0000000087400000| Untracked 
| 117|0x0000000087500000, 0x0000000087600000, 0x0000000087600000|100%| O|  |TAMS 0x0000000087600000, 0x0000000087500000| Untracked 
| 118|0x0000000087600000, 0x0000000087700000, 0x0000000087700000|100%| O|  |TAMS 0x0000000087700000, 0x0000000087600000| Untracked 
| 119|0x0000000087700000, 0x0000000087800000, 0x0000000087800000|100%| O|  |TAMS 0x0000000087800000, 0x0000000087700000| Untracked 
| 120|0x0000000087800000, 0x0000000087900000, 0x0000000087900000|100%| O|  |TAMS 0x0000000087900000, 0x0000000087800000| Untracked 
| 121|0x0000000087900000, 0x0000000087a00000, 0x0000000087a00000|100%| O|  |TAMS 0x0000000087900000, 0x0000000087900000| Untracked 
| 122|0x0000000087a00000, 0x0000000087b00000, 0x0000000087b00000|100%| O|  |TAMS 0x0000000087a00000, 0x0000000087a00000| Untracked 
| 123|0x0000000087b00000, 0x0000000087c00000, 0x0000000087c00000|100%| O|  |TAMS 0x0000000087b00000, 0x0000000087b00000| Untracked 
| 124|0x0000000087c00000, 0x0000000087d00000, 0x0000000087d00000|100%| O|  |TAMS 0x0000000087c00000, 0x0000000087c00000| Untracked 
| 125|0x0000000087d00000, 0x0000000087e00000, 0x0000000087e00000|100%| O|  |TAMS 0x0000000087d00000, 0x0000000087d00000| Untracked 
| 126|0x0000000087e00000, 0x0000000087f00000, 0x0000000087f00000|100%| O|  |TAMS 0x0000000087e00000, 0x0000000087e00000| Untracked 
| 127|0x0000000087f00000, 0x0000000088000000, 0x0000000088000000|100%| O|  |TAMS 0x0000000087f00000, 0x0000000087f00000| Untracked 
| 128|0x0000000088000000, 0x0000000088100000, 0x0000000088100000|100%| O|  |TAMS 0x0000000088000000, 0x0000000088000000| Untracked 
| 129|0x0000000088100000, 0x0000000088200000, 0x0000000088200000|100%| O|  |TAMS 0x0000000088100000, 0x0000000088100000| Untracked 
| 130|0x0000000088200000, 0x0000000088300000, 0x0000000088300000|100%| O|  |TAMS 0x0000000088200000, 0x0000000088200000| Untracked 
| 131|0x0000000088300000, 0x0000000088400000, 0x0000000088400000|100%| O|  |TAMS 0x0000000088300000, 0x0000000088300000| Untracked 
| 132|0x0000000088400000, 0x0000000088500000, 0x0000000088500000|100%| O|  |TAMS 0x0000000088400000, 0x0000000088400000| Untracked 
| 133|0x0000000088500000, 0x0000000088600000, 0x0000000088600000|100%| O|  |TAMS 0x0000000088500000, 0x0000000088500000| Untracked 
| 134|0x0000000088600000, 0x0000000088700000, 0x0000000088700000|100%| O|  |TAMS 0x0000000088600000, 0x0000000088600000| Untracked 
| 135|0x0000000088700000, 0x0000000088800000, 0x0000000088800000|100%| O|  |TAMS 0x0000000088700000, 0x0000000088700000| Untracked 
| 136|0x0000000088800000, 0x0000000088900000, 0x0000000088900000|100%| O|  |TAMS 0x0000000088800000, 0x0000000088800000| Untracked 
| 137|0x0000000088900000, 0x0000000088a00000, 0x0000000088a00000|100%| O|  |TAMS 0x0000000088900000, 0x0000000088900000| Untracked 
| 138|0x0000000088a00000, 0x0000000088b00000, 0x0000000088b00000|100%| O|  |TAMS 0x0000000088a00000, 0x0000000088a00000| Untracked 
| 139|0x0000000088b00000, 0x0000000088c00000, 0x0000000088c00000|100%| O|  |TAMS 0x0000000088b00000, 0x0000000088b00000| Untracked 
| 140|0x0000000088c00000, 0x0000000088d00000, 0x0000000088d00000|100%| O|  |TAMS 0x0000000088c00000, 0x0000000088c00000| Untracked 
| 141|0x0000000088d00000, 0x0000000088dd2000, 0x0000000088e00000| 82%| O|  |TAMS 0x0000000088d00000, 0x0000000088d00000| Untracked 
| 142|0x0000000088e00000, 0x0000000088e00000, 0x0000000088f00000|  0%| F|  |TAMS 0x0000000088e00000, 0x0000000088e00000| Untracked 
| 143|0x0000000088f00000, 0x0000000088f00000, 0x0000000089000000|  0%| F|  |TAMS 0x0000000088f00000, 0x0000000088f00000| Untracked 
| 144|0x0000000089000000, 0x0000000089000000, 0x0000000089100000|  0%| F|  |TAMS 0x0000000089000000, 0x0000000089000000| Untracked 
| 145|0x0000000089100000, 0x0000000089100000, 0x0000000089200000|  0%| F|  |TAMS 0x0000000089100000, 0x0000000089100000| Untracked 
| 146|0x0000000089200000, 0x0000000089200000, 0x0000000089300000|  0%| F|  |TAMS 0x0000000089200000, 0x0000000089200000| Untracked 
| 147|0x0000000089300000, 0x0000000089300000, 0x0000000089400000|  0%| F|  |TAMS 0x0000000089300000, 0x0000000089300000| Untracked 
| 148|0x0000000089400000, 0x0000000089400000, 0x0000000089500000|  0%| F|  |TAMS 0x0000000089400000, 0x0000000089400000| Untracked 
| 149|0x0000000089500000, 0x0000000089500000, 0x0000000089600000|  0%| F|  |TAMS 0x0000000089500000, 0x0000000089500000| Untracked 
| 150|0x0000000089600000, 0x0000000089600000, 0x0000000089700000|  0%| F|  |TAMS 0x0000000089600000, 0x0000000089600000| Untracked 
| 151|0x0000000089700000, 0x0000000089700000, 0x0000000089800000|  0%| F|  |TAMS 0x0000000089700000, 0x0000000089700000| Untracked 
| 152|0x0000000089800000, 0x0000000089800000, 0x0000000089900000|  0%| F|  |TAMS 0x0000000089800000, 0x0000000089800000| Untracked 
| 153|0x0000000089900000, 0x0000000089900000, 0x0000000089a00000|  0%| F|  |TAMS 0x0000000089900000, 0x0000000089900000| Untracked 
| 154|0x0000000089a00000, 0x0000000089a00000, 0x0000000089b00000|  0%| F|  |TAMS 0x0000000089a00000, 0x0000000089a00000| Untracked 
| 155|0x0000000089b00000, 0x0000000089b00000, 0x0000000089c00000|  0%| F|  |TAMS 0x0000000089b00000, 0x0000000089b00000| Untracked 
| 156|0x0000000089c00000, 0x0000000089c00000, 0x0000000089d00000|  0%| F|  |TAMS 0x0000000089c00000, 0x0000000089c00000| Untracked 
| 157|0x0000000089d00000, 0x0000000089d00000, 0x0000000089e00000|  0%| F|  |TAMS 0x0000000089d00000, 0x0000000089d00000| Untracked 
| 158|0x0000000089e00000, 0x0000000089e00000, 0x0000000089f00000|  0%| F|  |TAMS 0x0000000089e00000, 0x0000000089e00000| Untracked 
| 159|0x0000000089f00000, 0x0000000089f00000, 0x000000008a000000|  0%| F|  |TAMS 0x0000000089f00000, 0x0000000089f00000| Untracked 
| 160|0x000000008a000000, 0x000000008a000000, 0x000000008a100000|  0%| F|  |TAMS 0x000000008a000000, 0x000000008a000000| Untracked 
| 161|0x000000008a100000, 0x000000008a100000, 0x000000008a200000|  0%| F|  |TAMS 0x000000008a100000, 0x000000008a100000| Untracked 
| 162|0x000000008a200000, 0x000000008a200000, 0x000000008a300000|  0%| F|  |TAMS 0x000000008a200000, 0x000000008a200000| Untracked 
| 163|0x000000008a300000, 0x000000008a300000, 0x000000008a400000|  0%| F|  |TAMS 0x000000008a300000, 0x000000008a300000| Untracked 
| 164|0x000000008a400000, 0x000000008a400000, 0x000000008a500000|  0%| F|  |TAMS 0x000000008a400000, 0x000000008a400000| Untracked 
| 165|0x000000008a500000, 0x000000008a500000, 0x000000008a600000|  0%| F|  |TAMS 0x000000008a500000, 0x000000008a500000| Untracked 
| 166|0x000000008a600000, 0x000000008a600000, 0x000000008a700000|  0%| F|  |TAMS 0x000000008a600000, 0x000000008a600000| Untracked 
| 167|0x000000008a700000, 0x000000008a700000, 0x000000008a800000|  0%| F|  |TAMS 0x000000008a700000, 0x000000008a700000| Untracked 
| 168|0x000000008a800000, 0x000000008a800000, 0x000000008a900000|  0%| F|  |TAMS 0x000000008a800000, 0x000000008a800000| Untracked 
| 169|0x000000008a900000, 0x000000008a900000, 0x000000008aa00000|  0%| F|  |TAMS 0x000000008a900000, 0x000000008a900000| Untracked 
| 170|0x000000008aa00000, 0x000000008aa00000, 0x000000008ab00000|  0%| F|  |TAMS 0x000000008aa00000, 0x000000008aa00000| Untracked 
| 171|0x000000008ab00000, 0x000000008ab00000, 0x000000008ac00000|  0%| F|  |TAMS 0x000000008ab00000, 0x000000008ab00000| Untracked 
| 172|0x000000008ac00000, 0x000000008ac00000, 0x000000008ad00000|  0%| F|  |TAMS 0x000000008ac00000, 0x000000008ac00000| Untracked 
| 173|0x000000008ad00000, 0x000000008ad00000, 0x000000008ae00000|  0%| F|  |TAMS 0x000000008ad00000, 0x000000008ad00000| Untracked 
| 174|0x000000008ae00000, 0x000000008ae00000, 0x000000008af00000|  0%| F|  |TAMS 0x000000008ae00000, 0x000000008ae00000| Untracked 
| 175|0x000000008af00000, 0x000000008af00000, 0x000000008b000000|  0%| F|  |TAMS 0x000000008af00000, 0x000000008af00000| Untracked 
| 176|0x000000008b000000, 0x000000008b000000, 0x000000008b100000|  0%| F|  |TAMS 0x000000008b000000, 0x000000008b000000| Untracked 
| 177|0x000000008b100000, 0x000000008b100000, 0x000000008b200000|  0%| F|  |TAMS 0x000000008b100000, 0x000000008b100000| Untracked 
| 178|0x000000008b200000, 0x000000008b200000, 0x000000008b300000|  0%| F|  |TAMS 0x000000008b200000, 0x000000008b200000| Untracked 
| 179|0x000000008b300000, 0x000000008b300000, 0x000000008b400000|  0%| F|  |TAMS 0x000000008b300000, 0x000000008b300000| Untracked 
| 180|0x000000008b400000, 0x000000008b400000, 0x000000008b500000|  0%| F|  |TAMS 0x000000008b400000, 0x000000008b400000| Untracked 
| 181|0x000000008b500000, 0x000000008b500000, 0x000000008b600000|  0%| F|  |TAMS 0x000000008b500000, 0x000000008b500000| Untracked 
| 182|0x000000008b600000, 0x000000008b600000, 0x000000008b700000|  0%| F|  |TAMS 0x000000008b600000, 0x000000008b600000| Untracked 
| 183|0x000000008b700000, 0x000000008b700000, 0x000000008b800000|  0%| F|  |TAMS 0x000000008b700000, 0x000000008b700000| Untracked 
| 184|0x000000008b800000, 0x000000008b800000, 0x000000008b900000|  0%| F|  |TAMS 0x000000008b800000, 0x000000008b800000| Untracked 
| 185|0x000000008b900000, 0x000000008ba00000, 0x000000008ba00000|100%| S|CS|TAMS 0x000000008b900000, 0x000000008b900000| Complete 
| 186|0x000000008ba00000, 0x000000008bb00000, 0x000000008bb00000|100%| S|CS|TAMS 0x000000008ba00000, 0x000000008ba00000| Complete 
| 187|0x000000008bb00000, 0x000000008bc00000, 0x000000008bc00000|100%| S|CS|TAMS 0x000000008bb00000, 0x000000008bb00000| Complete 
| 188|0x000000008bc00000, 0x000000008bd00000, 0x000000008bd00000|100%| S|CS|TAMS 0x000000008bc00000, 0x000000008bc00000| Complete 
| 189|0x000000008bd00000, 0x000000008be00000, 0x000000008be00000|100%| S|CS|TAMS 0x000000008bd00000, 0x000000008bd00000| Complete 
| 190|0x000000008be00000, 0x000000008be00000, 0x000000008bf00000|  0%| F|  |TAMS 0x000000008be00000, 0x000000008be00000| Untracked 
| 191|0x000000008bf00000, 0x000000008bf00000, 0x000000008c000000|  0%| F|  |TAMS 0x000000008bf00000, 0x000000008bf00000| Untracked 
| 192|0x000000008c000000, 0x000000008c000000, 0x000000008c100000|  0%| F|  |TAMS 0x000000008c000000, 0x000000008c000000| Untracked 
| 193|0x000000008c100000, 0x000000008c100000, 0x000000008c200000|  0%| F|  |TAMS 0x000000008c100000, 0x000000008c100000| Untracked 
| 194|0x000000008c200000, 0x000000008c200000, 0x000000008c300000|  0%| F|  |TAMS 0x000000008c200000, 0x000000008c200000| Untracked 
| 195|0x000000008c300000, 0x000000008c300000, 0x000000008c400000|  0%| F|  |TAMS 0x000000008c300000, 0x000000008c300000| Untracked 
| 196|0x000000008c400000, 0x000000008c400000, 0x000000008c500000|  0%| F|  |TAMS 0x000000008c400000, 0x000000008c400000| Untracked 
| 197|0x000000008c500000, 0x000000008c500000, 0x000000008c600000|  0%| F|  |TAMS 0x000000008c500000, 0x000000008c500000| Untracked 
| 198|0x000000008c600000, 0x000000008c66b240, 0x000000008c700000| 41%| E|  |TAMS 0x000000008c600000, 0x000000008c600000| Complete 
| 199|0x000000008c700000, 0x000000008c800000, 0x000000008c800000|100%| E|CS|TAMS 0x000000008c700000, 0x000000008c700000| Complete 
| 200|0x000000008c800000, 0x000000008c900000, 0x000000008c900000|100%| E|CS|TAMS 0x000000008c800000, 0x000000008c800000| Complete 
| 201|0x000000008c900000, 0x000000008ca00000, 0x000000008ca00000|100%| E|CS|TAMS 0x000000008c900000, 0x000000008c900000| Complete 
| 202|0x000000008ca00000, 0x000000008cb00000, 0x000000008cb00000|100%| E|CS|TAMS 0x000000008ca00000, 0x000000008ca00000| Complete 
| 203|0x000000008cb00000, 0x000000008cc00000, 0x000000008cc00000|100%| E|CS|TAMS 0x000000008cb00000, 0x000000008cb00000| Complete 
| 204|0x000000008cc00000, 0x000000008cd00000, 0x000000008cd00000|100%| E|CS|TAMS 0x000000008cc00000, 0x000000008cc00000| Complete 
| 205|0x000000008cd00000, 0x000000008ce00000, 0x000000008ce00000|100%| E|CS|TAMS 0x000000008cd00000, 0x000000008cd00000| Complete 
| 206|0x000000008ce00000, 0x000000008cf00000, 0x000000008cf00000|100%| E|CS|TAMS 0x000000008ce00000, 0x000000008ce00000| Complete 
| 207|0x000000008cf00000, 0x000000008d000000, 0x000000008d000000|100%| E|CS|TAMS 0x000000008cf00000, 0x000000008cf00000| Complete 
| 208|0x000000008d000000, 0x000000008d100000, 0x000000008d100000|100%| E|CS|TAMS 0x000000008d000000, 0x000000008d000000| Complete 
| 209|0x000000008d100000, 0x000000008d200000, 0x000000008d200000|100%| E|  |TAMS 0x000000008d100000, 0x000000008d100000| Complete 
| 210|0x000000008d200000, 0x000000008d300000, 0x000000008d300000|100%| E|CS|TAMS 0x000000008d200000, 0x000000008d200000| Complete 
| 211|0x000000008d300000, 0x000000008d400000, 0x000000008d400000|100%| E|CS|TAMS 0x000000008d300000, 0x000000008d300000| Complete 
| 212|0x000000008d400000, 0x000000008d500000, 0x000000008d500000|100%| E|CS|TAMS 0x000000008d400000, 0x000000008d400000| Complete 
| 213|0x000000008d500000, 0x000000008d600000, 0x000000008d600000|100%| E|CS|TAMS 0x000000008d500000, 0x000000008d500000| Complete 
| 214|0x000000008d600000, 0x000000008d700000, 0x000000008d700000|100%| E|CS|TAMS 0x000000008d600000, 0x000000008d600000| Complete 
| 215|0x000000008d700000, 0x000000008d800000, 0x000000008d800000|100%| E|CS|TAMS 0x000000008d700000, 0x000000008d700000| Complete 
| 216|0x000000008d800000, 0x000000008d900000, 0x000000008d900000|100%| E|CS|TAMS 0x000000008d800000, 0x000000008d800000| Complete 
| 217|0x000000008d900000, 0x000000008da00000, 0x000000008da00000|100%| E|CS|TAMS 0x000000008d900000, 0x000000008d900000| Complete 
| 218|0x000000008da00000, 0x000000008db00000, 0x000000008db00000|100%| E|CS|TAMS 0x000000008da00000, 0x000000008da00000| Complete 
| 219|0x000000008db00000, 0x000000008dc00000, 0x000000008dc00000|100%| E|CS|TAMS 0x000000008db00000, 0x000000008db00000| Complete 
| 220|0x000000008dc00000, 0x000000008dd00000, 0x000000008dd00000|100%| E|CS|TAMS 0x000000008dc00000, 0x000000008dc00000| Complete 
| 221|0x000000008dd00000, 0x000000008de00000, 0x000000008de00000|100%| E|CS|TAMS 0x000000008dd00000, 0x000000008dd00000| Complete 
| 222|0x000000008de00000, 0x000000008df00000, 0x000000008df00000|100%| E|CS|TAMS 0x000000008de00000, 0x000000008de00000| Complete 
| 223|0x000000008df00000, 0x000000008e000000, 0x000000008e000000|100%| E|CS|TAMS 0x000000008df00000, 0x000000008df00000| Complete 
| 224|0x000000008e000000, 0x000000008e100000, 0x000000008e100000|100%| E|CS|TAMS 0x000000008e000000, 0x000000008e000000| Complete 
| 225|0x000000008e100000, 0x000000008e200000, 0x000000008e200000|100%| E|CS|TAMS 0x000000008e100000, 0x000000008e100000| Complete 
| 226|0x000000008e200000, 0x000000008e300000, 0x000000008e300000|100%| E|CS|TAMS 0x000000008e200000, 0x000000008e200000| Complete 
| 227|0x000000008e300000, 0x000000008e400000, 0x000000008e400000|100%| E|CS|TAMS 0x000000008e300000, 0x000000008e300000| Complete 
| 228|0x000000008e400000, 0x000000008e500000, 0x000000008e500000|100%| E|CS|TAMS 0x000000008e400000, 0x000000008e400000| Complete 
| 229|0x000000008e500000, 0x000000008e600000, 0x000000008e600000|100%| E|CS|TAMS 0x000000008e500000, 0x000000008e500000| Complete 
| 230|0x000000008e600000, 0x000000008e700000, 0x000000008e700000|100%| E|CS|TAMS 0x000000008e600000, 0x000000008e600000| Complete 
| 231|0x000000008e700000, 0x000000008e800000, 0x000000008e800000|100%| E|CS|TAMS 0x000000008e700000, 0x000000008e700000| Complete 
| 232|0x000000008e800000, 0x000000008e900000, 0x000000008e900000|100%| E|CS|TAMS 0x000000008e800000, 0x000000008e800000| Complete 
| 233|0x000000008e900000, 0x000000008ea00000, 0x000000008ea00000|100%| E|CS|TAMS 0x000000008e900000, 0x000000008e900000| Complete 
| 234|0x000000008ea00000, 0x000000008eb00000, 0x000000008eb00000|100%| E|CS|TAMS 0x000000008ea00000, 0x000000008ea00000| Complete 
| 235|0x000000008eb00000, 0x000000008ec00000, 0x000000008ec00000|100%| E|CS|TAMS 0x000000008eb00000, 0x000000008eb00000| Complete 
| 236|0x000000008ec00000, 0x000000008ed00000, 0x000000008ed00000|100%| E|CS|TAMS 0x000000008ec00000, 0x000000008ec00000| Complete 
| 237|0x000000008ed00000, 0x000000008ee00000, 0x000000008ee00000|100%| E|CS|TAMS 0x000000008ed00000, 0x000000008ed00000| Complete 
| 238|0x000000008ee00000, 0x000000008ef00000, 0x000000008ef00000|100%| E|CS|TAMS 0x000000008ee00000, 0x000000008ee00000| Complete 
| 239|0x000000008ef00000, 0x000000008f000000, 0x000000008f000000|100%| E|CS|TAMS 0x000000008ef00000, 0x000000008ef00000| Complete 
| 240|0x000000008f000000, 0x000000008f100000, 0x000000008f100000|100%| E|CS|TAMS 0x000000008f000000, 0x000000008f000000| Complete 
| 241|0x000000008f100000, 0x000000008f200000, 0x000000008f200000|100%| E|CS|TAMS 0x000000008f100000, 0x000000008f100000| Complete 
| 242|0x000000008f200000, 0x000000008f300000, 0x000000008f300000|100%| E|CS|TAMS 0x000000008f200000, 0x000000008f200000| Complete 
| 243|0x000000008f300000, 0x000000008f400000, 0x000000008f400000|100%| E|CS|TAMS 0x000000008f300000, 0x000000008f300000| Complete 
| 244|0x000000008f400000, 0x000000008f500000, 0x000000008f500000|100%| E|CS|TAMS 0x000000008f400000, 0x000000008f400000| Complete 
| 245|0x000000008f500000, 0x000000008f600000, 0x000000008f600000|100%| E|CS|TAMS 0x000000008f500000, 0x000000008f500000| Complete 
| 246|0x000000008f600000, 0x000000008f700000, 0x000000008f700000|100%| E|CS|TAMS 0x000000008f600000, 0x000000008f600000| Complete 
| 247|0x000000008f700000, 0x000000008f800000, 0x000000008f800000|100%| E|CS|TAMS 0x000000008f700000, 0x000000008f700000| Complete 
| 248|0x000000008f800000, 0x000000008f900000, 0x000000008f900000|100%| E|CS|TAMS 0x000000008f800000, 0x000000008f800000| Complete 

Card table byte_map: [0x0000022734940000,0x0000022734d40000] _byte_map_base: 0x0000022734540000

Marking Bits (Prev, Next): (CMBitMap*) 0x000002271daad9f0, (CMBitMap*) 0x000002271daad9b0
 Prev Bits: [0x0000022737140000, 0x0000022739140000)
 Next Bits: [0x0000022735140000, 0x0000022737140000)

Polling page: 0x000002271d200000

Metaspace:

Usage:
  Non-class:     86.25 MB used.
      Class:     13.96 MB used.
       Both:    100.22 MB used.

Virtual space:
  Non-class space:      128.00 MB reserved,      86.75 MB ( 68%) committed,  2 nodes.
      Class space:      416.00 MB reserved,      14.38 MB (  3%) committed,  1 nodes.
             Both:      544.00 MB reserved,     101.12 MB ( 19%) committed. 

Chunk freelists:
   Non-Class:  9.30 MB
       Class:  1.64 MB
        Both:  10.93 MB

MaxMetaspaceSize: 512.00 MB
CompressedClassSpaceSize: 416.00 MB
Initial GC threshold: 21.00 MB
Current GC threshold: 159.06 MB
CDS: on
MetaspaceReclaimPolicy: balanced
 - commit_granule_bytes: 65536.
 - commit_granule_words: 8192.
 - virtual_space_node_default_size: 8388608.
 - enlarge_chunks_in_place: 1.
 - new_chunks_are_fully_committed: 0.
 - uncommit_free_chunks: 1.
 - use_allocation_guard: 0.
 - handle_deallocations: 1.


Internal statistics:

num_allocs_failed_limit: 6.
num_arena_births: 1194.
num_arena_deaths: 0.
num_vsnodes_births: 3.
num_vsnodes_deaths: 0.
num_space_committed: 1618.
num_space_uncommitted: 0.
num_chunks_returned_to_freelist: 6.
num_chunks_taken_from_freelist: 5507.
num_chunk_merges: 6.
num_chunk_splits: 3582.
num_chunks_enlarged: 2295.
num_inconsistent_stats: 0.

CodeHeap 'non-profiled nmethods': size=120000Kb used=7774Kb max_used=8046Kb free=112225Kb
 bounds [0x000002272d010000, 0x000002272d7f0000, 0x0000022734540000]
CodeHeap 'profiled nmethods': size=120000Kb used=23359Kb max_used=25874Kb free=96640Kb
 bounds [0x0000022725540000, 0x0000022726e90000, 0x000002272ca70000]
CodeHeap 'non-nmethods': size=5760Kb used=2447Kb max_used=2520Kb free=3313Kb
 bounds [0x000002272ca70000, 0x000002272cd00000, 0x000002272d010000]
 total_blobs=13100 nmethods=12130 adapters=882
 compilation: enabled
              stopped_count=0, restarted_count=0
 full_count=0

Compilation events (20 events):
Event: 27.572 Thread 0x000002273b6584f0 nmethod 14552 0x000002272d65f290 code [0x000002272d65f440, 0x000002272d65fa38]
Event: 27.574 Thread 0x000002273b6584f0 14554       4       org.gradle.internal.file.impl.DefaultFileMetadata::file (15 bytes)
Event: 27.575 Thread 0x000002273b6584f0 nmethod 14554 0x000002272d647e10 code [0x000002272d647fa0, 0x000002272d648078]
Event: 27.575 Thread 0x000002275e4b3f90 nmethod 14553 0x000002272d76a310 code [0x000002272d76a4c0, 0x000002272d76aa98]
Event: 27.578 Thread 0x000002275e4b3f90 14555       4       java.lang.String::encode (48 bytes)
Event: 27.578 Thread 0x000002273b6584f0 14556   !   4       java.nio.file.FileTreeWalker::next (144 bytes)
Event: 27.587 Thread 0x000002275e4b3f90 nmethod 14555 0x000002272d694310 code [0x000002272d6945e0, 0x000002272d6954d8]
Event: 27.587 Thread 0x000002275e4b3f90 14559       4       java.util.ArrayDeque::peekLast (19 bytes)
Event: 27.587 Thread 0x000002275e4b3f90 nmethod 14559 0x000002272d693d90 code [0x000002272d693f00, 0x000002272d693fb8]
Event: 27.587 Thread 0x000002275e4b3f90 14557       4       org.gradle.cache.internal.btree.BTreePersistentIndexedCache$IndexRoot::getRoot (15 bytes)
Event: 27.589 Thread 0x000002275e4b3f90 nmethod 14557 0x000002272d79dd10 code [0x000002272d79dea0, 0x000002272d79e118]
Event: 27.589 Thread 0x000002275e4b3f90 14560   !   4       org.gradle.internal.serialize.kryo.KryoBackedDecoder::readLong (15 bytes)
Event: 27.594 Thread 0x000002275e4b3f90 nmethod 14560 0x000002272d279410 code [0x000002272d2795c0, 0x000002272d279b48]
Event: 27.594 Thread 0x000002275e4b3f90 14561       4       com.esotericsoftware.kryo.io.Input::readLong (181 bytes)
Event: 27.599 Thread 0x000002275e4b3f90 nmethod 14561 0x000002272d18cc90 code [0x000002272d18ce20, 0x000002272d18d298]
Event: 27.599 Thread 0x000002275e4b3f90 14558       4       org.gradle.cache.internal.btree.KeyHasher$MessageDigestStream::write (11 bytes)
Event: 27.599 Thread 0x000002275e4b3f90 nmethod 14558 0x000002272d35c590 code [0x000002272d35c720, 0x000002272d35c838]
Event: 27.600 Thread 0x000002275e4b3f90 14562   !   4       org.gradle.internal.concurrent.ExecutorPolicy$CatchAndRecordFailures::onExecute (29 bytes)
Event: 27.601 Thread 0x000002275e4b3f90 nmethod 14562 0x000002272d35bf10 code [0x000002272d35c0a0, 0x000002272d35c238]
Event: 27.605 Thread 0x000002275e4b3f90 14563   !   4       org.gradle.cache.internal.DefaultMultiProcessSafeIndexedCache::getIfPresent (25 bytes)

GC Heap History (20 events):
Event: 21.951 GC heap before
{Heap before GC invocations=41 (full 0):
 garbage-first heap   total 173056K, used 142862K [0x0000000080000000, 0x0000000100000000)
  region size 1024K, 49 young (50176K), 2 survivors (2048K)
 Metaspace       used 88832K, committed 89536K, reserved 557056K
  class space    used 12462K, committed 12800K, reserved 425984K
}
Event: 21.955 GC heap after
{Heap after GC invocations=42 (full 0):
 garbage-first heap   total 173056K, used 96181K [0x0000000080000000, 0x0000000100000000)
  region size 1024K, 3 young (3072K), 3 survivors (3072K)
 Metaspace       used 88832K, committed 89536K, reserved 557056K
  class space    used 12462K, committed 12800K, reserved 425984K
}
Event: 21.986 GC heap before
{Heap before GC invocations=42 (full 0):
 garbage-first heap   total 173056K, used 101301K [0x0000000080000000, 0x0000000100000000)
  region size 1024K, 8 young (8192K), 3 survivors (3072K)
 Metaspace       used 89103K, committed 89792K, reserved 557056K
  class space    used 12499K, committed 12864K, reserved 425984K
}
Event: 21.990 GC heap after
{Heap after GC invocations=43 (full 0):
 garbage-first heap   total 173056K, used 96404K [0x0000000080000000, 0x0000000100000000)
  region size 1024K, 1 young (1024K), 1 survivors (1024K)
 Metaspace       used 89103K, committed 89792K, reserved 557056K
  class space    used 12499K, committed 12864K, reserved 425984K
}
Event: 22.382 GC heap before
{Heap before GC invocations=43 (full 0):
 garbage-first heap   total 173056K, used 143508K [0x0000000080000000, 0x0000000100000000)
  region size 1024K, 47 young (48128K), 1 survivors (1024K)
 Metaspace       used 91149K, committed 91968K, reserved 557056K
  class space    used 12779K, committed 13184K, reserved 425984K
}
Event: 22.387 GC heap after
{Heap after GC invocations=44 (full 0):
 garbage-first heap   total 207872K, used 100042K [0x0000000080000000, 0x0000000100000000)
  region size 1024K, 5 young (5120K), 5 survivors (5120K)
 Metaspace       used 91149K, committed 91968K, reserved 557056K
  class space    used 12779K, committed 13184K, reserved 425984K
}
Event: 23.607 GC heap before
{Heap before GC invocations=44 (full 0):
 garbage-first heap   total 207872K, used 172746K [0x0000000080000000, 0x0000000100000000)
  region size 1024K, 72 young (73728K), 5 survivors (5120K)
 Metaspace       used 93053K, committed 93888K, reserved 557056K
  class space    used 13038K, committed 13440K, reserved 425984K
}
Event: 23.618 GC heap after
{Heap after GC invocations=45 (full 0):
 garbage-first heap   total 207872K, used 116238K [0x0000000080000000, 0x0000000100000000)
  region size 1024K, 9 young (9216K), 9 survivors (9216K)
 Metaspace       used 93053K, committed 93888K, reserved 557056K
  class space    used 13038K, committed 13440K, reserved 425984K
}
Event: 24.474 GC heap before
{Heap before GC invocations=45 (full 0):
 garbage-first heap   total 207872K, used 169486K [0x0000000080000000, 0x0000000100000000)
  region size 1024K, 59 young (60416K), 9 survivors (9216K)
 Metaspace       used 93605K, committed 94464K, reserved 557056K
  class space    used 13090K, committed 13504K, reserved 425984K
}
Event: 24.487 GC heap after
{Heap after GC invocations=46 (full 0):
 garbage-first heap   total 207872K, used 133119K [0x0000000080000000, 0x0000000100000000)
  region size 1024K, 8 young (8192K), 8 survivors (8192K)
 Metaspace       used 93605K, committed 94464K, reserved 557056K
  class space    used 13090K, committed 13504K, reserved 425984K
}
Event: 24.849 GC heap before
{Heap before GC invocations=46 (full 0):
 garbage-first heap   total 207872K, used 169983K [0x0000000080000000, 0x0000000100000000)
  region size 1024K, 44 young (45056K), 8 survivors (8192K)
 Metaspace       used 95582K, committed 96448K, reserved 557056K
  class space    used 13366K, committed 13760K, reserved 425984K
}
Event: 24.864 GC heap after
{Heap after GC invocations=47 (full 0):
 garbage-first heap   total 207872K, used 137208K [0x0000000080000000, 0x0000000100000000)
  region size 1024K, 4 young (4096K), 4 survivors (4096K)
 Metaspace       used 95582K, committed 96448K, reserved 557056K
  class space    used 13366K, committed 13760K, reserved 425984K
}
Event: 25.346 GC heap before
{Heap before GC invocations=48 (full 0):
 garbage-first heap   total 254976K, used 168952K [0x0000000080000000, 0x0000000100000000)
  region size 1024K, 35 young (35840K), 4 survivors (4096K)
 Metaspace       used 99011K, committed 99968K, reserved 557056K
  class space    used 13835K, committed 14272K, reserved 425984K
}
Event: 25.354 GC heap after
{Heap after GC invocations=49 (full 0):
 garbage-first heap   total 254976K, used 139032K [0x0000000080000000, 0x0000000100000000)
  region size 1024K, 2 young (2048K), 2 survivors (2048K)
 Metaspace       used 99011K, committed 99968K, reserved 557056K
  class space    used 13835K, committed 14272K, reserved 425984K
}
Event: 25.558 GC heap before
{Heap before GC invocations=49 (full 0):
 garbage-first heap   total 254976K, used 149272K [0x0000000080000000, 0x0000000100000000)
  region size 1024K, 12 young (12288K), 2 survivors (2048K)
 Metaspace       used 99442K, committed 100352K, reserved 557056K
  class space    used 13899K, committed 14336K, reserved 425984K
}
Event: 25.563 GC heap after
{Heap after GC invocations=50 (full 0):
 garbage-first heap   total 254976K, used 139577K [0x0000000080000000, 0x0000000100000000)
  region size 1024K, 2 young (2048K), 2 survivors (2048K)
 Metaspace       used 99442K, committed 100352K, reserved 557056K
  class space    used 13899K, committed 14336K, reserved 425984K
}
Event: 26.290 GC heap before
{Heap before GC invocations=50 (full 0):
 garbage-first heap   total 254976K, used 204089K [0x0000000080000000, 0x0000000100000000)
  region size 1024K, 65 young (66560K), 2 survivors (2048K)
 Metaspace       used 101136K, committed 102080K, reserved 557056K
  class space    used 14099K, committed 14528K, reserved 425984K
}
Event: 26.301 GC heap after
{Heap after GC invocations=51 (full 0):
 garbage-first heap   total 254976K, used 145385K [0x0000000080000000, 0x0000000100000000)
  region size 1024K, 8 young (8192K), 8 survivors (8192K)
 Metaspace       used 101136K, committed 102080K, reserved 557056K
  class space    used 14099K, committed 14528K, reserved 425984K
}
Event: 27.035 GC heap before
{Heap before GC invocations=51 (full 0):
 garbage-first heap   total 254976K, used 204777K [0x0000000080000000, 0x0000000100000000)
  region size 1024K, 67 young (68608K), 8 survivors (8192K)
 Metaspace       used 102280K, committed 103232K, reserved 557056K
  class space    used 14243K, committed 14656K, reserved 425984K
}
Event: 27.050 GC heap after
{Heap after GC invocations=52 (full 0):
 garbage-first heap   total 254976K, used 150343K [0x0000000080000000, 0x0000000100000000)
  region size 1024K, 5 young (5120K), 5 survivors (5120K)
 Metaspace       used 102280K, committed 103232K, reserved 557056K
  class space    used 14243K, committed 14656K, reserved 425984K
}

Dll operation events (14 events):
Event: 0.013 Loaded shared library C:\Program Files\Microsoft\jdk-17.0.8.7-hotspot\bin\java.dll
Event: 0.032 Loaded shared library C:\Program Files\Microsoft\jdk-17.0.8.7-hotspot\bin\jsvml.dll
Event: 0.080 Loaded shared library C:\Program Files\Microsoft\jdk-17.0.8.7-hotspot\bin\zip.dll
Event: 0.084 Loaded shared library C:\Program Files\Microsoft\jdk-17.0.8.7-hotspot\bin\instrument.dll
Event: 0.089 Loaded shared library C:\Program Files\Microsoft\jdk-17.0.8.7-hotspot\bin\net.dll
Event: 0.091 Loaded shared library C:\Program Files\Microsoft\jdk-17.0.8.7-hotspot\bin\nio.dll
Event: 0.094 Loaded shared library C:\Program Files\Microsoft\jdk-17.0.8.7-hotspot\bin\zip.dll
Event: 0.314 Loaded shared library C:\Program Files\Microsoft\jdk-17.0.8.7-hotspot\bin\jimage.dll
Event: 0.392 Loaded shared library C:\Program Files\Microsoft\jdk-17.0.8.7-hotspot\bin\verify.dll
Event: 0.562 Loaded shared library C:\Users\Lenovo\.gradle\native\68d5fa5c4cc2d200863cafc0d521ce42e7d3e7ee720ec0a83991735586a16f82\windows-amd64\native-platform.dll
Event: 0.588 Loaded shared library C:\Users\Lenovo\.gradle\native\e376f236ea51e6404a007f0833ffe2c6e607c4080706a723a18a27aeea778392\windows-amd64\native-platform-file-events.dll
Event: 1.482 Loaded shared library C:\Program Files\Microsoft\jdk-17.0.8.7-hotspot\bin\management.dll
Event: 1.485 Loaded shared library C:\Program Files\Microsoft\jdk-17.0.8.7-hotspot\bin\management_ext.dll
Event: 1.850 Loaded shared library C:\Program Files\Microsoft\jdk-17.0.8.7-hotspot\bin\sunmscapi.dll

Deoptimization events (20 events):
Event: 27.317 Thread 0x000002275df39320 Uncommon trap: trap_request=0xffffffc6 fr.pc=0x000002272d095028 relative=0x0000000000000228
Event: 27.317 Thread 0x000002275df39320 Uncommon trap: reason=bimorphic_or_optimized_type_check action=maybe_recompile pc=0x000002272d095028 method=org.gradle.execution.plan.DefaultFinalizedExecutionPlan.tryLockProjectFor(Lorg/gradle/execution/plan/Node;Ljava/util/List;)Z @ 1 c2
Event: 27.317 Thread 0x000002275df39320 DEOPT PACKING pc=0x000002272d095028 sp=0x000000719a5fe8b0
Event: 27.317 Thread 0x000002275df39320 DEOPT UNPACKING pc=0x000002272caca1a3 sp=0x000000719a5fe7f0 mode 2
Event: 27.323 Thread 0x000002275df39320 Uncommon trap: trap_request=0xffffffc6 fr.pc=0x000002272d7cb5c0 relative=0x00000000000000a0
Event: 27.323 Thread 0x000002275df39320 Uncommon trap: reason=bimorphic_or_optimized_type_check action=maybe_recompile pc=0x000002272d7cb5c0 method=org.gradle.execution.plan.ActionNode.hasPendingPreExecutionNodes()Z @ 11 c2
Event: 27.323 Thread 0x000002275df39320 DEOPT PACKING pc=0x000002272d7cb5c0 sp=0x000000719a5fe960
Event: 27.323 Thread 0x000002275df39320 DEOPT UNPACKING pc=0x000002272caca1a3 sp=0x000000719a5fe8e8 mode 2
Event: 27.324 Thread 0x000002275df39320 Uncommon trap: trap_request=0xffffffc6 fr.pc=0x000002272d095028 relative=0x0000000000000228
Event: 27.324 Thread 0x000002275df39320 Uncommon trap: reason=bimorphic_or_optimized_type_check action=maybe_recompile pc=0x000002272d095028 method=org.gradle.execution.plan.DefaultFinalizedExecutionPlan.tryLockProjectFor(Lorg/gradle/execution/plan/Node;Ljava/util/List;)Z @ 1 c2
Event: 27.324 Thread 0x000002275df39320 DEOPT PACKING pc=0x000002272d095028 sp=0x000000719a5fe8b0
Event: 27.324 Thread 0x000002275df39320 DEOPT UNPACKING pc=0x000002272caca1a3 sp=0x000000719a5fe7f0 mode 2
Event: 27.329 Thread 0x000002275df39320 Uncommon trap: trap_request=0xffffffc6 fr.pc=0x000002272d7cb5c0 relative=0x00000000000000a0
Event: 27.329 Thread 0x000002275df39320 Uncommon trap: reason=bimorphic_or_optimized_type_check action=maybe_recompile pc=0x000002272d7cb5c0 method=org.gradle.execution.plan.ActionNode.hasPendingPreExecutionNodes()Z @ 11 c2
Event: 27.329 Thread 0x000002275df39320 DEOPT PACKING pc=0x000002272d7cb5c0 sp=0x000000719a5fe960
Event: 27.329 Thread 0x000002275df39320 DEOPT UNPACKING pc=0x000002272caca1a3 sp=0x000000719a5fe8e8 mode 2
Event: 27.334 Thread 0x000002275df39320 Uncommon trap: trap_request=0xffffffc6 fr.pc=0x000002272d7cb5c0 relative=0x00000000000000a0
Event: 27.334 Thread 0x000002275df39320 Uncommon trap: reason=bimorphic_or_optimized_type_check action=maybe_recompile pc=0x000002272d7cb5c0 method=org.gradle.execution.plan.ActionNode.hasPendingPreExecutionNodes()Z @ 11 c2
Event: 27.334 Thread 0x000002275df39320 DEOPT PACKING pc=0x000002272d7cb5c0 sp=0x000000719a5fe960
Event: 27.334 Thread 0x000002275df39320 DEOPT UNPACKING pc=0x000002272caca1a3 sp=0x000000719a5fe8e8 mode 2

Classes unloaded (0 events):
No events

Classes redefined (0 events):
No events

Internal exceptions (20 events):
Event: 25.318 Thread 0x000002275bf09b60 Implicit null exception at 0x000002272d696571 to 0x000002272d69ea74
Event: 25.354 Thread 0x000002273b639230 Implicit null exception at 0x000002272d65797d to 0x000002272d657fa8
Event: 26.032 Thread 0x000002275bf09b60 Exception <a 'java/lang/IncompatibleClassChangeError'{0x000000008d1f6388}: Found class java.lang.Object, but interface was expected> (0x000000008d1f6388) 
thrown [s\src\hotspot\share\interpreter\linkResolver.cpp, line 826]
Event: 26.115 Thread 0x000002275bf09b60 Exception <a 'sun/nio/fs/WindowsException'{0x000000008c9e2148}> (0x000000008c9e2148) 
thrown [s\src\hotspot\share\prims\jni.cpp, line 516]
Event: 26.115 Thread 0x000002275bf09b60 Exception <a 'sun/nio/fs/WindowsException'{0x000000008c9e3798}> (0x000000008c9e3798) 
thrown [s\src\hotspot\share\prims\jni.cpp, line 516]
Event: 26.115 Thread 0x000002275bf09b60 Exception <a 'sun/nio/fs/WindowsException'{0x000000008c9e4e38}> (0x000000008c9e4e38) 
thrown [s\src\hotspot\share\prims\jni.cpp, line 516]
Event: 26.115 Thread 0x000002275bf09b60 Exception <a 'sun/nio/fs/WindowsException'{0x000000008c9e64d8}> (0x000000008c9e64d8) 
thrown [s\src\hotspot\share\prims\jni.cpp, line 516]
Event: 26.552 Thread 0x000002275df383f0 Exception <a 'java/lang/NoSuchMethodError'{0x000000008dd7e278}: 'void java.lang.invoke.DirectMethodHandle$Holder.invokeStatic(java.lang.Object, java.lang.Object, java.lang.Object, java.lang.Object, int, java.lang.Object, java.lang.Object)'> (0x000000008dd7e278) 
thrown [s\src\hotspot\share\interpreter\linkResolver.cpp, line 759]
Event: 26.577 Thread 0x00000227664b3610 Exception <a 'java/lang/NoSuchMethodError'{0x000000008dc56538}: 'java.lang.Object java.lang.invoke.DirectMethodHandle$Holder.invokeSpecialIFC(java.lang.Object, java.lang.Object, java.lang.Object)'> (0x000000008dc56538) 
thrown [s\src\hotspot\share\interpreter\linkResolver.cpp, line 759]
Event: 26.577 Thread 0x00000227664b1cc0 Exception <a 'java/lang/NoSuchMethodError'{0x000000008dca5140}: 'java.lang.Object java.lang.invoke.DirectMethodHandle$Holder.invokeSpecialIFC(java.lang.Object, java.lang.Object, java.lang.Object)'> (0x000000008dca5140) 
thrown [s\src\hotspot\share\interpreter\linkResolver.cpp, line 759]
Event: 26.578 Thread 0x000002275df383f0 Exception <a 'java/lang/NoSuchMethodError'{0x000000008db156a8}: 'java.lang.Object java.lang.invoke.DirectMethodHandle$Holder.invokeSpecialIFC(java.lang.Object, java.lang.Object, java.lang.Object)'> (0x000000008db156a8) 
thrown [s\src\hotspot\share\interpreter\linkResolver.cpp, line 759]
Event: 26.579 Thread 0x00000227664b0880 Exception <a 'java/lang/NoSuchMethodError'{0x000000008db3df88}: 'java.lang.Object java.lang.invoke.DirectMethodHandle$Holder.invokeSpecialIFC(java.lang.Object, java.lang.Object, java.lang.Object)'> (0x000000008db3df88) 
thrown [s\src\hotspot\share\interpreter\linkResolver.cpp, line 759]
Event: 26.739 Thread 0x00000227664b0880 Exception <a 'java/lang/NoSuchMethodError'{0x000000008d065e58}: 'void java.lang.invoke.DirectMethodHandle$Holder.invokeVirtual(java.lang.Object, java.lang.Object)'> (0x000000008d065e58) 
thrown [s\src\hotspot\share\interpreter\linkResolver.cpp, line 759]
Event: 27.224 Thread 0x000002275df39320 Exception <a 'java/lang/ClassNotFoundException'{0x000000008e825cf8}: groovy/util/FileTreeBuilderBeanInfo> (0x000000008e825cf8) 
thrown [s\src\hotspot\share\classfile\systemDictionary.cpp, line 256]
Event: 27.224 Thread 0x000002275df39320 Exception <a 'java/lang/ClassNotFoundException'{0x000000008e8880a0}: groovy/util/FileTreeBuilderCustomizer> (0x000000008e8880a0) 
thrown [s\src\hotspot\share\classfile\systemDictionary.cpp, line 256]
Event: 27.262 Thread 0x000002275df39320 Exception <a 'java/lang/ClassNotFoundException'{0x000000008e8cb950}: java/io/BufferedWriterBeanInfo> (0x000000008e8cb950) 
thrown [s\src\hotspot\share\classfile\systemDictionary.cpp, line 256]
Event: 27.262 Thread 0x000002275df39320 Exception <a 'java/lang/ClassNotFoundException'{0x000000008e8d1050}: java/io/WriterBeanInfo> (0x000000008e8d1050) 
thrown [s\src\hotspot\share\classfile\systemDictionary.cpp, line 256]
Event: 27.262 Thread 0x000002275df39320 Exception <a 'java/lang/ClassNotFoundException'{0x000000008e8d66b8}: java/io/WriterCustomizer> (0x000000008e8d66b8) 
thrown [s\src\hotspot\share\classfile\systemDictionary.cpp, line 256]
Event: 27.262 Thread 0x000002275df39320 Exception <a 'java/lang/ClassNotFoundException'{0x000000008e8e4bf8}: java/io/BufferedWriterCustomizer> (0x000000008e8e4bf8) 
thrown [s\src\hotspot\share\classfile\systemDictionary.cpp, line 256]
Event: 27.311 Thread 0x000002275df39320 Exception <a 'java/lang/NoSuchMethodError'{0x000000008e7856a0}: static Lcom/android/build/api/variant/BuildConfigField;.<clinit>()V> (0x000000008e7856a0) 
thrown [s\src\hotspot\share\prims\jni.cpp, line 1107]

VM Operations (20 events):
Event: 26.641 Executing VM operation: ICBufferFull
Event: 26.642 Executing VM operation: ICBufferFull done
Event: 26.884 Executing VM operation: ICBufferFull
Event: 26.885 Executing VM operation: ICBufferFull done
Event: 27.035 Executing VM operation: G1CollectForAllocation
Event: 27.053 Executing VM operation: G1CollectForAllocation done
Event: 27.227 Executing VM operation: HandshakeAllThreads
Event: 27.228 Executing VM operation: HandshakeAllThreads done
Event: 27.230 Executing VM operation: HandshakeAllThreads
Event: 27.230 Executing VM operation: HandshakeAllThreads done
Event: 27.230 Executing VM operation: HandshakeAllThreads
Event: 27.230 Executing VM operation: HandshakeAllThreads done
Event: 27.244 Executing VM operation: ICBufferFull
Event: 27.260 Executing VM operation: ICBufferFull done
Event: 27.266 Executing VM operation: HandshakeAllThreads
Event: 27.266 Executing VM operation: HandshakeAllThreads done
Event: 27.307 Executing VM operation: HandshakeAllThreads
Event: 27.308 Executing VM operation: HandshakeAllThreads done
Event: 27.355 Executing VM operation: ICBufferFull
Event: 27.355 Executing VM operation: ICBufferFull done

Events (20 events):
Event: 27.324 Thread 0x000002273b780060 flushing nmethod 0x0000022726d11310
Event: 27.324 Thread 0x000002273b780060 flushing nmethod 0x0000022726d17c10
Event: 27.324 Thread 0x000002273b780060 flushing nmethod 0x0000022726d18290
Event: 27.324 Thread 0x000002273b780060 flushing nmethod 0x0000022726d2f390
Event: 27.324 Thread 0x000002273b780060 flushing nmethod 0x0000022726d33a90
Event: 27.324 Thread 0x000002273b780060 flushing nmethod 0x0000022726d53f10
Event: 27.324 Thread 0x000002273b780060 flushing nmethod 0x0000022726d6fe90
Event: 27.324 Thread 0x000002273b780060 flushing nmethod 0x0000022726d76510
Event: 27.324 Thread 0x000002273b780060 flushing nmethod 0x0000022726dcc910
Event: 27.324 Thread 0x000002273b780060 flushing nmethod 0x0000022726dec810
Event: 27.324 Thread 0x000002273b780060 flushing nmethod 0x0000022726df5f90
Event: 27.324 Thread 0x000002273b780060 flushing nmethod 0x0000022726e0a710
Event: 27.324 Thread 0x000002273b780060 flushing nmethod 0x0000022726e0ae90
Event: 27.324 Thread 0x000002273b780060 flushing nmethod 0x0000022726e15e10
Event: 27.324 Thread 0x000002273b780060 flushing nmethod 0x0000022726e16990
Event: 27.324 Thread 0x000002273b780060 flushing nmethod 0x0000022726e17610
Event: 27.324 Thread 0x000002273b780060 flushing nmethod 0x0000022726e1cf90
Event: 27.324 Thread 0x000002273b780060 flushing nmethod 0x0000022726e20290
Event: 27.324 Thread 0x000002273b780060 flushing nmethod 0x0000022726e4ea90
Event: 27.324 Thread 0x000002273b780060 flushing nmethod 0x0000022726e4f590


Dynamic libraries:
0x00007ff683670000 - 0x00007ff68367e000 	C:\Program Files\Microsoft\jdk-17.0.8.7-hotspot\bin\java.exe
0x00007ffdc0b70000 - 0x00007ffdc0d87000 	C:\Windows\SYSTEM32\ntdll.dll
0x00007ffdbfee0000 - 0x00007ffdbffa4000 	C:\Windows\System32\KERNEL32.DLL
0x00007ffdbe2d0000 - 0x00007ffdbe676000 	C:\Windows\System32\KERNELBASE.dll
0x00007ffdbe050000 - 0x00007ffdbe161000 	C:\Windows\System32\ucrtbase.dll
0x00007ffd9f5f0000 - 0x00007ffd9f60b000 	C:\Program Files\Microsoft\jdk-17.0.8.7-hotspot\bin\VCRUNTIME140.dll
0x00007ffd9f5d0000 - 0x00007ffd9f5e7000 	C:\Program Files\Microsoft\jdk-17.0.8.7-hotspot\bin\jli.dll
0x00007ffdc0900000 - 0x00007ffdc0aae000 	C:\Windows\System32\USER32.dll
0x00007ffdbe020000 - 0x00007ffdbe046000 	C:\Windows\System32\win32u.dll
0x00007ffdc0200000 - 0x00007ffdc0229000 	C:\Windows\System32\GDI32.dll
0x00007ffdaa600000 - 0x00007ffdaa893000 	C:\Windows\WinSxS\amd64_microsoft.windows.common-controls_6595b64144ccf1df_6.0.22621.2506_none_270c5ae97388e100\COMCTL32.dll
0x00007ffdbe700000 - 0x00007ffdbe818000 	C:\Windows\System32\gdi32full.dll
0x00007ffdc0850000 - 0x00007ffdc08f7000 	C:\Windows\System32\msvcrt.dll
0x00007ffdbe820000 - 0x00007ffdbe8ba000 	C:\Windows\System32\msvcp_win.dll
0x00007ffdbf980000 - 0x00007ffdbf9b1000 	C:\Windows\System32\IMM32.DLL
0x00007ffdaba60000 - 0x00007ffdaba6c000 	C:\Program Files\Microsoft\jdk-17.0.8.7-hotspot\bin\vcruntime140_1.dll
0x00007ffd9f540000 - 0x00007ffd9f5cd000 	C:\Program Files\Microsoft\jdk-17.0.8.7-hotspot\bin\msvcp140.dll
0x00007ffd6db70000 - 0x00007ffd6e7d5000 	C:\Program Files\Microsoft\jdk-17.0.8.7-hotspot\bin\server\jvm.dll
0x00007ffdbfdb0000 - 0x00007ffdbfe63000 	C:\Windows\System32\ADVAPI32.dll
0x00007ffdc0020000 - 0x00007ffdc00c8000 	C:\Windows\System32\sechost.dll
0x00007ffdbe2a0000 - 0x00007ffdbe2c8000 	C:\Windows\System32\bcrypt.dll
0x00007ffdc0230000 - 0x00007ffdc0347000 	C:\Windows\System32\RPCRT4.dll
0x00007ffdbd0d0000 - 0x00007ffdbd11d000 	C:\Windows\SYSTEM32\POWRPROF.dll
0x00007ffdb2390000 - 0x00007ffdb239a000 	C:\Windows\SYSTEM32\VERSION.dll
0x00007ffdb0030000 - 0x00007ffdb0064000 	C:\Windows\SYSTEM32\WINMM.dll
0x00007ffdab7f0000 - 0x00007ffdab7f9000 	C:\Windows\SYSTEM32\WSOCK32.dll
0x00007ffdc0ab0000 - 0x00007ffdc0b21000 	C:\Windows\System32\WS2_32.dll
0x00007ffdbd0b0000 - 0x00007ffdbd0c3000 	C:\Windows\SYSTEM32\UMPDC.dll
0x00007ffdbcf30000 - 0x00007ffdbcf48000 	C:\Windows\SYSTEM32\kernel.appcore.dll
0x00007ffdab170000 - 0x00007ffdab17a000 	C:\Program Files\Microsoft\jdk-17.0.8.7-hotspot\bin\jimage.dll
0x00007ffdbb710000 - 0x00007ffdbb943000 	C:\Windows\SYSTEM32\DBGHELP.DLL
0x00007ffdbfa20000 - 0x00007ffdbfda9000 	C:\Windows\System32\combase.dll
0x00007ffdc04a0000 - 0x00007ffdc0577000 	C:\Windows\System32\OLEAUT32.dll
0x00007ffd9fb40000 - 0x00007ffd9fb72000 	C:\Windows\SYSTEM32\dbgcore.DLL
0x00007ffdbe680000 - 0x00007ffdbe6fa000 	C:\Windows\System32\bcryptPrimitives.dll
0x00007ffda8c60000 - 0x00007ffda8c6e000 	C:\Program Files\Microsoft\jdk-17.0.8.7-hotspot\bin\instrument.dll
0x00007ffd9f510000 - 0x00007ffd9f535000 	C:\Program Files\Microsoft\jdk-17.0.8.7-hotspot\bin\java.dll
0x00007ffd99d80000 - 0x00007ffd99e57000 	C:\Program Files\Microsoft\jdk-17.0.8.7-hotspot\bin\jsvml.dll
0x00007ffdbef60000 - 0x00007ffdbf7ba000 	C:\Windows\System32\SHELL32.dll
0x00007ffdbbdb0000 - 0x00007ffdbc6a6000 	C:\Windows\SYSTEM32\windows.storage.dll
0x00007ffdbbc70000 - 0x00007ffdbbdae000 	C:\Windows\SYSTEM32\wintypes.dll
0x00007ffdbf880000 - 0x00007ffdbf973000 	C:\Windows\System32\SHCORE.dll
0x00007ffdbf9c0000 - 0x00007ffdbfa1e000 	C:\Windows\System32\shlwapi.dll
0x00007ffdbdde0000 - 0x00007ffdbde06000 	C:\Windows\SYSTEM32\profapi.dll
0x00007ffd99d60000 - 0x00007ffd99d78000 	C:\Program Files\Microsoft\jdk-17.0.8.7-hotspot\bin\zip.dll
0x00007ffd9a160000 - 0x00007ffd9a179000 	C:\Program Files\Microsoft\jdk-17.0.8.7-hotspot\bin\net.dll
0x00007ffdb65b0000 - 0x00007ffdb66e7000 	C:\Windows\SYSTEM32\WINHTTP.dll
0x00007ffdbd450000 - 0x00007ffdbd4b9000 	C:\Windows\system32\mswsock.dll
0x00007ffd99e90000 - 0x00007ffd99ea6000 	C:\Program Files\Microsoft\jdk-17.0.8.7-hotspot\bin\nio.dll
0x00007ffdaaa60000 - 0x00007ffdaaa70000 	C:\Program Files\Microsoft\jdk-17.0.8.7-hotspot\bin\verify.dll
0x00007ffd99d30000 - 0x00007ffd99d57000 	C:\Users\Lenovo\.gradle\native\68d5fa5c4cc2d200863cafc0d521ce42e7d3e7ee720ec0a83991735586a16f82\windows-amd64\native-platform.dll
0x00007ffd803a0000 - 0x00007ffd804e4000 	C:\Users\Lenovo\.gradle\native\e376f236ea51e6404a007f0833ffe2c6e607c4080706a723a18a27aeea778392\windows-amd64\native-platform-file-events.dll
0x00007ffda9ab0000 - 0x00007ffda9ab9000 	C:\Program Files\Microsoft\jdk-17.0.8.7-hotspot\bin\management.dll
0x00007ffda9880000 - 0x00007ffda988b000 	C:\Program Files\Microsoft\jdk-17.0.8.7-hotspot\bin\management_ext.dll
0x00007ffdc00d0000 - 0x00007ffdc00d8000 	C:\Windows\System32\PSAPI.DLL
0x00007ffdbd6a0000 - 0x00007ffdbd6bb000 	C:\Windows\SYSTEM32\CRYPTSP.dll
0x00007ffdbce90000 - 0x00007ffdbcec5000 	C:\Windows\system32\rsaenh.dll
0x00007ffdbd540000 - 0x00007ffdbd56c000 	C:\Windows\SYSTEM32\USERENV.dll
0x00007ffdbd6c0000 - 0x00007ffdbd6cc000 	C:\Windows\SYSTEM32\CRYPTBASE.dll
0x00007ffdbc910000 - 0x00007ffdbc93d000 	C:\Windows\SYSTEM32\IPHLPAPI.DLL
0x00007ffdbfed0000 - 0x00007ffdbfed9000 	C:\Windows\System32\NSI.dll
0x00007ffdb6590000 - 0x00007ffdb65a9000 	C:\Windows\SYSTEM32\dhcpcsvc6.DLL
0x00007ffdb6570000 - 0x00007ffdb658f000 	C:\Windows\SYSTEM32\dhcpcsvc.DLL
0x00007ffdbc980000 - 0x00007ffdbca79000 	C:\Windows\SYSTEM32\DNSAPI.dll
0x00007ffda8340000 - 0x00007ffda834e000 	C:\Program Files\Microsoft\jdk-17.0.8.7-hotspot\bin\sunmscapi.dll
0x00007ffdbdeb0000 - 0x00007ffdbe016000 	C:\Windows\System32\CRYPT32.dll
0x00007ffdbd860000 - 0x00007ffdbd88e000 	C:\Windows\SYSTEM32\ncrypt.dll
0x00007ffdbd820000 - 0x00007ffdbd857000 	C:\Windows\SYSTEM32\NTASN1.dll
0x00007ffda62c0000 - 0x00007ffda62c8000 	C:\Windows\system32\wshunix.dll
0x00007ffdb4460000 - 0x00007ffdb446a000 	C:\Windows\System32\rasadhlp.dll
0x00007ffdb5af0000 - 0x00007ffdb5b73000 	C:\Windows\System32\fwpuclnt.dll
0x00007ffd9e5b0000 - 0x00007ffd9e5c7000 	C:\Windows\system32\napinsp.dll
0x00007ffd9e590000 - 0x00007ffd9e5ab000 	C:\Windows\system32\pnrpnsp.dll
0x00007ffd9e490000 - 0x00007ffd9e4a1000 	C:\Windows\System32\winrnr.dll
0x00007ffd9e470000 - 0x00007ffd9e485000 	C:\Windows\system32\wshbth.dll
0x00007ffd9e440000 - 0x00007ffd9e461000 	C:\Windows\system32\nlansp_c.dll

dbghelp: loaded successfully - version: 4.0.5 - missing functions: none
symbol engine: initialized successfully - sym options: 0x614 - pdb path: .;C:\Program Files\Microsoft\jdk-17.0.8.7-hotspot\bin;C:\Windows\SYSTEM32;C:\Windows\WinSxS\amd64_microsoft.windows.common-controls_6595b64144ccf1df_6.0.22621.2506_none_270c5ae97388e100;C:\Program Files\Microsoft\jdk-17.0.8.7-hotspot\bin\server;C:\Users\Lenovo\.gradle\native\68d5fa5c4cc2d200863cafc0d521ce42e7d3e7ee720ec0a83991735586a16f82\windows-amd64;C:\Users\Lenovo\.gradle\native\e376f236ea51e6404a007f0833ffe2c6e607c4080706a723a18a27aeea778392\windows-amd64

VM Arguments:
jvm_args: -XX:MaxMetaspaceSize=512m --add-opens=java.base/java.util=ALL-UNNAMED --add-opens=java.base/java.lang=ALL-UNNAMED --add-opens=java.base/java.lang.invoke=ALL-UNNAMED --add-opens=java.prefs/java.util.prefs=ALL-UNNAMED --add-opens=java.base/java.nio.charset=ALL-UNNAMED --add-opens=java.base/java.net=ALL-UNNAMED --add-opens=java.base/java.util.concurrent.atomic=ALL-UNNAMED -Xmx2048m -Dfile.encoding=windows-1252 -Duser.country=IN -Duser.language=en -Duser.variant -javaagent:C:\Users\Lenovo\.gradle\wrapper\dists\gradle-8.3-all\6en3ugtfdg5xnpx44z4qbwgas\gradle-8.3\lib\agents\gradle-instrumentation-agent-8.3.jar 
java_command: org.gradle.launcher.daemon.bootstrap.GradleDaemon 8.3
java_class_path (initial): C:\Users\Lenovo\.gradle\wrapper\dists\gradle-8.3-all\6en3ugtfdg5xnpx44z4qbwgas\gradle-8.3\lib\gradle-launcher-8.3.jar
Launcher Type: SUN_STANDARD

[Global flags]
     intx CICompilerCount                          = 3                                         {product} {ergonomic}
   size_t CompressedClassSpaceSize                 = 436207616                                 {product} {ergonomic}
     uint ConcGCThreads                            = 1                                         {product} {ergonomic}
     uint G1ConcRefinementThreads                  = 4                                         {product} {ergonomic}
   size_t G1HeapRegionSize                         = 1048576                                   {product} {ergonomic}
    uintx GCDrainStackTargetSize                   = 64                                        {product} {ergonomic}
   size_t InitialHeapSize                          = 132120576                                 {product} {ergonomic}
   size_t MarkStackSize                            = 4194304                                   {product} {ergonomic}
   size_t MaxHeapSize                              = 2147483648                                {product} {command line}
   size_t MaxMetaspaceSize                         = 536870912                                 {product} {command line}
   size_t MaxNewSize                               = 1287651328                                {product} {ergonomic}
   size_t MinHeapDeltaBytes                        = 1048576                                   {product} {ergonomic}
   size_t MinHeapSize                              = 8388608                                   {product} {ergonomic}
    uintx NonNMethodCodeHeapSize                   = 5832780                                {pd product} {ergonomic}
    uintx NonProfiledCodeHeapSize                  = 122912730                              {pd product} {ergonomic}
    uintx ProfiledCodeHeapSize                     = 122912730                              {pd product} {ergonomic}
    uintx ReservedCodeCacheSize                    = 251658240                              {pd product} {ergonomic}
     bool SegmentedCodeCache                       = true                                      {product} {ergonomic}
   size_t SoftMaxHeapSize                          = 2147483648                             {manageable} {ergonomic}
     bool UseCompressedClassPointers               = true                           {product lp64_product} {ergonomic}
     bool UseCompressedOops                        = true                           {product lp64_product} {ergonomic}
     bool UseG1GC                                  = true                                      {product} {ergonomic}
     bool UseLargePagesIndividualAllocation        = false                                  {pd product} {ergonomic}

Logging:
Log output configuration:
 #0: stdout all=warning uptime,level,tags
 #1: stderr all=off uptime,level,tags

Environment Variables:
JAVA_HOME=C:\Program Files\Microsoft\jdk-17.0.8.7-hotspot
CLASSPATH=D:\all projects\Native cli\Myportfolio\PortfolioProject\android\\gradle\wrapper\gradle-wrapper.jar
PATH=D:\all projects\Native cli\Myportfolio\PortfolioProject\node_modules\.bin;D:\all projects\Native cli\Myportfolio\PortfolioProject\node_modules\.bin;D:\all projects\Native cli\Myportfolio\node_modules\.bin;D:\all projects\Native cli\node_modules\.bin;D:\all projects\node_modules\.bin;D:\node_modules\.bin;C:\Program Files\nodejs\node_modules\npm\node_modules\@npmcli\run-script\lib\node-gyp-bin;D:\all projects\Native cli\Myportfolio\PortfolioProject\node_modules\.bin;D:\all projects\Native cli\Myportfolio\node_modules\.bin;D:\all projects\Native cli\node_modules\.bin;D:\all projects\node_modules\.bin;D:\node_modules\.bin;C:\Program Files\nodejs\node_modules\npm\node_modules\@npmcli\run-script\lib\node-gyp-bin;C:\Program Files\Microsoft\jdk-17.0.8.7-hotspot\bin;C:\Windows\system32;C:\Windows;C:\Windows\System32\Wbem;C:\Windows\System32\WindowsPowerShell\v1.0\;C:\Windows\System32\OpenSSH\;C:\Program Files\Git\cmd;C:\ProgramData\chocolatey\bin;C:\Program Files\nodejs\;C:\Users\Lenovo\AppData\Local\Microsoft\WindowsApps;C:\Users\Lenovo\AppData\Local\Programs\Microsoft VS Code\bin;C:\Users\Lenovo\AppData\Roaming\npm;C:\Users\Lenovo\AppData\Local\Android\Sdk\platform-tools;
USERNAME=Lenovo
LANG=en_US.UTF-8
OS=Windows_NT
PROCESSOR_IDENTIFIER=Intel64 Family 6 Model 140 Stepping 1, GenuineIntel
TMP=C:\Users\Lenovo\AppData\Local\Temp
TEMP=C:\Users\Lenovo\AppData\Local\Temp



---------------  S Y S T E M  ---------------

OS:
 Windows 11 , 64 bit Build 22621 (10.0.22621.2506)
OS uptime: 3 days 22:28 hours
Hyper-V role detected

CPU: total 4 (initial active 4) (2 cores per cpu, 2 threads per core) family 6 model 140 stepping 1 microcode 0xa6, cx8, cmov, fxsr, ht, mmx, 3dnowpref, sse, sse2, sse3, ssse3, sse4.1, sse4.2, popcnt, lzcnt, tsc, tscinvbit, avx, avx2, aes, erms, clmul, bmi1, bmi2, adx, avx512f, avx512dq, avx512cd, avx512bw, avx512vl, sha, fma, vzeroupper, avx512_vpopcntdq, avx512_vpclmulqdq, avx512_vaes, avx512_vnni, clflush, clflushopt, clwb, avx512_vbmi2, avx512_vbmi, hv
Processor Information for all 4 processors :
  Max Mhz: 2995, Current Mhz: 2995, Mhz Limit: 2995

Memory: 4k page, system-wide physical 7991M (839M free)
TotalPageFile size 14903M (AvailPageFile size 5365M)
current process WorkingSet (physical memory assigned to process): 564M, peak: 567M
current process commit charge ("private bytes"): 599M, peak: 602M

vm_info: OpenJDK 64-Bit Server VM (17.0.8+7-LTS) for windows-amd64 JRE (17.0.8+7-LTS), built on Jul  7 2023 17:21:55 by "MicrosoftCorporation" with MS VC++ 16.10 / 16.11 (VS2019)

END.
